PRT1
61
131
4 0 14 (2304 0 1024 ) (2048 0 1024 ) (2048 0 130 ) (2304 0 130 ) 
4 0 2 (2048 0 130 ) (2048 0 1024 ) (2048 256 1024 ) (2048 256 130 ) 
4 1 15 (2304 0 128 ) (2048 0 128 ) (2048 0 2 ) (2304 0 2 ) 
4 1 4 (2048 0 2 ) (2048 0 128 ) (2048 256 128 ) (2048 256 2 ) 
4 2 16 (2048 0 130 ) (2048 0 1024 ) (1792 0 1024 ) (1792 0 130 ) 
4 2 3 (1792 0 130 ) (1792 0 1024 ) (1792 256 1024 ) (1792 256 130 ) 
4 3 19 (1152 0 1024 ) (1152 0 128 ) (1792 0 128 ) (1792 0 1024 ) 
4 3 10 (1152 448 252 ) (1152 448 128 ) (1152 128 128 ) (1152 128 252 ) 
4 3 9 (1152 128 256 ) (1152 0 256 ) (1152 0 464 ) (1152 128 464 ) 
4 3 8 (1152 448 1022 ) (1152 448 256 ) (1152 128 256 ) (1152 128 1022 ) 
4 3 7 (1152 448 1024 ) (1152 448 1022 ) (1152 0 1022 ) (1152 0 1024 ) 
4 3 6 (1152 0 128 ) (1152 448 128 ) (1792 448 128 ) (1792 0 128 ) 
4 4 17 (2048 0 2 ) (2048 0 128 ) (1794 0 128 ) (1794 0 2 ) 
4 4 5 (1794 96 2 ) (1794 0 2 ) (1794 0 128 ) (1794 96 128 ) 
4 5 18 (1794 0 128 ) (1792 0 128 ) (1792 0 2 ) (1794 0 2 ) 
4 5 6 (1792 96 2 ) (1792 0 2 ) (1792 0 128 ) (1792 96 128 ) 
4 6 19 (1792 0 128 ) (1152 0 128 ) (1152 0 2 ) (1792 0 2 ) 
4 6 11 (1152 448 128 ) (1152 448 2 ) (1152 128 2 ) (1152 128 128 ) 
4 7 27 (1024 0 1022 ) (1024 0 1024 ) (1024 448 1024 ) (1024 448 1022 ) 
4 7 20 (1152 0 1022 ) (1152 0 1024 ) (1024 0 1024 ) (1024 0 1022 ) 
4 7 8 (1024 128 1022 ) (1024 448 1022 ) (1152 448 1022 ) (1152 128 1022 ) 
4 8 28 (1024 128 1022 ) (1024 448 1022 ) (1024 448 256 ) (1024 128 256 ) 
4 8 9 (1024 128 256 ) (1152 128 256 ) (1152 128 464 ) (1024 128 464 ) 
4 9 29 (1024 0 256 ) (1024 0 464 ) (1024 128 464 ) (1024 128 256 ) 
4 9 21 (1152 0 256 ) (1152 0 464 ) (1024 0 464 ) (1024 0 256 ) 
4 10 30 (1024 128 128 ) (1024 128 252 ) (1024 448 252 ) (1024 448 128 ) 
4 10 12 (1024 352 128 ) (1024 448 128 ) (1056 448 128 ) (1056 352 128 ) 
4 10 13 (1024 240 128 ) (1024 352 128 ) (1056 352 128 ) (1056 240 128 ) 
4 10 11 (1152 128 128 ) (1056 128 128 ) (1056 448 128 ) (1152 448 128 ) 
4 11 12 (1056 352 128 ) (1056 448 128 ) (1056 448 120 ) (1056 352 120 ) 
4 11 13 (1056 240 128 ) (1056 352 128 ) (1056 352 2 ) (1056 240 2 ) 
4 12 31 (1024 352 128 ) (1024 448 128 ) (1024 448 120 ) (1024 352 120 ) 
4 12 13 (1056 352 120 ) (1056 352 128 ) (1024 352 128 ) (1024 352 120 ) 
4 13 32 (1024 240 128 ) (1024 352 128 ) (1024 352 2 ) (1024 240 2 ) 
4 14 16 (2048 0 1024 ) (2048 0 130 ) (2048 -256 130 ) (2048 -256 1024 ) 
4 15 17 (2048 0 128 ) (2048 0 2 ) (2048 -256 2 ) (2048 -256 128 ) 
4 16 19 (1792 -256 130 ) (1792 -256 1024 ) (1792 0 1024 ) (1792 0 130 ) 
4 17 18 (1794 0 2 ) (1794 -96 2 ) (1794 -96 128 ) (1794 0 128 ) 
4 18 19 (1792 0 128 ) (1792 0 2 ) (1792 -96 2 ) (1792 -96 128 ) 
4 19 24 (1152 -128 2 ) (1152 -448 2 ) (1152 -448 124 ) (1152 -128 124 ) 
4 19 23 (1152 -448 124 ) (1152 -448 252 ) (1152 -128 252 ) (1152 -128 124 ) 
4 19 21 (1152 0 464 ) (1152 0 256 ) (1152 -128 256 ) (1152 -128 464 ) 
4 19 22 (1152 -128 256 ) (1152 -448 256 ) (1152 -448 1022 ) (1152 -128 1022 ) 
4 19 20 (1152 0 1024 ) (1152 0 1022 ) (1152 -448 1022 ) (1152 -448 1024 ) 
4 20 44 (1024 -448 1022 ) (1024 -448 1024 ) (1024 0 1024 ) (1024 0 1022 ) 
4 20 22 (1152 -128 1022 ) (1152 -448 1022 ) (1024 -448 1022 ) (1024 -128 1022 ) 
4 21 45 (1024 0 464 ) (1024 0 256 ) (1024 -128 256 ) (1024 -128 464 ) 
4 21 22 (1024 -128 256 ) (1152 -128 256 ) (1152 -128 464 ) (1024 -128 464 ) 
4 22 46 (1024 -448 256 ) (1024 -448 1022 ) (1024 -128 1022 ) (1024 -128 256 ) 
4 23 47 (1024 -448 124 ) (1024 -448 252 ) (1024 -128 252 ) (1024 -128 124 ) 
4 23 26 (1056 -224 124 ) (1056 -336 124 ) (1024 -336 124 ) (1024 -224 124 ) 
4 23 25 (1024 -128 124 ) (1056 -128 124 ) (1056 -224 124 ) (1024 -224 124 ) 
4 23 24 (1056 -128 124 ) (1152 -128 124 ) (1152 -448 124 ) (1056 -448 124 ) 
4 24 26 (1056 -336 124 ) (1056 -224 124 ) (1056 -224 2 ) (1056 -336 2 ) 
4 24 25 (1056 -224 124 ) (1056 -128 124 ) (1056 -128 116 ) (1056 -224 116 ) 
4 25 48 (1024 -224 116 ) (1024 -224 124 ) (1024 -128 124 ) (1024 -128 116 ) 
4 25 26 (1056 -224 116 ) (1056 -224 124 ) (1024 -224 124 ) (1024 -224 116 ) 
4 26 49 (1024 -336 2 ) (1024 -336 124 ) (1024 -224 124 ) (1024 -224 2 ) 
4 27 44 (1024 0 1022 ) (1024 0 1024 ) (896 0 1024 ) (896 0 1022 ) 
4 27 35 (896 258 1022 ) (896 0 1022 ) (896 0 1024 ) (896 258 1024 ) 
4 27 34 (896 448 1024 ) (896 448 1022 ) (896 258 1022 ) (896 258 1024 ) 
4 27 28 (896 128 1022 ) (896 448 1022 ) (1024 448 1022 ) (1024 128 1022 ) 
4 28 37 (896 256 256 ) (896 128 256 ) (896 128 1022 ) (896 256 1022 ) 
4 28 36 (896 258 256 ) (896 256 256 ) (896 256 1022 ) (896 258 1022 ) 
4 28 34 (896 448 1022 ) (896 448 256 ) (896 258 256 ) (896 258 1022 ) 
4 28 29 (896 128 256 ) (1024 128 256 ) (1024 128 464 ) (896 128 464 ) 
4 29 45 (1024 0 256 ) (1024 0 464 ) (896 0 464 ) (896 0 256 ) 
4 29 37 (896 128 256 ) (896 0 256 ) (896 0 464 ) (896 128 464 ) 
4 30 37 (896 256 128 ) (896 128 128 ) (896 128 252 ) (896 256 252 ) 
4 30 36 (896 258 128 ) (896 256 128 ) (896 256 252 ) (896 258 252 ) 
4 30 34 (896 448 252 ) (896 448 128 ) (896 258 128 ) (896 258 252 ) 
4 30 33 (992 128 128 ) (896 128 128 ) (896 448 128 ) (992 448 128 ) 
4 30 31 (992 352 128 ) (992 448 128 ) (1024 448 128 ) (1024 352 128 ) 
4 30 32 (992 240 128 ) (992 352 128 ) (1024 352 128 ) (1024 240 128 ) 
4 31 33 (992 352 128 ) (992 448 128 ) (992 448 120 ) (992 352 120 ) 
4 31 32 (992 352 128 ) (992 352 120 ) (1024 352 120 ) (1024 352 128 ) 
4 32 33 (992 240 128 ) (992 352 128 ) (992 352 2 ) (992 240 2 ) 
4 33 39 (896 448 128 ) (896 448 2 ) (896 128 2 ) (896 128 128 ) 
4 34 39 (256 448 128 ) (896 448 128 ) (896 258 128 ) (256 258 128 ) 
4 34 36 (256 258 128 ) (896 258 128 ) (896 258 1022 ) (256 258 1022 ) 
4 34 35 (896 258 1022 ) (896 258 1024 ) (258 258 1024 ) (258 258 1022 ) 
4 35 51 (896 0 1022 ) (896 0 1024 ) (258 0 1024 ) (258 0 1022 ) 
4 35 37 (896 256 1022 ) (896 0 1022 ) (258 0 1022 ) (258 256 1022 ) 
4 35 36 (258 258 1022 ) (896 258 1022 ) (896 256 1022 ) (258 256 1022 ) 
4 36 39 (256 258 128 ) (896 258 128 ) (896 256 128 ) (256 256 128 ) 
4 36 37 (256 256 128 ) (896 256 128 ) (896 256 1022 ) (256 256 1022 ) 
4 37 52 (896 0 128 ) (896 0 1022 ) (256 0 1022 ) (256 0 128 ) 
4 37 39 (256 256 128 ) (896 256 128 ) (896 0 128 ) (256 0 128 ) 
4 37 38 (256 256 1022 ) (256 256 130 ) (256 0 130 ) (256 0 1022 ) 
4 38 53 (256 0 1022 ) (0 0 1022 ) (0 0 130 ) (256 0 130 ) 
4 38 42 (0 0 130 ) (0 0 1022 ) (0 256 1022 ) (0 256 130 ) 
4 39 56 (896 0 2 ) (896 0 128 ) (256 0 128 ) (256 0 2 ) 
4 39 40 (256 96 2 ) (256 0 2 ) (256 0 128 ) (256 96 128 ) 
4 40 57 (256 0 128 ) (252 0 128 ) (252 0 2 ) (256 0 2 ) 
4 40 41 (252 0 2 ) (252 0 128 ) (252 96 128 ) (252 96 2 ) 
4 41 58 (252 0 2 ) (252 0 128 ) (0 0 128 ) (0 0 2 ) 
4 41 43 (0 0 2 ) (0 0 128 ) (0 256 128 ) (0 256 2 ) 
4 42 59 (0 0 130 ) (0 0 1022 ) (-254 0 1022 ) (-254 0 130 ) 
4 43 60 (0 0 2 ) (0 0 128 ) (-254 0 128 ) (-254 0 2 ) 
4 44 55 (896 -448 1022 ) (896 -448 1024 ) (896 -258 1024 ) (896 -258 1022 ) 
4 44 51 (896 -258 1024 ) (896 0 1024 ) (896 0 1022 ) (896 -258 1022 ) 
4 44 46 (1024 -448 1022 ) (896 -448 1022 ) (896 -128 1022 ) (1024 -128 1022 ) 
4 45 52 (896 0 464 ) (896 0 256 ) (896 -128 256 ) (896 -128 464 ) 
4 45 46 (896 -128 256 ) (1024 -128 256 ) (1024 -128 464 ) (896 -128 464 ) 
4 46 55 (896 -448 256 ) (896 -448 1022 ) (896 -258 1022 ) (896 -258 256 ) 
4 46 54 (896 -258 1022 ) (896 -256 1022 ) (896 -256 256 ) (896 -258 256 ) 
4 46 52 (896 -256 1022 ) (896 -128 1022 ) (896 -128 256 ) (896 -256 256 ) 
4 47 56 (896 -448 124 ) (896 -448 128 ) (896 -128 128 ) (896 -128 124 ) 
4 47 55 (896 -448 128 ) (896 -448 252 ) (896 -258 252 ) (896 -258 128 ) 
4 47 54 (896 -258 252 ) (896 -256 252 ) (896 -256 128 ) (896 -258 128 ) 
4 47 52 (896 -256 252 ) (896 -128 252 ) (896 -128 128 ) (896 -256 128 ) 
4 47 50 (992 -448 124 ) (896 -448 124 ) (896 -128 124 ) (992 -128 124 ) 
4 47 49 (992 -336 124 ) (992 -224 124 ) (1024 -224 124 ) (1024 -336 124 ) 
4 47 48 (992 -224 124 ) (992 -128 124 ) (1024 -128 124 ) (1024 -224 124 ) 
4 48 50 (992 -224 124 ) (992 -128 124 ) (992 -128 116 ) (992 -224 116 ) 
4 48 49 (992 -224 124 ) (992 -224 116 ) (1024 -224 116 ) (1024 -224 124 ) 
4 49 50 (992 -336 124 ) (992 -224 124 ) (992 -224 2 ) (992 -336 2 ) 
4 50 56 (896 -448 2 ) (896 -448 124 ) (896 -128 124 ) (896 -128 2 ) 
4 51 55 (896 -258 1022 ) (896 -258 1024 ) (258 -258 1024 ) (258 -258 1022 ) 
4 51 54 (896 -258 1022 ) (258 -258 1022 ) (258 -256 1022 ) (896 -256 1022 ) 
4 51 52 (258 -256 1022 ) (258 0 1022 ) (896 0 1022 ) (896 -256 1022 ) 
4 52 56 (896 0 128 ) (896 -256 128 ) (256 -256 128 ) (256 0 128 ) 
4 52 54 (256 -256 128 ) (896 -256 128 ) (896 -256 1022 ) (256 -256 1022 ) 
4 52 53 (256 -256 130 ) (256 -256 1022 ) (256 0 1022 ) (256 0 130 ) 
4 53 59 (0 0 1022 ) (0 0 130 ) (0 -256 130 ) (0 -256 1022 ) 
4 54 56 (896 -256 128 ) (896 -258 128 ) (256 -258 128 ) (256 -256 128 ) 
4 54 55 (256 -258 128 ) (896 -258 128 ) (896 -258 1022 ) (256 -258 1022 ) 
4 55 56 (896 -258 128 ) (896 -448 128 ) (256 -448 128 ) (256 -258 128 ) 
4 56 57 (256 -96 128 ) (256 0 128 ) (256 0 2 ) (256 -96 2 ) 
4 57 58 (252 0 2 ) (252 -96 2 ) (252 -96 128 ) (252 0 128 ) 
4 58 60 (0 0 128 ) (0 0 2 ) (0 -256 2 ) (0 -256 128 ) 
