PRT1
48
98
4 0 12 (2304 0 1024 ) (2048 0 1024 ) (2048 0 130 ) (2304 0 130 ) 
4 0 2 (2048 0 130 ) (2048 0 1024 ) (2048 256 1024 ) (2048 256 130 ) 
4 1 13 (2304 0 128 ) (2048 0 128 ) (2048 0 2 ) (2304 0 2 ) 
4 1 6 (2048 0 2 ) (2048 0 128 ) (2048 256 128 ) (2048 256 2 ) 
4 2 14 (2048 0 130 ) (2048 0 1024 ) (1792 0 1024 ) (1792 0 130 ) 
4 2 4 (1792 0 130 ) (1792 0 1022 ) (1792 256 1022 ) (1792 256 130 ) 
4 2 3 (1792 0 1022 ) (1792 0 1024 ) (1792 256 1024 ) (1792 256 1022 ) 
4 3 24 (1024 0 1022 ) (1024 0 1024 ) (1024 258 1024 ) (1024 258 1022 ) 
4 3 23 (1024 258 1024 ) (1024 448 1024 ) (1024 448 1022 ) (1024 258 1022 ) 
4 3 17 (1024 0 1024 ) (1024 0 1022 ) (1792 0 1022 ) (1792 0 1024 ) 
4 3 5 (1024 128 1022 ) (1024 448 1022 ) (1152 448 1022 ) (1152 128 1022 ) 
4 3 4 (1152 448 1022 ) (1792 448 1022 ) (1792 0 1022 ) (1152 0 1022 ) 
4 4 18 (1152 0 128 ) (1792 0 128 ) (1792 0 1022 ) (1152 0 1022 ) 
4 4 8 (1792 0 128 ) (1152 0 128 ) (1152 448 128 ) (1792 448 128 ) 
4 4 5 (1152 448 128 ) (1152 128 128 ) (1152 128 1022 ) (1152 448 1022 ) 
4 5 25 (1024 128 1022 ) (1024 448 1022 ) (1024 448 128 ) (1024 128 128 ) 
4 5 11 (1024 240 128 ) (1024 352 128 ) (1056 352 128 ) (1056 240 128 ) 
4 5 10 (1024 352 128 ) (1024 448 128 ) (1056 448 128 ) (1056 352 128 ) 
4 5 9 (1056 448 128 ) (1152 448 128 ) (1152 128 128 ) (1056 128 128 ) 
4 6 15 (2048 0 2 ) (2048 0 128 ) (1794 0 128 ) (1794 0 2 ) 
4 6 7 (1794 96 2 ) (1794 0 2 ) (1794 0 128 ) (1794 96 128 ) 
4 7 16 (1794 0 128 ) (1792 0 128 ) (1792 0 2 ) (1794 0 2 ) 
4 7 8 (1792 96 2 ) (1792 0 2 ) (1792 0 128 ) (1792 96 128 ) 
4 8 18 (1792 0 128 ) (1152 0 128 ) (1152 0 2 ) (1792 0 2 ) 
4 8 9 (1152 448 2 ) (1152 128 2 ) (1152 128 128 ) (1152 448 128 ) 
4 9 11 (1056 352 2 ) (1056 240 2 ) (1056 240 128 ) (1056 352 128 ) 
4 9 10 (1056 352 120 ) (1056 352 128 ) (1056 448 128 ) (1056 448 120 ) 
4 10 28 (1024 352 128 ) (1024 448 128 ) (1024 448 120 ) (1024 352 120 ) 
4 10 11 (1056 352 120 ) (1056 352 128 ) (1024 352 128 ) (1024 352 120 ) 
4 11 29 (1024 240 128 ) (1024 352 128 ) (1024 352 2 ) (1024 240 2 ) 
4 12 14 (2048 0 1024 ) (2048 0 130 ) (2048 -256 130 ) (2048 -256 1024 ) 
4 13 15 (2048 0 128 ) (2048 0 2 ) (2048 -256 2 ) (2048 -256 128 ) 
4 14 19 (1792 -128 130 ) (1792 -256 130 ) (1792 -256 1022 ) (1792 -128 1022 ) 
4 14 18 (1792 0 1022 ) (1792 0 130 ) (1792 -128 130 ) (1792 -128 1022 ) 
4 14 17 (1792 0 1024 ) (1792 0 1022 ) (1792 -256 1022 ) (1792 -256 1024 ) 
4 15 16 (1794 0 2 ) (1794 -96 2 ) (1794 -96 128 ) (1794 0 128 ) 
4 16 18 (1792 0 128 ) (1792 0 2 ) (1792 -96 2 ) (1792 -96 128 ) 
4 17 37 (1024 -448 1022 ) (1024 -448 1024 ) (1024 -258 1024 ) (1024 -258 1022 ) 
4 17 36 (1024 -258 1024 ) (1024 0 1024 ) (1024 0 1022 ) (1024 -258 1022 ) 
4 17 20 (1056 -448 1022 ) (1024 -448 1022 ) (1024 -128 1022 ) (1056 -128 1022 ) 
4 17 19 (1792 -128 1022 ) (1792 -448 1022 ) (1056 -448 1022 ) (1056 -128 1022 ) 
4 17 18 (1792 0 1022 ) (1792 -128 1022 ) (1152 -128 1022 ) (1152 0 1022 ) 
4 18 19 (1792 -128 2 ) (1792 -128 1022 ) (1152 -128 1022 ) (1152 -128 2 ) 
4 19 22 (1056 -224 2 ) (1056 -336 2 ) (1056 -336 124 ) (1056 -224 124 ) 
4 19 21 (1056 -128 124 ) (1056 -128 116 ) (1056 -224 116 ) (1056 -224 124 ) 
4 19 20 (1056 -128 1022 ) (1056 -128 124 ) (1056 -448 124 ) (1056 -448 1022 ) 
4 20 39 (1024 -448 124 ) (1024 -448 1022 ) (1024 -128 1022 ) (1024 -128 124 ) 
4 20 22 (1056 -224 124 ) (1056 -336 124 ) (1024 -336 124 ) (1024 -224 124 ) 
4 20 21 (1024 -128 124 ) (1056 -128 124 ) (1056 -224 124 ) (1024 -224 124 ) 
4 21 40 (1024 -224 116 ) (1024 -224 124 ) (1024 -128 124 ) (1024 -128 116 ) 
4 21 22 (1056 -224 116 ) (1056 -224 124 ) (1024 -224 124 ) (1024 -224 116 ) 
4 22 41 (1024 -336 2 ) (1024 -336 124 ) (1024 -224 124 ) (1024 -224 2 ) 
4 23 25 (896 448 1022 ) (1024 448 1022 ) (1024 258 1022 ) (896 258 1022 ) 
4 23 26 (256 448 1022 ) (896 448 1022 ) (896 258 1022 ) (256 258 1022 ) 
4 23 24 (258 258 1022 ) (1024 258 1022 ) (1024 258 1024 ) (258 258 1024 ) 
4 24 36 (1024 0 1022 ) (1024 0 1024 ) (258 0 1024 ) (258 0 1022 ) 
4 24 25 (896 258 1022 ) (1024 258 1022 ) (1024 128 1022 ) (896 128 1022 ) 
4 24 26 (258 258 1022 ) (896 258 1022 ) (896 0 1022 ) (258 0 1022 ) 
4 25 29 (1024 352 128 ) (1024 240 128 ) (992 240 128 ) (992 352 128 ) 
4 25 28 (992 448 128 ) (1024 448 128 ) (1024 352 128 ) (992 352 128 ) 
4 25 30 (896 128 128 ) (896 448 128 ) (992 448 128 ) (992 128 128 ) 
4 25 26 (896 448 128 ) (896 128 128 ) (896 128 1022 ) (896 448 1022 ) 
4 26 38 (896 0 1022 ) (256 0 1022 ) (256 0 128 ) (896 0 128 ) 
4 26 31 (896 0 128 ) (256 0 128 ) (256 448 128 ) (896 448 128 ) 
4 26 27 (256 0 130 ) (256 0 1022 ) (256 256 1022 ) (256 256 130 ) 
4 27 43 (256 0 1022 ) (0 0 1022 ) (0 0 130 ) (256 0 130 ) 
4 27 34 (0 0 130 ) (0 0 1022 ) (0 256 1022 ) (0 256 130 ) 
4 28 29 (992 352 128 ) (992 352 120 ) (1024 352 120 ) (1024 352 128 ) 
4 28 30 (992 352 120 ) (992 352 128 ) (992 448 128 ) (992 448 120 ) 
4 29 30 (992 352 2 ) (992 240 2 ) (992 240 128 ) (992 352 128 ) 
4 30 31 (896 128 128 ) (896 448 128 ) (896 448 2 ) (896 128 2 ) 
4 31 38 (896 0 2 ) (896 0 128 ) (256 0 128 ) (256 0 2 ) 
4 31 32 (256 96 2 ) (256 0 2 ) (256 0 128 ) (256 96 128 ) 
4 32 44 (256 0 128 ) (252 0 128 ) (252 0 2 ) (256 0 2 ) 
4 32 33 (252 0 2 ) (252 0 128 ) (252 96 128 ) (252 96 2 ) 
4 33 45 (252 0 2 ) (252 0 128 ) (0 0 128 ) (0 0 2 ) 
4 33 35 (0 0 2 ) (0 0 128 ) (0 256 128 ) (0 256 2 ) 
4 34 46 (0 0 130 ) (0 0 1022 ) (-254 0 1022 ) (-254 0 130 ) 
4 35 47 (0 0 2 ) (0 0 128 ) (-254 0 128 ) (-254 0 2 ) 
4 36 42 (992 -258 1022 ) (258 -258 1022 ) (258 -128 1022 ) (992 -128 1022 ) 
4 36 39 (1024 -128 1022 ) (1024 -258 1022 ) (992 -258 1022 ) (992 -128 1022 ) 
4 36 38 (258 0 1022 ) (896 0 1022 ) (896 -128 1022 ) (258 -128 1022 ) 
4 36 37 (258 -258 1022 ) (1024 -258 1022 ) (1024 -258 1024 ) (258 -258 1024 ) 
4 37 42 (992 -448 1022 ) (256 -448 1022 ) (256 -258 1022 ) (992 -258 1022 ) 
4 37 39 (1024 -448 1022 ) (992 -448 1022 ) (992 -258 1022 ) (1024 -258 1022 ) 
4 38 44 (256 0 128 ) (256 0 2 ) (256 -96 2 ) (256 -96 128 ) 
4 38 43 (256 -128 1022 ) (256 0 1022 ) (256 0 130 ) (256 -128 130 ) 
4 38 42 (256 -128 1022 ) (256 -128 2 ) (896 -128 2 ) (896 -128 1022 ) 
4 39 42 (992 -128 1022 ) (992 -128 124 ) (992 -448 124 ) (992 -448 1022 ) 
4 39 41 (992 -336 124 ) (992 -224 124 ) (1024 -224 124 ) (1024 -336 124 ) 
4 39 40 (992 -224 124 ) (992 -128 124 ) (1024 -128 124 ) (1024 -224 124 ) 
4 40 42 (992 -128 124 ) (992 -128 116 ) (992 -224 116 ) (992 -224 124 ) 
4 40 41 (1024 -224 124 ) (992 -224 124 ) (992 -224 116 ) (1024 -224 116 ) 
4 41 42 (992 -336 2 ) (992 -336 124 ) (992 -224 124 ) (992 -224 2 ) 
4 42 43 (256 -256 1022 ) (256 -128 1022 ) (256 -128 130 ) (256 -256 130 ) 
4 43 46 (0 0 1022 ) (0 0 130 ) (0 -256 130 ) (0 -256 1022 ) 
4 44 45 (252 0 2 ) (252 -96 2 ) (252 -96 128 ) (252 0 128 ) 
4 45 47 (0 0 128 ) (0 0 2 ) (0 -256 2 ) (0 -256 128 ) 
