


materialPath: D:\SteamLibrary\steamapps\common\Team Fortress 2\tf\materials
Loading D:\SteamLibrary\steamapps\common\Team Fortress 2\tf\maps\cp_CE_TF2map_V1_5.vmf
Patching WVT material: maps/cp_ce_tf2map_v1_5/brick/blendcobbletocobblesnow001_wvt_patch
Patching WVT material: maps/cp_ce_tf2map_v1_5/winter/blendgraveltograss001_wvt_patch
fixing up env_cubemap materials on brush sides...
0...1...2...3...4...5...6...7...8...9...100...1...2...3...4...5...6...7...8...9...10Processing areas...done (0)
Building Faces...done (0)
FixTjuncs...
PruneNodes...
WriteBSP...
done (0)
writing D:\SteamLibrary\steamapps\common\Team Fortress 2\tf\maps\cp_CE_TF2map_V1_5.prt...Building visibility clusters...
done (0)
*** Error: Skybox vtf files for skybox/sky_night_01 weren't compiled with the same size texture and/or same flags!
Can't load skybox file skybox/sky_night_01 to build the default cubemap!
*** Error: Skybox vtf files for skybox/sky_night_01 weren't compiled with the same size texture and/or same flags!
Can't load skybox file skybox/sky_night_01 to build the default cubemap!
Finding displacement neighbors...
Finding lightmap sample positions...
Displacement Alpha : 0...1...2...3...4...5...6...7...8...9...10
Building Physics collision data...
done (0) (79171 bytes)
Placing detail props : 0...1...2...3...4...5...6...7...8...9...10
Compacting texture/material tables...
Reduced 178 texinfos to 107
Reduced 14 texdatas to 10 (441 bytes to 261)
Writing D:\SteamLibrary\steamapps\common\Team Fortress 2\tf\maps\cp_CE_TF2map_V1_5.bsp
Wrote ZIP buffer, estimated size 1580, actual size 1232
0 seconds elapsed



16 threads
reading d:\steamlibrary\steamapps\common\team fortress 2\tf\maps\cp_CE_TF2map_V1_5.bsp
reading d:\steamlibrary\steamapps\common\team fortress 2\tf\maps\cp_CE_TF2map_V1_5.prt
 292 portalclusters
 725 numportals
0...1...2...3...4...5...6...7...8...9...100...1...2...3...4...5...6...7...8...9...10Optimized: 196 visible clusters (0.34%)
Total clusters visible: 58178
Average clusters visible: 199
Building PAS...
Average clusters audible: 292
visdatasize:23840  compressed from 23360
writing d:\steamlibrary\steamapps\common\team fortress 2\tf\maps\cp_CE_TF2map_V1_5.bsp
0 seconds elapsed



[Reading texlights from 'lights.rad']
[56 texlights parsed from 'lights.rad']

Loading d:\steamlibrary\steamapps\common\team fortress 2\tf\maps\cp_CE_TF2map_V1_5.bsp
1093 faces
222319 square feet [32014034.00 square inches]
0 Displacements
0 Square Feet [0.00 Square Inches]
1093 patches before subdivision
14449 patches after subdivision
58 direct lights
0...1...2...3...4...5...6...7...8...9...100...1...2...3...4...5...6...7...8...9...10transfers 1390144, max 406
transfer lists:  10.6 megs
0...1...2...3...4...5...6...7...8...9...10	Bounce #1 added RGB(24777, 21620, 24073)
0...1...2...3...4...5...6...7...8...9...10	Bounce #2 added RGB(8494, 6743, 6900)
0...1...2...3...4...5...6...7...8...9...10	Bounce #3 added RGB(2592, 1872, 1804)
0...1...2...3...4...5...6...7...8...9...10	Bounce #4 added RGB(910, 603, 536)
0...1...2...3...4...5...6...7...8...9...10	Bounce #5 added RGB(297, 179, 149)
0...1...2...3...4...5...6...7...8...9...10	Bounce #6 added RGB(104, 58, 45)
0...1...2...3...4...5...6...7...8...9...10	Bounce #7 added RGB(35, 18, 13)
0...1...2...3...4...5...6...7...8...9...10	Bounce #8 added RGB(12, 6, 4)
0...1...2...3...4...5...6...7...8...9...10	Bounce #9 added RGB(4, 2, 1)
0...1...2...3...4...5...6...7...8...9...10	Bounce #10 added RGB(2, 1, 0)
0...1...2...3...4...5...6...7...8...9...10	Bounce #11 added RGB(1, 0, 0)
Build Patch/Sample Hash Table(s).....Done<0.0015 sec>
0...1...2...3...4...5...6...7...8...9...10FinalLightFace Done
0 of 0 (0% of) surface lights went in leaf ambient cubes.
0...1...2...3...4...5...6...7...8...9...10Writing leaf ambient...done
Ready to Finish

Object names       Objects/Maxobjs  Memory / Maxmem  Fullness 
------------       ---------------  ---------------  -------- 
models                  20/1024          960/49152    ( 2.0%) 
brushes                207/8192         2484/98304    ( 2.5%) 
brushsides            1521/65536       12168/524288   ( 2.3%) 
planes                 844/65536       16880/1310720  ( 1.3%) 
vertexes              1756/65536       21072/786432   ( 2.7%) 
nodes                  793/65536       25376/2097152  ( 1.2%) 
texinfos               107/12288        7704/884736   ( 0.9%) 
texdata                 10/2048          320/65536    ( 0.5%) 
dispinfos                0/0               0/0        ( 0.0%) 
disp_verts               0/0               0/0        ( 0.0%) 
disp_tris                0/0               0/0        ( 0.0%) 
disp_lmsamples           0/0               0/0        ( 0.0%) 
faces                 1093/65536       61208/3670016  ( 1.7%) 
hdr faces                0/65536           0/3670016  ( 0.0%) 
origfaces              514/65536       28784/3670016  ( 0.8%) 
leaves                 814/65536       26048/2097152  ( 1.2%) 
leaffaces             1259/65536        2518/131072   ( 1.9%) 
leafbrushes            729/65536        1458/131072   ( 1.1%) 
areas                    2/256            16/2048     ( 0.8%) 
surfedges             7021/512000      28084/2048000  ( 1.4%) 
edges                 3940/256000      15760/1024000  ( 1.5%) 
LDR worldlights         58/8192         5104/720896   ( 0.7%) 
HDR worldlights          0/8192            0/720896   ( 0.0%) 
leafwaterdata            1/32768          12/393216   ( 0.0%) 
waterstrips             73/32768         730/327680   ( 0.2%) 
waterverts               0/65536           0/786432   ( 0.0%) 
waterindices          1110/65536        2220/131072   ( 1.7%) 
cubemapsamples           0/1024            0/16384    ( 0.0%) 
overlays                 0/512             0/180224   ( 0.0%) 
LDR lightdata         [variable]     1102064/0        ( 0.0%) 
HDR lightdata         [variable]           0/0        ( 0.0%) 
visdata               [variable]       23840/16777216 ( 0.1%) 
entdata               [variable]       38813/393216   ( 9.9%) 
LDR ambient table      814/65536        3256/262144   ( 1.2%) 
HDR ambient table      814/65536        3256/262144   ( 1.2%) 
LDR leaf ambient      3402/65536       95256/1835008  ( 5.2%) 
HDR leaf ambient       814/65536       22792/1835008  ( 1.2%) 
occluders                0/0               0/0        ( 0.0%) 
occluder polygons        0/0               0/0        ( 0.0%) 
occluder vert ind        0/0               0/0        ( 0.0%) 
detail props          [variable]           1/12       ( 8.3%) 
static props          [variable]           1/12       ( 8.3%) 
pakfile               [variable]        1232/0        ( 0.0%) 
physics               [variable]       79171/4194304  ( 1.9%) 
physics terrain       [variable]           2/1048576  ( 0.0%) 

Level flags = 0

Total triangle count: 2803
Writing d:\steamlibrary\steamapps\common\team fortress 2\tf\maps\cp_CE_TF2map_V1_5.bsp
2 seconds elapsed



[Reading texlights from 'lights.rad']
[56 texlights parsed from 'lights.rad']

Loading d:\steamlibrary\steamapps\common\team fortress 2\tf\maps\cp_CE_TF2map_V1_5.bsp
1093 faces
222319 square feet [32014034.00 square inches]
0 Displacements
0 Square Feet [0.00 Square Inches]
1093 patches before subdivision
14449 patches after subdivision
58 direct lights
0...1...2...3...4...5...6...7...8...9...100...1...2...3...4...5...6...7...8...9...10transfers 1390144, max 406
transfer lists:  10.6 megs
0...1...2...3...4...5...6...7...8...9...10	Bounce #1 added RGB(24777, 21620, 24073)
0...1...2...3...4...5...6...7...8...9...10	Bounce #2 added RGB(8494, 6743, 6900)
0...1...2...3...4...5...6...7...8...9...10	Bounce #3 added RGB(2592, 1872, 1804)
0...1...2...3...4...5...6...7...8...9...10	Bounce #4 added RGB(910, 603, 536)
0...1...2...3...4...5...6...7...8...9...10	Bounce #5 added RGB(297, 179, 149)
0...1...2...3...4...5...6...7...8...9...10	Bounce #6 added RGB(104, 58, 45)
0...1...2...3...4...5...6...7...8...9...10	Bounce #7 added RGB(35, 18, 13)
0...1...2...3...4...5...6...7...8...9...10	Bounce #8 added RGB(12, 6, 4)
0...1...2...3...4...5...6...7...8...9...10	Bounce #9 added RGB(4, 2, 1)
0...1...2...3...4...5...6...7...8...9...10	Bounce #10 added RGB(2, 1, 0)
0...1...2...3...4...5...6...7...8...9...10	Bounce #11 added RGB(1, 0, 0)
Build Patch/Sample Hash Table(s).....Done<0.0016 sec>
0...1...2...3...4...5...6...7...8...9...10FinalLightFace Done
0 of 0 (0% of) surface lights went in leaf ambient cubes.
0...1...2...3...4...5...6...7...8...9...10Writing leaf ambient...done
Ready to Finish

Object names       Objects/Maxobjs  Memory / Maxmem  Fullness 
------------       ---------------  ---------------  -------- 
models                  20/1024          960/49152    ( 2.0%) 
brushes                207/8192         2484/98304    ( 2.5%) 
brushsides            1521/65536       12168/524288   ( 2.3%) 
planes                 844/65536       16880/1310720  ( 1.3%) 
vertexes              1756/65536       21072/786432   ( 2.7%) 
nodes                  793/65536       25376/2097152  ( 1.2%) 
texinfos               107/12288        7704/884736   ( 0.9%) 
texdata                 10/2048          320/65536    ( 0.5%) 
dispinfos                0/0               0/0        ( 0.0%) 
disp_verts               0/0               0/0        ( 0.0%) 
disp_tris                0/0               0/0        ( 0.0%) 
disp_lmsamples           0/0               0/0        ( 0.0%) 
faces                 1093/65536       61208/3670016  ( 1.7%) 
hdr faces             1093/65536       61208/3670016  ( 1.7%) 
origfaces              514/65536       28784/3670016  ( 0.8%) 
leaves                 814/65536       26048/2097152  ( 1.2%) 
leaffaces             1259/65536        2518/131072   ( 1.9%) 
leafbrushes            729/65536        1458/131072   ( 1.1%) 
areas                    2/256            16/2048     ( 0.8%) 
surfedges             7021/512000      28084/2048000  ( 1.4%) 
edges                 3940/256000      15760/1024000  ( 1.5%) 
LDR worldlights         58/8192         5104/720896   ( 0.7%) 
HDR worldlights         58/8192         5104/720896   ( 0.7%) 
leafwaterdata            1/32768          12/393216   ( 0.0%) 
waterstrips             73/32768         730/327680   ( 0.2%) 
waterverts               0/65536           0/786432   ( 0.0%) 
waterindices          1110/65536        2220/131072   ( 1.7%) 
cubemapsamples           0/1024            0/16384    ( 0.0%) 
overlays                 0/512             0/180224   ( 0.0%) 
LDR lightdata         [variable]     1102064/0        ( 0.0%) 
HDR lightdata         [variable]     1102064/0        ( 0.0%) 
visdata               [variable]       23840/16777216 ( 0.1%) 
entdata               [variable]       38813/393216   ( 9.9%) 
LDR ambient table      814/65536        3256/262144   ( 1.2%) 
HDR ambient table      814/65536        3256/262144   ( 1.2%) 
LDR leaf ambient      3402/65536       95256/1835008  ( 5.2%) 
HDR leaf ambient      3402/65536       95256/1835008  ( 5.2%) 
occluders                0/0               0/0        ( 0.0%) 
occluder polygons        0/0               0/0        ( 0.0%) 
occluder vert ind        0/0               0/0        ( 0.0%) 
detail props          [variable]           1/12       ( 8.3%) 
static props          [variable]           1/12       ( 8.3%) 
pakfile               [variable]        1232/0        ( 0.0%) 
physics               [variable]       79171/4194304  ( 1.9%) 
physics terrain       [variable]           2/1048576  ( 0.0%) 

Level flags = 0

Total triangle count: 2803
Writing d:\steamlibrary\steamapps\common\team fortress 2\tf\maps\cp_CE_TF2map_V1_5.bsp
1 second elapsed



materialPath: D:\SteamLibrary\steamapps\common\Team Fortress 2\tf\materials
Loading D:\SteamLibrary\steamapps\common\Team Fortress 2\tf\maps\cp_CE_TF2map_V1_5.vmf
Patching WVT material: maps/cp_ce_tf2map_v1_5/brick/blendcobbletocobblesnow001_wvt_patch
Patching WVT material: maps/cp_ce_tf2map_v1_5/winter/blendgraveltograss001_wvt_patch
fixing up env_cubemap materials on brush sides...
0...1...2...3...4...5...6...7...8...9...100...1...2...3...4...5...6...7...8...9...10Processing areas...done (0)
Building Faces...done (0)
FixTjuncs...
PruneNodes...
WriteBSP...
done (0)
writing D:\SteamLibrary\steamapps\common\Team Fortress 2\tf\maps\cp_CE_TF2map_V1_5.prt...Building visibility clusters...
done (0)
*** Error: Skybox vtf files for skybox/sky_night_01 weren't compiled with the same size texture and/or same flags!
Can't load skybox file skybox/sky_night_01 to build the default cubemap!
*** Error: Skybox vtf files for skybox/sky_night_01 weren't compiled with the same size texture and/or same flags!
Can't load skybox file skybox/sky_night_01 to build the default cubemap!
Finding displacement neighbors...
Finding lightmap sample positions...
Displacement Alpha : 0...1...2...3...4...5...6...7...8...9...10
Building Physics collision data...
done (0) (79171 bytes)
Placing detail props : 0...1...2...3...4...5...6...7...8...9...10
Compacting texture/material tables...
Reduced 178 texinfos to 107
Reduced 14 texdatas to 10 (441 bytes to 261)
Writing D:\SteamLibrary\steamapps\common\Team Fortress 2\tf\maps\cp_CE_TF2map_V1_5.bsp
Wrote ZIP buffer, estimated size 1580, actual size 1232
0 seconds elapsed



16 threads
reading d:\steamlibrary\steamapps\common\team fortress 2\tf\maps\cp_CE_TF2map_V1_5.bsp
reading d:\steamlibrary\steamapps\common\team fortress 2\tf\maps\cp_CE_TF2map_V1_5.prt
 285 portalclusters
 709 numportals
0...1...2...3...4...5...6...7...8...9...100...1...2...3...4...5...6...7...8...9...10Optimized: 226 visible clusters (0.41%)
Total clusters visible: 54583
Average clusters visible: 191
Building PAS...
Average clusters audible: 285
visdatasize:22794  compressed from 22800
writing d:\steamlibrary\steamapps\common\team fortress 2\tf\maps\cp_CE_TF2map_V1_5.bsp
0 seconds elapsed



[Reading texlights from 'lights.rad']
[56 texlights parsed from 'lights.rad']

Loading d:\steamlibrary\steamapps\common\team fortress 2\tf\maps\cp_CE_TF2map_V1_5.bsp
1087 faces
221986 square feet [31966034.00 square inches]
0 Displacements
0 Square Feet [0.00 Square Inches]
1087 patches before subdivision
14397 patches after subdivision
58 direct lights
0...1...2...3...4...5...6...7...8...9...100...1...2...3...4...5...6...7...8...9...10transfers 1384258, max 410
transfer lists:  10.6 megs
0...1...2...3...4...5...6...7...8...9...10	Bounce #1 added RGB(24768, 21611, 24060)
0...1...2...3...4...5...6...7...8...9...10	Bounce #2 added RGB(8489, 6739, 6894)
0...1...2...3...4...5...6...7...8...9...10	Bounce #3 added RGB(2589, 1870, 1802)
0...1...2...3...4...5...6...7...8...9...10	Bounce #4 added RGB(909, 603, 535)
0...1...2...3...4...5...6...7...8...9...10	Bounce #5 added RGB(296, 179, 149)
0...1...2...3...4...5...6...7...8...9...10	Bounce #6 added RGB(104, 58, 45)
0...1...2...3...4...5...6...7...8...9...10	Bounce #7 added RGB(35, 18, 13)
0...1...2...3...4...5...6...7...8...9...10	Bounce #8 added RGB(12, 6, 4)
0...1...2...3...4...5...6...7...8...9...10	Bounce #9 added RGB(4, 2, 1)
0...1...2...3...4...5...6...7...8...9...10	Bounce #10 added RGB(2, 1, 0)
0...1...2...3...4...5...6...7...8...9...10	Bounce #11 added RGB(1, 0, 0)
Build Patch/Sample Hash Table(s).....Done<0.0017 sec>
0...1...2...3...4...5...6...7...8...9...10FinalLightFace Done
0 of 0 (0% of) surface lights went in leaf ambient cubes.
0...1...2...3...4...5...6...7...8...9...10Writing leaf ambient...done
Ready to Finish

Object names       Objects/Maxobjs  Memory / Maxmem  Fullness 
------------       ---------------  ---------------  -------- 
models                  20/1024          960/49152    ( 2.0%) 
brushes                207/8192         2484/98304    ( 2.5%) 
brushsides            1521/65536       12168/524288   ( 2.3%) 
planes                 840/65536       16800/1310720  ( 1.3%) 
vertexes              1752/65536       21024/786432   ( 2.7%) 
nodes                  788/65536       25216/2097152  ( 1.2%) 
texinfos               107/12288        7704/884736   ( 0.9%) 
texdata                 10/2048          320/65536    ( 0.5%) 
dispinfos                0/0               0/0        ( 0.0%) 
disp_verts               0/0               0/0        ( 0.0%) 
disp_tris                0/0               0/0        ( 0.0%) 
disp_lmsamples           0/0               0/0        ( 0.0%) 
faces                 1087/65536       60872/3670016  ( 1.7%) 
hdr faces                0/65536           0/3670016  ( 0.0%) 
origfaces              512/65536       28672/3670016  ( 0.8%) 
leaves                 809/65536       25888/2097152  ( 1.2%) 
leaffaces             1240/65536        2480/131072   ( 1.9%) 
leafbrushes            731/65536        1462/131072   ( 1.1%) 
areas                    2/256            16/2048     ( 0.8%) 
surfedges             6993/512000      27972/2048000  ( 1.4%) 
edges                 3928/256000      15712/1024000  ( 1.5%) 
LDR worldlights         58/8192         5104/720896   ( 0.7%) 
HDR worldlights          0/8192            0/720896   ( 0.0%) 
leafwaterdata            1/32768          12/393216   ( 0.0%) 
waterstrips             73/32768         730/327680   ( 0.2%) 
waterverts               0/65536           0/786432   ( 0.0%) 
waterindices          1098/65536        2196/131072   ( 1.7%) 
cubemapsamples           0/1024            0/16384    ( 0.0%) 
overlays                 0/512             0/180224   ( 0.0%) 
LDR lightdata         [variable]     1096884/0        ( 0.0%) 
HDR lightdata         [variable]           0/0        ( 0.0%) 
visdata               [variable]       22794/16777216 ( 0.1%) 
entdata               [variable]       39130/393216   (10.0%) 
LDR ambient table      809/65536        3236/262144   ( 1.2%) 
HDR ambient table      809/65536        3236/262144   ( 1.2%) 
LDR leaf ambient      3398/65536       95144/1835008  ( 5.2%) 
HDR leaf ambient       809/65536       22652/1835008  ( 1.2%) 
occluders                0/0               0/0        ( 0.0%) 
occluder polygons        0/0               0/0        ( 0.0%) 
occluder vert ind        0/0               0/0        ( 0.0%) 
detail props          [variable]           1/12       ( 8.3%) 
static props          [variable]           1/12       ( 8.3%) 
pakfile               [variable]        1232/0        ( 0.0%) 
physics               [variable]       79171/4194304  ( 1.9%) 
physics terrain       [variable]           2/1048576  ( 0.0%) 

Level flags = 0

Total triangle count: 2795
Writing d:\steamlibrary\steamapps\common\team fortress 2\tf\maps\cp_CE_TF2map_V1_5.bsp
2 seconds elapsed



[Reading texlights from 'lights.rad']
[56 texlights parsed from 'lights.rad']

Loading d:\steamlibrary\steamapps\common\team fortress 2\tf\maps\cp_CE_TF2map_V1_5.bsp
1087 faces
221986 square feet [31966034.00 square inches]
0 Displacements
0 Square Feet [0.00 Square Inches]
1087 patches before subdivision
14397 patches after subdivision
58 direct lights
0...1...2...3...4...5...6...7...8...9...100...1...2...3...4...5...6...7...8...9...10transfers 1384258, max 410
transfer lists:  10.6 megs
0...1...2...3...4...5...6...7...8...9...10	Bounce #1 added RGB(24768, 21611, 24060)
0...1...2...3...4...5...6...7...8...9...10	Bounce #2 added RGB(8489, 6739, 6894)
0...1...2...3...4...5...6...7...8...9...10	Bounce #3 added RGB(2589, 1870, 1802)
0...1...2...3...4...5...6...7...8...9...10	Bounce #4 added RGB(909, 603, 535)
0...1...2...3...4...5...6...7...8...9...10	Bounce #5 added RGB(296, 179, 149)
0...1...2...3...4...5...6...7...8...9...10	Bounce #6 added RGB(104, 58, 45)
0...1...2...3...4...5...6...7...8...9...10	Bounce #7 added RGB(35, 18, 13)
0...1...2...3...4...5...6...7...8...9...10	Bounce #8 added RGB(12, 6, 4)
0...1...2...3...4...5...6...7...8...9...10	Bounce #9 added RGB(4, 2, 1)
0...1...2...3...4...5...6...7...8...9...10	Bounce #10 added RGB(2, 1, 0)
0...1...2...3...4...5...6...7...8...9...10	Bounce #11 added RGB(1, 0, 0)
Build Patch/Sample Hash Table(s).....Done<0.0017 sec>
0...1...2...3...4...5...6...7...8...9...10FinalLightFace Done
0 of 0 (0% of) surface lights went in leaf ambient cubes.
0...1...2...3...4...5...6...7...8...9...10Writing leaf ambient...done
Ready to Finish

Object names       Objects/Maxobjs  Memory / Maxmem  Fullness 
------------       ---------------  ---------------  -------- 
models                  20/1024          960/49152    ( 2.0%) 
brushes                207/8192         2484/98304    ( 2.5%) 
brushsides            1521/65536       12168/524288   ( 2.3%) 
planes                 840/65536       16800/1310720  ( 1.3%) 
vertexes              1752/65536       21024/786432   ( 2.7%) 
nodes                  788/65536       25216/2097152  ( 1.2%) 
texinfos               107/12288        7704/884736   ( 0.9%) 
texdata                 10/2048          320/65536    ( 0.5%) 
dispinfos                0/0               0/0        ( 0.0%) 
disp_verts               0/0               0/0        ( 0.0%) 
disp_tris                0/0               0/0        ( 0.0%) 
disp_lmsamples           0/0               0/0        ( 0.0%) 
faces                 1087/65536       60872/3670016  ( 1.7%) 
hdr faces             1087/65536       60872/3670016  ( 1.7%) 
origfaces              512/65536       28672/3670016  ( 0.8%) 
leaves                 809/65536       25888/2097152  ( 1.2%) 
leaffaces             1240/65536        2480/131072   ( 1.9%) 
leafbrushes            731/65536        1462/131072   ( 1.1%) 
areas                    2/256            16/2048     ( 0.8%) 
surfedges             6993/512000      27972/2048000  ( 1.4%) 
edges                 3928/256000      15712/1024000  ( 1.5%) 
LDR worldlights         58/8192         5104/720896   ( 0.7%) 
HDR worldlights         58/8192         5104/720896   ( 0.7%) 
leafwaterdata            1/32768          12/393216   ( 0.0%) 
waterstrips             73/32768         730/327680   ( 0.2%) 
waterverts               0/65536           0/786432   ( 0.0%) 
waterindices          1098/65536        2196/131072   ( 1.7%) 
cubemapsamples           0/1024            0/16384    ( 0.0%) 
overlays                 0/512             0/180224   ( 0.0%) 
LDR lightdata         [variable]     1096884/0        ( 0.0%) 
HDR lightdata         [variable]     1096884/0        ( 0.0%) 
visdata               [variable]       22794/16777216 ( 0.1%) 
entdata               [variable]       39130/393216   (10.0%) 
LDR ambient table      809/65536        3236/262144   ( 1.2%) 
HDR ambient table      809/65536        3236/262144   ( 1.2%) 
LDR leaf ambient      3398/65536       95144/1835008  ( 5.2%) 
HDR leaf ambient      3398/65536       95144/1835008  ( 5.2%) 
occluders                0/0               0/0        ( 0.0%) 
occluder polygons        0/0               0/0        ( 0.0%) 
occluder vert ind        0/0               0/0        ( 0.0%) 
detail props          [variable]           1/12       ( 8.3%) 
static props          [variable]           1/12       ( 8.3%) 
pakfile               [variable]        1232/0        ( 0.0%) 
physics               [variable]       79171/4194304  ( 1.9%) 
physics terrain       [variable]           2/1048576  ( 0.0%) 

Level flags = 0

Total triangle count: 2795
Writing d:\steamlibrary\steamapps\common\team fortress 2\tf\maps\cp_CE_TF2map_V1_5.bsp
2 seconds elapsed
