PRT1
285
709
4 0 70 (2304 0 1632 ) (2288 0 1632 ) (2288 0 384 ) (2304 0 384 ) 
4 0 3 (2288 0 384 ) (2288 0 1632 ) (2288 258 1632 ) (2288 258 384 ) 
4 0 1 (2288 784 1632 ) (2288 800 1632 ) (2288 800 384 ) (2288 784 384 ) 
4 0 2 (2288 258 1632 ) (2288 784 1632 ) (2288 784 384 ) (2288 258 384 ) 
4 1 8 (2048 784 1632 ) (2048 800 1632 ) (2048 800 384 ) (2048 784 384 ) 
4 1 2 (2288 784 384 ) (2288 784 1632 ) (2048 784 1632 ) (2048 784 384 ) 
4 2 11 (2048 784 260 ) (2048 784 130 ) (2048 258 130 ) (2048 258 260 ) 
4 2 9 (2048 258 1632 ) (2048 784 1632 ) (2048 784 260 ) (2048 258 260 ) 
4 2 5 (2048 258 130 ) (2096 258 130 ) (2096 258 260 ) (2048 258 260 ) 
4 2 3 (2288 258 262 ) (2288 258 1632 ) (2048 258 1632 ) (2048 258 262 ) 
4 3 71 (2288 0 1632 ) (2048 0 1632 ) (2048 0 262 ) (2288 0 262 ) 
4 3 14 (2048 0 262 ) (2048 0 1632 ) (2048 208 1632 ) (2048 208 262 ) 
4 3 10 (2048 208 1632 ) (2048 258 1632 ) (2048 258 262 ) (2048 208 262 ) 
4 4 72 (2096 0 130 ) (2288 0 130 ) (2288 0 260 ) (2096 0 260 ) 
4 4 6 (2288 0 130 ) (2192 0 130 ) (2192 256 130 ) (2288 256 130 ) 
4 4 5 (2096 0 260 ) (2096 256 260 ) (2096 256 130 ) (2096 0 130 ) 
4 5 73 (2048 0 260 ) (2048 0 130 ) (2096 0 130 ) (2096 0 260 ) 
4 5 18 (2048 0 130 ) (2048 0 160 ) (2048 208 160 ) (2048 208 130 ) 
4 5 16 (2048 0 160 ) (2048 0 240 ) (2048 208 240 ) (2048 208 160 ) 
4 5 15 (2048 0 240 ) (2048 0 260 ) (2048 208 260 ) (2048 208 240 ) 
4 5 13 (2048 208 260 ) (2048 256 260 ) (2048 256 130 ) (2048 208 130 ) 
4 5 11 (2048 256 260 ) (2048 258 260 ) (2048 258 130 ) (2048 256 130 ) 
4 6 76 (2288 0 61.733334 ) (2288 0 130 ) (2192 0 130 ) (2192 0 61.733330 ) 
5 6 7 (2192 256 128 ) (2192 256 2 ) (2192 112 2 ) (2192 0 61.733334 ) (2192 0 128 ) 
4 7 77 (2048 0 128 ) (2048 0 2 ) (2192 0 2 ) (2192 0 128 ) 
4 7 59 (2048 0 2 ) (2048 0 24 ) (2048 256 24 ) (2048 256 2 ) 
4 7 44 (2048 0 24 ) (2048 0 128 ) (2048 256 128 ) (2048 256 24 ) 
4 8 19 (1792 784 1632 ) (1792 800 1632 ) (1792 800 384 ) (1792 784 384 ) 
4 8 9 (2048 784 384 ) (2048 784 1632 ) (1792 784 1632 ) (1792 784 384 ) 
4 9 23 (1792 258 1632 ) (1792 448 1632 ) (1792 448 260 ) (1792 258 260 ) 
4 9 20 (1792 448 1632 ) (1792 784 1632 ) (1792 784 260 ) (1792 448 260 ) 
4 9 12 (1792 258 260 ) (1792 784 260 ) (2000 784 260 ) (2000 258 260 ) 
4 9 11 (2000 784 260 ) (2048 784 260 ) (2048 258 260 ) (2000 258 260 ) 
4 9 10 (2048 258 262 ) (2048 258 1632 ) (1792 258 1632 ) (1792 258 262 ) 
4 10 23 (1792 208 262 ) (1792 208 1632 ) (1792 258 1632 ) (1792 258 262 ) 
4 10 14 (1792 208 1632 ) (1792 208 262 ) (2048 208 262 ) (2048 208 1632 ) 
4 11 13 (2048 256 260 ) (2000 256 260 ) (2000 256 130 ) (2048 256 130 ) 
4 11 12 (2000 784 260 ) (2000 784 130 ) (2000 258 130 ) (2000 258 260 ) 
4 12 23 (1792 448 130 ) (1792 258 130 ) (1792 258 260 ) (1792 448 260 ) 
4 12 20 (1792 784 130 ) (1792 448 130 ) (1792 448 260 ) (1792 784 260 ) 
4 13 18 (1794 208 130 ) (2048 208 130 ) (2048 208 160 ) (1794 208 160 ) 
4 13 16 (2048 208 160 ) (2048 208 240 ) (1794 208 240 ) (1794 208 160 ) 
4 13 15 (2048 208 240 ) (2048 208 260 ) (1794 208 260 ) (1794 208 240 ) 
4 14 78 (2048 0 262 ) (2048 0 1632 ) (1792 0 1632 ) (1792 0 262 ) 
4 14 24 (1792 0 262 ) (1792 0 1632 ) (1792 48 1632 ) (1792 48 262 ) 
4 14 23 (1792 48 1632 ) (1792 208 1632 ) (1792 208 262 ) (1792 48 262 ) 
4 15 79 (2048 0 240 ) (2048 0 260 ) (1794 0 260 ) (1794 0 240 ) 
4 15 16 (2048 0 240 ) (1794 0 240 ) (1794 208 240 ) (2048 208 240 ) 
4 16 80 (2048 0 160 ) (2048 0 240 ) (1794 0 240 ) (1794 0 160 ) 
4 16 18 (1794 208 160 ) (2048 208 160 ) (2048 0 160 ) (1794 0 160 ) 
4 16 17 (1794 208 160 ) (1794 0 160 ) (1794 0 240 ) (1794 208 240 ) 
4 17 81 (1794 0 240 ) (1792 0 240 ) (1792 0 160 ) (1794 0 160 ) 
4 17 24 (1792 0 160 ) (1792 0 240 ) (1792 48 240 ) (1792 48 160 ) 
4 17 23 (1792 48 240 ) (1792 208 240 ) (1792 208 160 ) (1792 48 160 ) 
4 18 82 (2048 0 130 ) (2048 0 160 ) (1794 0 160 ) (1794 0 130 ) 
4 19 25 (1152 784 384 ) (1152 784 1632 ) (1152 800 1632 ) (1152 800 384 ) 
4 19 21 (1504 784 1632 ) (1152 784 1632 ) (1152 784 384 ) (1504 784 384 ) 
4 19 20 (1792 784 384 ) (1792 784 1632 ) (1504 784 1632 ) (1504 784 384 ) 
4 20 23 (1792 448 130 ) (1792 448 1632 ) (1504 448 1632 ) (1504 448 130 ) 
4 20 22 (1504 448 256 ) (1504 448 1632 ) (1504 464 1632 ) (1504 464 256 ) 
4 20 21 (1504 784 1632 ) (1504 784 130 ) (1504 464 130 ) (1504 464 1632 ) 
4 21 26 (1152 784 130 ) (1152 464 130 ) (1152 464 1632 ) (1152 784 1632 ) 
4 21 22 (1504 464 256 ) (1504 464 1632 ) (1152 464 1632 ) (1152 464 256 ) 
4 22 27 (1152 448 256 ) (1152 448 1632 ) (1152 464 1632 ) (1152 464 256 ) 
4 22 23 (1504 448 1632 ) (1152 448 1632 ) (1152 448 256 ) (1504 448 256 ) 
4 23 48 (1152 48 130 ) (1152 448 130 ) (1280 448 130 ) (1280 48 130 ) 
5 23 46 (1280 448 130 ) (1504 448 130 ) (1792 160 130 ) (1792 48 130 ) (1280 48 130 ) 
5 23 41 (1152 48 256 ) (1152 48 416 ) (1152 52 412 ) (1152 64 369.452820 ) (1152 64 256 ) 
4 23 39 (1152 48 736 ) (1152 48 1632 ) (1152 64 1632 ) (1152 64 720 ) 
3 23 38 (1152 64 256 ) (1152 64 369.452820 ) (1152 95.998604 256 ) 
3 23 37 (1152 80 704 ) (1152 128 656 ) (1152 128 608 ) 
4 23 34 (1152 64 720 ) (1152 64 1632 ) (1152 128 1632 ) (1152 128 656 ) 
4 23 28 (1152 448 130 ) (1152 128 130 ) (1152 128 1632 ) (1152 448 1632 ) 
5 23 24 (1792 48 130 ) (1792 48 1632 ) (1152 48 1632 ) (1152 48 256 ) (1310.484375 48 130 ) 
5 24 89 (1152 0 1632 ) (1152 0 256 ) (1310.484375 0 130 ) (1792 0 130 ) (1792 0 1632 ) 
4 24 47 (1792 0 130 ) (1310.484375 0 130 ) (1310.484375 48 130 ) (1792 48 130 ) 
6 24 41 (1152 0 256 ) (1152 0 432 ) (1152 25.144255 432 ) (1152 43.998341 420.001678 ) (1152 48 416 ) (1152 48 256 ) 
4 24 40 (1152 0 1270 ) (1152 0 1632 ) (1152 48 1632 ) (1152 48 1363 ) 
4 25 29 (1056 800 1632 ) (1056 800 384 ) (1056 784 384 ) (1056 784 1632 ) 
4 25 26 (1152 784 384 ) (1152 784 1632 ) (1056 784 1632 ) (1056 784 384 ) 
4 26 31 (1056 672 130 ) (1056 544 130 ) (1056 544 380 ) (1056 672 380 ) 
4 26 30 (1056 464 380 ) (1056 464 1632 ) (1056 784 1632 ) (1056 784 380 ) 
4 26 27 (1152 464 256 ) (1152 464 1632 ) (1056 464 1632 ) (1056 464 256 ) 
4 27 30 (1056 448 380 ) (1056 448 1632 ) (1056 464 1632 ) (1056 464 380 ) 
4 27 28 (1152 448 256 ) (1152 448 1632 ) (1056 448 1632 ) (1056 448 256 ) 
4 28 49 (1152 448 130 ) (1152 128 130 ) (1056 128 130 ) (1056 448 130 ) 
4 28 37 (1152 128 608 ) (1152 128 656 ) (1056 128 752 ) (1056 128 608 ) 
4 28 36 (1072 128 1632 ) (1056 128 1632 ) (1056 128 1022 ) (1072 128 1022 ) 
4 28 35 (1056 128 1022 ) (1056 128 752 ) (1072 128 736 ) (1072 128 1022 ) 
4 28 34 (1152 128 656 ) (1152 128 1632 ) (1072 128 1632 ) (1072 128 736 ) 
3 28 33 (1056 166.031540 380 ) (1056 224 380 ) (1056 224 251.986328 ) 
4 28 32 (1056 448 130 ) (1056 224 130 ) (1056 224 380 ) (1056 448 380 ) 
5 28 30 (1056 128 463.986328 ) (1056 128 1632 ) (1056 448 1632 ) (1056 448 380 ) (1056 166.031555 380 ) 
4 29 141 (1024 800 1632 ) (1024 800 384 ) (1024 784 384 ) (1024 784 1632 ) 
4 29 30 (1024 784 1632 ) (1024 784 384 ) (1056 784 384 ) (1056 784 1632 ) 
5 30 145 (1024 224 380 ) (1024 166.031555 380 ) (1024 128 463.986328 ) (1024 128 1632 ) (1024 224 1632 ) 
4 30 144 (1024 448 380 ) (1024 224 380 ) (1024 224 1632 ) (1024 448 1632 ) 
4 30 142 (1024 784 1632 ) (1024 784 380 ) (1024 448 380 ) (1024 448 1632 ) 
4 30 37 (1056 128 608 ) (1056 128 752 ) (1024 128 784 ) (1024 128 608 ) 
4 30 36 (1056 128 1022 ) (1056 128 1632 ) (1024 128 1632 ) (1024 128 1022 ) 
4 30 35 (1056 128 752 ) (1056 128 1022 ) (1024 128 1022 ) (1024 128 784 ) 
4 30 33 (1056 224 380 ) (1056 166.031555 380 ) (1024 166.031540 380 ) (1024 224 380 ) 
4 30 32 (1056 448 380 ) (1056 224 380 ) (1024 224 380 ) (1024 448 380 ) 
4 30 31 (1056 672 380 ) (1056 544 380 ) (1024 544 380 ) (1024 672 380 ) 
4 31 143 (1024 672 130 ) (1024 544 130 ) (1024 544 380 ) (1024 672 380 ) 
4 32 144 (1024 448 130 ) (1024 224 130 ) (1024 224 380 ) (1024 448 380 ) 
4 32 50 (1024 224 130 ) (1024 448 130 ) (1056 448 130 ) (1056 224 130 ) 
4 32 33 (1056 224 251.986328 ) (1056 224 380 ) (1024 224 380 ) (1024 224 251.986328 ) 
3 33 145 (1024 166.031540 380 ) (1024 224 380 ) (1024 224 251.986328 ) 
4 34 39 (1136 64 736 ) (1152 64 720 ) (1152 64 1632 ) (1136 64 1632 ) 
4 34 37 (1136 64 736 ) (1072 128 736 ) (1152 128 656 ) (1152 80 704 ) 
4 34 36 (1136 64 1146 ) (1136 64 1632 ) (1072 128 1632 ) (1072 128 1022 ) 
4 34 35 (1072 128 735.998047 ) (1136 64 735.998047 ) (1136 64 898 ) (1072 128 1022 ) 
4 35 151 (1024 128 1022 ) (1024 128 784 ) (1024 64 848 ) (1024 64 898 ) 
4 35 37 (1136 64 736 ) (1024 64 848 ) (1024 128 784 ) (1072 128 736 ) 
4 36 152 (1024 128 1632 ) (1024 128 1022 ) (1024 64 1146 ) (1024 64 1632 ) 
4 36 40 (1024 64 1632 ) (1024 64 1394 ) (1136 64 1394 ) (1136 64 1632 ) 
4 37 153 (1024 128 784 ) (1024 128 608 ) (1024 64 736 ) (1024 64 848 ) 
3 38 154 (1024 64 256 ) (1024 64 369.452820 ) (1024 95.998596 256 ) 
4 38 41 (1024 64 369.452820 ) (1024 64 256 ) (1152 64 256 ) (1152 64 369.452820 ) 
4 39 40 (1152 48 1363 ) (1152 48 1632 ) (1136 64 1632 ) (1136 64 1394 ) 
4 40 156 (1024 0 1270 ) (1024 0 1632 ) (1024 64 1632 ) (1024 64 1394 ) 
4 40 96 (1024 0 1632 ) (1024 0 1270 ) (1152 0 1270 ) (1152 0 1632 ) 
7 41 157 (1024 0 256 ) (1024 0 432 ) (1024 25.143471 432 ) (1024 44 420 ) (1024 52 412 ) (1024 64 369.452820 ) (1024 64 256 ) 
4 41 97 (1024 0 432 ) (1024 0 256 ) (1152 0 256 ) (1152 0 432 ) 
4 42 175 (1024 800 24 ) (1024 704 24 ) (1024 704 128 ) (1024 800 128 ) 
4 42 57 (1472 800 24 ) (1472 704 24 ) (1024 704 24 ) (1024 800 24 ) 
4 42 43 (1376 704 24 ) (1472 704 24 ) (1472 704 128 ) (1376 704 128 ) 
4 43 58 (1472 704 24 ) (1472 448 24 ) (1376 448 24 ) (1376 704 24 ) 
4 43 46 (1376 448 24 ) (1472 448 24 ) (1472 448 128 ) (1376 448 128 ) 
4 44 112 (2048 0 24 ) (2048 0 128 ) (1794 0 128 ) (1794 0 24 ) 
4 44 59 (2048 256 24 ) (2048 0 24 ) (1794 0 24 ) (1794 256 24 ) 
4 44 45 (1794 0 128 ) (1794 96 128 ) (1794 96 24 ) (1794 0 24 ) 
4 45 113 (1794 0 128 ) (1792 0 128 ) (1792 0 24 ) (1794 0 24 ) 
4 45 60 (1794 0 24 ) (1792 0 24 ) (1792 96 24 ) (1794 96 24 ) 
4 45 47 (1792 48 24 ) (1792 0 24 ) (1792 0 128 ) (1792 48 128 ) 
4 45 46 (1792 96 24 ) (1792 48 24 ) (1792 48 128 ) (1792 96 128 ) 
5 46 61 (1280 48 24 ) (1280 448 24 ) (1504 448 24 ) (1792 160 24 ) (1792 48 24 ) 
4 46 56 (1280 220.005814 24 ) (1280 216.021149 24 ) (1280 216.021149 32 ) (1280 220.005814 32 ) 
4 46 55 (1280 224 24 ) (1280 220.005814 24 ) (1280 220.005814 32 ) (1280 224 32 ) 
4 46 54 (1280 448 32 ) (1280 448 24 ) (1280 224 24 ) (1280 224 32 ) 
4 46 48 (1280 448 130 ) (1280 448 32 ) (1280 48 32 ) (1280 48 130 ) 
4 46 47 (1443.812500 48 24 ) (1792 48 24 ) (1792 48 130 ) (1310.484375 48 130 ) 
4 47 114 (1792 0 130 ) (1310.484375 0 130 ) (1443.812500 0 24 ) (1792 0 24 ) 
4 47 62 (1792 0 24 ) (1443.812500 0 24 ) (1443.812500 48 24 ) (1792 48 24 ) 
3 48 56 (1280 220.005814 32 ) (1280 216.021149 32 ) (1277.324707 221.343475 32 ) 
3 48 55 (1280 224 32 ) (1280 220.005814 32 ) (1272.011597 224 32 ) 
5 48 54 (1152 448 32 ) (1280 448 32 ) (1280 224 32 ) (1262 224 32 ) (1152 334 32 ) 
7 48 52 (1274 48 32 ) (1152 48 32 ) (1152 218 32 ) (1266.500000 218 32 ) (1270 216 32 ) (1272 214 32 ) (1274 210.500061 32 ) 
3 48 51 (1152 224 32 ) (1152 334 32 ) (1262 224 32 ) 
4 48 49 (1152 448 130 ) (1152 448 32 ) (1152 128 32 ) (1152 128 130 ) 
4 49 54 (1056 448 32 ) (1152 448 32 ) (1152 334 32 ) (1056 430 32 ) 
4 49 53 (1152 218 32 ) (1152 128 32 ) (1056 128 32 ) (1056 218 32 ) 
4 49 51 (1152 334 32 ) (1152 224 32 ) (1056 224 32 ) (1056 430 32 ) 
4 49 50 (1056 448 130 ) (1056 448 32 ) (1056 224 32 ) (1056 224 130 ) 
4 50 177 (1024 224 130 ) (1024 448 130 ) (1024 448 32 ) (1024 224 32 ) 
3 50 54 (1038 448 32 ) (1056 448 32 ) (1056 430 32 ) 
5 50 51 (1024 448 32 ) (1038 448 32 ) (1056 430 32 ) (1056 224 32 ) (1024 224 32 ) 
4 51 177 (1024 224 32 ) (1024 448 32 ) (1024 448 24 ) (1024 224 24 ) 
4 51 63 (1024 224 24 ) (1024 448 24 ) (1038 448 24 ) (1262 224 24 ) 
4 51 54 (1038.003906 448 24 ) (1038.003906 448 32 ) (1262.003906 224 32 ) (1262.003906 224 24 ) 
7 52 64 (1152 48 24 ) (1152 218 24 ) (1266.500000 218 24 ) (1270 216 24 ) (1272 214 24 ) (1274 210.500092 24 ) (1274 48 24 ) 
4 52 53 (1152 218 24 ) (1152 128 24 ) (1152 128 32 ) (1152 218 32 ) 
4 53 65 (1152 218 24 ) (1152 128 24 ) (1056 128 24 ) (1056 218 24 ) 
4 54 63 (1038 448 24 ) (1280 448 24 ) (1280 224 24 ) (1262 224 24 ) 
4 54 55 (1272.011597 224 24 ) (1280 224 24 ) (1280 224 32 ) (1272.011597 224 32 ) 
3 55 66 (1280 224 24 ) (1280 220.005814 24 ) (1272.011597 224 24 ) 
4 55 56 (1277.324341 221.343994 24 ) (1280 220.005859 24 ) (1280 220.005859 32 ) (1277.324341 221.343994 32 ) 
3 56 67 (1280 220.005814 24 ) (1280 216.021149 24 ) (1277.324707 221.343475 24 ) 
4 57 191 (1024 704 24 ) (1024 800 24 ) (1024 800 2 ) (1024 704 2 ) 
4 57 58 (1376 704 2 ) (1472 704 2 ) (1472 704 24 ) (1376 704 24 ) 
4 58 61 (1376 448 2 ) (1472 448 2 ) (1472 448 24 ) (1376 448 24 ) 
4 59 126 (2048 0 2 ) (2048 0 24 ) (1794 0 24 ) (1794 0 2 ) 
4 59 60 (1794 96 2 ) (1794 0 2 ) (1794 0 24 ) (1794 96 24 ) 
4 60 126 (1794 0 24 ) (1792 0 24 ) (1792 0 2 ) (1794 0 2 ) 
4 60 62 (1792 48 2 ) (1792 0 2 ) (1792 0 24 ) (1792 48 24 ) 
4 60 61 (1792 96 2 ) (1792 48 2 ) (1792 48 24 ) (1792 96 24 ) 
4 61 69 (1280 220.005829 2 ) (1280 216.021210 2 ) (1280 216.021210 4 ) (1280 220.005829 4 ) 
4 61 68 (1280 224 2 ) (1280 220.005829 2 ) (1280 220.005829 4 ) (1280 224 4 ) 
4 61 67 (1280 216.021210 24 ) (1280 220.005829 24 ) (1280 220.005829 4 ) (1280 216.021210 4 ) 
4 61 66 (1280 220.005829 24 ) (1280 224 24 ) (1280 224 4 ) (1280 220.005829 4 ) 
4 61 63 (1280 448 24 ) (1280 448 2 ) (1280 224 2 ) (1280 224 24 ) 
4 61 62 (1471.484375 48 2 ) (1792 48 2 ) (1792 48 24 ) (1443.812500 48 24 ) 
4 62 128 (1792 0 24 ) (1443.812500 0 24 ) (1471.484375 0 2 ) (1792 0 2 ) 
4 63 193 (1024 224 24 ) (1024 448 24 ) (1024 448 2 ) (1024 224 2 ) 
4 63 68 (1272.011597 224 2 ) (1280 224 2 ) (1280 224 4 ) (1272.011597 224 4 ) 
4 63 66 (1280 224 4 ) (1280 224 24 ) (1272.011597 224 24 ) (1272.011597 224 4 ) 
4 64 65 (1152 218 24 ) (1152 218 4 ) (1152 128 4 ) (1152 128 24 ) 
3 66 68 (1272.011597 224 4 ) (1280 224 4 ) (1280 220.005829 4 ) 
4 66 67 (1277.324707 221.343506 4 ) (1280 220.005859 4 ) (1280 220.005859 24 ) (1277.324707 221.343506 24 ) 
3 67 69 (1277.324707 221.343491 4 ) (1280 220.005829 4 ) (1280 216.021164 4 ) 
4 68 69 (1280 220.005859 2 ) (1280 220.005859 4 ) (1277.324707 221.343506 4 ) (1277.324707 221.343506 2 ) 
4 70 75 (2288 -800 384 ) (2288 -800 1632 ) (2288 -784 1632 ) (2288 -784 384 ) 
4 70 74 (2288 -784 1632 ) (2288 -258 1632 ) (2288 -258 384 ) (2288 -784 384 ) 
4 70 71 (2288 -258 1632 ) (2288 0 1632 ) (2288 0 384 ) (2288 -258 384 ) 
4 71 85 (2048 -256 262 ) (2048 -258 262 ) (2048 -258 1632 ) (2048 -256 1632 ) 
4 71 83 (2048 -208 262 ) (2048 -256 262 ) (2048 -256 1632 ) (2048 -208 1632 ) 
4 71 78 (2048 0 1632 ) (2048 0 262 ) (2048 -208 262 ) (2048 -208 1632 ) 
4 71 74 (2288 -258 262 ) (2288 -258 1632 ) (2048 -258 1632 ) (2048 -258 262 ) 
4 72 76 (2192 0 130 ) (2288 0 130 ) (2288 -128 130 ) (2192 -128 130 ) 
4 72 73 (2096 0 130 ) (2096 -256 130 ) (2096 -256 260 ) (2096 0 260 ) 
4 73 86 (2048 -256 130 ) (2048 -258 130 ) (2048 -258 260 ) (2048 -256 260 ) 
4 73 84 (2048 -208 130 ) (2048 -256 130 ) (2048 -256 260 ) (2048 -208 260 ) 
4 73 82 (2048 0 160 ) (2048 0 130 ) (2048 -208 130 ) (2048 -208 160 ) 
4 73 80 (2048 0 240 ) (2048 0 160 ) (2048 -208 160 ) (2048 -208 240 ) 
4 73 79 (2048 0 260 ) (2048 0 240 ) (2048 -208 240 ) (2048 -208 260 ) 
4 73 74 (2048 -258 130 ) (2096 -258 130 ) (2096 -258 260 ) (2048 -258 260 ) 
4 74 87 (2048 -258 130 ) (2048 -784 130 ) (2048 -784 1632 ) (2048 -258 1632 ) 
4 74 75 (2288 -784 384 ) (2288 -784 1632 ) (2048 -784 1632 ) (2048 -784 384 ) 
4 75 88 (2048 -800 384 ) (2048 -800 1632 ) (2048 -784 1632 ) (2048 -784 384 ) 
3 76 77 (2192 0 128 ) (2192 0 61.733330 ) (2192 -124.250000 128 ) 
4 77 127 (2048 -96 2 ) (2048 -256 2 ) (2048 -256 24 ) (2048 -96 24 ) 
4 77 126 (2048 0 24 ) (2048 0 2 ) (2048 -96 2 ) (2048 -96 24 ) 
4 77 112 (2048 0 128 ) (2048 0 24 ) (2048 -256 24 ) (2048 -256 128 ) 
4 78 89 (1792 0 1632 ) (1792 0 262 ) (1792 -48 262 ) (1792 -48 1632 ) 
4 78 90 (1792 -48 262 ) (1792 -208 262 ) (1792 -208 1632 ) (1792 -48 1632 ) 
4 78 83 (1792 -208 1632 ) (1792 -208 262 ) (2048 -208 262 ) (2048 -208 1632 ) 
4 79 84 (1794 -208 240 ) (2048 -208 240 ) (2048 -208 260 ) (1794 -208 260 ) 
4 79 80 (2048 -208 240 ) (1794 -208 240 ) (1794 0 240 ) (2048 0 240 ) 
4 80 84 (1794 -208 160 ) (2048 -208 160 ) (2048 -208 240 ) (1794 -208 240 ) 
4 80 82 (2048 -208 160 ) (1794 -208 160 ) (1794 0 160 ) (2048 0 160 ) 
4 80 81 (1794 0 160 ) (1794 -208 160 ) (1794 -208 240 ) (1794 0 240 ) 
4 81 89 (1792 0 240 ) (1792 0 160 ) (1792 -48 160 ) (1792 -48 240 ) 
4 81 90 (1792 -48 160 ) (1792 -208 160 ) (1792 -208 240 ) (1792 -48 240 ) 
4 82 84 (1794 -208 130 ) (2048 -208 130 ) (2048 -208 160 ) (1794 -208 160 ) 
4 83 90 (1792 -256 262 ) (1792 -256 1632 ) (1792 -208 1632 ) (1792 -208 262 ) 
4 83 85 (1792 -256 1632 ) (1792 -256 262 ) (2048 -256 262 ) (2048 -256 1632 ) 
4 84 86 (2000 -256 130 ) (2048 -256 130 ) (2048 -256 260 ) (2000 -256 260 ) 
4 85 90 (1792 -258 262 ) (1792 -258 1632 ) (1792 -256 1632 ) (1792 -256 262 ) 
4 85 87 (2048 -258 1632 ) (1792 -258 1632 ) (1792 -258 262 ) (2048 -258 262 ) 
4 86 87 (2000 -258 130 ) (2048 -258 130 ) (2048 -258 260 ) (2000 -258 260 ) 
4 87 91 (1792 -448 130 ) (1792 -784 130 ) (1792 -784 1632 ) (1792 -448 1632 ) 
4 87 90 (1792 -258 130 ) (1792 -448 130 ) (1792 -448 1632 ) (1792 -258 1632 ) 
4 87 88 (2048 -784 1632 ) (1792 -784 1632 ) (1792 -784 384 ) (2048 -784 384 ) 
4 88 94 (1792 -800 384 ) (1792 -800 1632 ) (1792 -784 1632 ) (1792 -784 384 ) 
4 89 114 (1310.484375 0 130 ) (1792 0 130 ) (1792 -48 130 ) (1310.484375 -48 130 ) 
6 89 97 (1152 -48 256 ) (1152 -48 416 ) (1152 -44.001991 419.998016 ) (1152 -25.142193 432 ) (1152 0 432 ) (1152 0 256 ) 
4 89 96 (1152 -48 1363 ) (1152 -48 1632 ) (1152 0 1632 ) (1152 0 1270 ) 
5 89 90 (1792 -48 130 ) (1792 -48 1632 ) (1152 -48 1632 ) (1152 -48 256 ) (1310.484375 -48 130 ) 
4 90 116 (1152 -224 130 ) (1152 -48 130 ) (1280 -48 130 ) (1280 -224 130 ) 
4 90 123 (1152 -448 130 ) (1152 -224 130 ) (1280 -224 130 ) (1280 -448 130 ) 
5 90 115 (1280 -48 130 ) (1792 -48 130 ) (1792 -160 130 ) (1504 -448 130 ) (1280 -448 130 ) 
4 90 103 (1152 -128 130 ) (1152 -448 130 ) (1152 -448 1632 ) (1152 -128 1632 ) 
4 90 101 (1152 -128 1022 ) (1152 -128 1632 ) (1152 -64 1632 ) (1152 -64 898 ) 
3 90 99 (1152 -128 608 ) (1152 -128 656 ) (1152 -80 704 ) 
4 90 98 (1152 -128 656 ) (1152 -128 1022 ) (1152 -64 898 ) (1152 -64 720 ) 
3 90 100 (1152 -64 369.455505 ) (1152 -64 256 ) (1152 -96.001221 256 ) 
5 90 97 (1152 -64 256 ) (1152 -64 369.455505 ) (1152 -52 412 ) (1152 -48 416 ) (1152 -48 256 ) 
4 90 95 (1152 -64 720 ) (1152 -64 1632 ) (1152 -48 1632 ) (1152 -48 736 ) 
4 90 92 (1504 -448 1632 ) (1152 -448 1632 ) (1152 -448 256 ) (1504 -448 256 ) 
4 90 91 (1792 -448 130 ) (1792 -448 1632 ) (1504 -448 1632 ) (1504 -448 130 ) 
4 91 94 (1792 -784 384 ) (1792 -784 1632 ) (1504 -784 1632 ) (1504 -784 384 ) 
4 91 92 (1504 -448 1632 ) (1504 -448 256 ) (1504 -464 256 ) (1504 -464 1632 ) 
4 91 93 (1504 -464 130 ) (1504 -784 130 ) (1504 -784 1632 ) (1504 -464 1632 ) 
4 92 104 (1152 -464 256 ) (1152 -464 1632 ) (1152 -448 1632 ) (1152 -448 256 ) 
4 92 93 (1504 -464 256 ) (1504 -464 1632 ) (1152 -464 1632 ) (1152 -464 256 ) 
4 93 105 (1152 -464 130 ) (1152 -784 130 ) (1152 -784 1632 ) (1152 -464 1632 ) 
4 93 94 (1504 -784 1632 ) (1152 -784 1632 ) (1152 -784 384 ) (1504 -784 384 ) 
4 94 106 (1152 -800 384 ) (1152 -800 1632 ) (1152 -784 1632 ) (1152 -784 384 ) 
4 95 101 (1152 -64 898 ) (1152 -64 1632 ) (1136 -64 1632 ) (1136 -64 898 ) 
4 95 98 (1136 -64 736 ) (1152 -64 720 ) (1152 -64 898 ) (1136 -64 898 ) 
4 95 96 (1152 -48 1632 ) (1152 -48 1363 ) (1136 -64 1394 ) (1136 -64 1632 ) 
4 96 213 (1024 0 1632 ) (1024 0 1270 ) (1024 -64 1394 ) (1024 -64 1632 ) 
4 96 102 (1024 -64 1632 ) (1024 -64 1394 ) (1136 -64 1394 ) (1136 -64 1632 ) 
7 97 214 (1024 0 432 ) (1024 0 256 ) (1024 -64 256 ) (1024 -64 369.455505 ) (1024 -52 412 ) (1024 -44.001991 419.998016 ) (1024 -25.142193 432 ) 
4 97 100 (1024 -64 369.455505 ) (1024 -64 256 ) (1152 -64 256 ) (1152 -64 369.455505 ) 
4 98 215 (1024 -64 898 ) (1024 -64 848 ) (1024 -128 784 ) (1024 -128 1022 ) 
4 98 107 (1056 -128 1022 ) (1024 -128 1022 ) (1024 -128 784 ) (1056 -128 752 ) 
4 98 103 (1152 -128 656 ) (1152 -128 1022 ) (1056 -128 1022 ) (1056 -128 752 ) 
4 98 101 (1152 -64 897.997681 ) (1136 -64 897.997681 ) (1072 -128 1021.997681 ) (1152 -128 1021.997681 ) 
5 98 99 (1152 -128 656 ) (1024 -128 784 ) (1024 -64 848 ) (1136 -64 736 ) (1152 -80 704 ) 
4 99 216 (1024 -64 848 ) (1024 -64 736 ) (1024 -128 608 ) (1024 -128 784 ) 
4 99 107 (1056 -128 752 ) (1024 -128 784 ) (1024 -128 608 ) (1056 -128 608 ) 
4 99 103 (1152 -128 608 ) (1152 -128 656 ) (1056 -128 752 ) (1056 -128 608 ) 
3 100 217 (1024 -64 369.455505 ) (1024 -64 256 ) (1024 -96.001221 256 ) 
4 101 103 (1152 -128 1022 ) (1152 -128 1632 ) (1072 -128 1632 ) (1072 -128 1022 ) 
4 101 102 (1072 -128 1022 ) (1072 -128 1632 ) (1136 -64 1632 ) (1136 -64 1146 ) 
4 102 219 (1024 -64 1632 ) (1024 -64 1146 ) (1024 -128 1022 ) (1024 -128 1632 ) 
4 102 107 (1056 -128 1632 ) (1024 -128 1632 ) (1024 -128 1022 ) (1056 -128 1022 ) 
4 102 103 (1072 -128 1632 ) (1056 -128 1632 ) (1056 -128 1022 ) (1072 -128 1022 ) 
4 103 117 (1056 -224 130 ) (1056 -128 130 ) (1152 -128 130 ) (1152 -224 130 ) 
4 103 123 (1056 -448 130 ) (1056 -224 130 ) (1152 -224 130 ) (1152 -448 130 ) 
4 103 107 (1056 -224 1632 ) (1056 -128 1632 ) (1056 -128 463.986206 ) (1056 -224 251.986298 ) 
4 103 108 (1056 -448 1632 ) (1056 -224 1632 ) (1056 -224 130 ) (1056 -448 130 ) 
4 103 104 (1056 -448 1632 ) (1056 -448 256 ) (1152 -448 256 ) (1152 -448 1632 ) 
4 104 109 (1056 -464 1632 ) (1056 -448 1632 ) (1056 -448 380 ) (1056 -464 380 ) 
4 104 105 (1056 -464 1632 ) (1056 -464 256 ) (1152 -464 256 ) (1152 -464 1632 ) 
4 105 110 (1056 -544 130 ) (1056 -672 130 ) (1056 -672 380 ) (1056 -544 380 ) 
4 105 109 (1056 -784 1632 ) (1056 -464 1632 ) (1056 -464 380 ) (1056 -784 380 ) 
4 105 106 (1056 -784 1632 ) (1056 -784 384 ) (1152 -784 384 ) (1152 -784 1632 ) 
4 106 111 (1056 -800 1632 ) (1056 -784 1632 ) (1056 -784 384 ) (1056 -800 384 ) 
4 107 220 (1024 -224 1632 ) (1024 -128 1632 ) (1024 -128 463.986206 ) (1024 -224 251.986298 ) 
4 107 108 (1056 -224 251.986298 ) (1056 -224 1632 ) (1024 -224 1632 ) (1024 -224 251.986450 ) 
4 108 221 (1024 -448 1632 ) (1024 -224 1632 ) (1024 -224 130 ) (1024 -448 130 ) 
4 108 123 (1024 -448 130 ) (1024 -224 130 ) (1056 -224 130 ) (1056 -448 130 ) 
4 108 109 (1056 -448 380 ) (1056 -448 1632 ) (1024 -448 1632 ) (1024 -448 380 ) 
4 109 222 (1024 -784 1632 ) (1024 -448 1632 ) (1024 -448 380 ) (1024 -784 380 ) 
4 109 111 (1056 -784 384 ) (1056 -784 1632 ) (1024 -784 1632 ) (1024 -784 384 ) 
4 109 110 (1024 -672 380 ) (1024 -544 380 ) (1056 -544 380 ) (1056 -672 380 ) 
4 110 223 (1024 -544 130 ) (1024 -672 130 ) (1024 -672 380 ) (1024 -544 380 ) 
4 111 224 (1024 -800 1632 ) (1024 -784 1632 ) (1024 -784 384 ) (1024 -800 384 ) 
4 112 127 (2048 -96 24 ) (2048 -256 24 ) (1794 -256 24 ) (1794 -96 24 ) 
4 112 126 (2048 0 24 ) (2048 -96 24 ) (1794 -96 24 ) (1794 0 24 ) 
4 112 113 (1794 0 24 ) (1794 -96 24 ) (1794 -96 128 ) (1794 0 128 ) 
4 113 126 (1792 -96 24 ) (1792 0 24 ) (1794 0 24 ) (1794 -96 24 ) 
4 113 115 (1792 -48 24 ) (1792 -96 24 ) (1792 -96 128 ) (1792 -48 128 ) 
4 113 114 (1792 0 24 ) (1792 -48 24 ) (1792 -48 128 ) (1792 0 128 ) 
4 114 128 (1443.812500 0 24 ) (1792 0 24 ) (1792 -48 24 ) (1443.812500 -48 24 ) 
4 114 115 (1443.812500 -48 24 ) (1792 -48 24 ) (1792 -48 130 ) (1310.484375 -48 130 ) 
5 115 129 (1504 -448 24 ) (1280 -448 24 ) (1280 -48 24 ) (1792 -48 24 ) (1792 -160 24 ) 
4 115 124 (1376 -448 24 ) (1472 -448 24 ) (1472 -448 128 ) (1376 -448 128 ) 
4 115 119 (1280 -216 24 ) (1280 -220 24 ) (1280 -220 32 ) (1280 -216 32 ) 
4 115 118 (1280 -220 24 ) (1280 -224 24 ) (1280 -224 32 ) (1280 -220 32 ) 
4 115 116 (1280 -224 32 ) (1280 -224 130 ) (1280 -48 130 ) (1280 -48 32 ) 
4 115 123 (1280 -224 24 ) (1280 -448 24 ) (1280 -448 130 ) (1280 -224 130 ) 
7 116 121 (1152 -218 32 ) (1152 -48 32 ) (1274 -48 32 ) (1274 -210.499908 32 ) (1272 -214 32 ) (1270 -216 32 ) (1266.500000 -218 32 ) 
3 116 120 (1278 -220 32 ) (1277.333374 -221.333313 32 ) (1276 -222 32 ) 
3 116 119 (1280 -216 32 ) (1280 -220 32 ) (1277.333374 -221.333313 32 ) 
3 116 118 (1280 -224 32 ) (1272 -224 32 ) (1280 -220 32 ) 
4 116 117 (1152 -128 32 ) (1152 -224 32 ) (1152 -224 130 ) (1152 -128 130 ) 
4 116 123 (1280 -224 32 ) (1280 -224 130 ) (1152 -224 130 ) (1152 -224 32 ) 
4 117 122 (1056 -218 32 ) (1056 -128 32 ) (1152 -128 32 ) (1152 -218 32 ) 
4 117 123 (1152 -224 130 ) (1056 -224 130 ) (1056 -224 32 ) (1152 -224 32 ) 
3 118 130 (1280 -220 24 ) (1280 -224 24 ) (1272 -224 24 ) 
4 118 120 (1276 -222 32 ) (1277.333374 -221.333298 32 ) (1277.333374 -221.333298 24 ) (1276 -222 24 ) 
4 118 119 (1277.333374 -221.333298 32 ) (1280 -220 32 ) (1280 -220 24 ) (1277.333374 -221.333298 24 ) 
4 118 123 (1272 -224 24 ) (1280 -224 24 ) (1280 -224 32 ) (1272 -224 32 ) 
3 119 131 (1280 -216 24 ) (1280 -220 24 ) (1277.333374 -221.333313 24 ) 
4 119 120 (1277.333984 -221.332031 24 ) (1277.333984 -221.332031 32 ) (1278 -220 32 ) (1278 -220 24 ) 
3 120 132 (1278 -220 24 ) (1277.333374 -221.333313 24 ) (1276 -222 24 ) 
7 121 136 (1272 -214 24 ) (1270 -216 24 ) (1266.500000 -218 24 ) (1152 -218 24 ) (1152 -48 24 ) (1274 -48 24 ) (1274 -210.499908 24 ) 
4 121 122 (1152 -128 24 ) (1152 -218 24 ) (1152 -218 32 ) (1152 -128 32 ) 
4 122 137 (1056 -128 24 ) (1152 -128 24 ) (1152 -218 24 ) (1056 -218 24 ) 
4 123 256 (1024 -448 130 ) (1024 -224 130 ) (1024 -224 24 ) (1024 -448 24 ) 
4 123 138 (1280 -448 24 ) (1024 -448 24 ) (1024 -224 24 ) (1280 -224 24 ) 
4 124 139 (1376 -448 24 ) (1472 -448 24 ) (1472 -704 24 ) (1376 -704 24 ) 
4 124 125 (1376 -704 24 ) (1472 -704 24 ) (1472 -704 128 ) (1376 -704 128 ) 
4 125 260 (1024 -800 128 ) (1024 -704 128 ) (1024 -704 24 ) (1024 -800 24 ) 
4 125 140 (1024 -800 24 ) (1024 -704 24 ) (1472 -704 24 ) (1472 -800 24 ) 
4 126 129 (1792 -48 2 ) (1792 -96 2 ) (1792 -96 24 ) (1792 -48 24 ) 
4 126 128 (1792 0 2 ) (1792 -48 2 ) (1792 -48 24 ) (1792 0 24 ) 
4 126 127 (1794 -96 2 ) (2048 -96 2 ) (2048 -96 24 ) (1794 -96 24 ) 
4 128 129 (1471.484375 -48 2 ) (1792 -48 2 ) (1792 -48 24 ) (1443.812500 -48 24 ) 
4 129 139 (1376 -448 2 ) (1472 -448 2 ) (1472 -448 24 ) (1376 -448 24 ) 
4 129 134 (1280 -216 2 ) (1280 -220 2 ) (1280 -220 4 ) (1280 -216 4 ) 
4 129 133 (1280 -220 2 ) (1280 -224 2 ) (1280 -224 4 ) (1280 -220 4 ) 
4 129 131 (1280 -220 24 ) (1280 -216 24 ) (1280 -216 4 ) (1280 -220 4 ) 
4 129 130 (1280 -224 4 ) (1280 -224 24 ) (1280 -220 24 ) (1280 -220 4 ) 
4 129 138 (1280 -224 2 ) (1280 -448 2 ) (1280 -448 24 ) (1280 -224 24 ) 
3 130 133 (1280 -224 4 ) (1272 -224 4 ) (1280 -220 4 ) 
4 130 132 (1277.333374 -221.333298 4 ) (1276 -222 4 ) (1276 -222 24 ) (1277.333374 -221.333298 24 ) 
4 130 131 (1280 -220 24 ) (1280 -220 4 ) (1277.333374 -221.333298 4 ) (1277.333374 -221.333298 24 ) 
4 130 138 (1280 -224 4 ) (1280 -224 24 ) (1272 -224 24 ) (1272 -224 4 ) 
3 131 134 (1280 -216 4 ) (1280 -220 4 ) (1277.333374 -221.333328 4 ) 
4 131 132 (1278 -220 4 ) (1277.333984 -221.332031 4 ) (1277.333984 -221.332031 24 ) (1278 -220 24 ) 
3 132 135 (1278 -220 4 ) (1277.333374 -221.333328 4 ) (1276 -222 4 ) 
4 133 135 (1276 -222 4 ) (1277.333374 -221.333298 4 ) (1277.333374 -221.333298 2 ) (1276 -222 2 ) 
4 133 134 (1277.333374 -221.333298 4 ) (1280 -220 4 ) (1280 -220 2 ) (1277.333374 -221.333298 2 ) 
4 133 138 (1272 -224 2 ) (1280 -224 2 ) (1280 -224 4 ) (1272 -224 4 ) 
4 134 135 (1277.333984 -221.332031 2 ) (1277.333984 -221.332031 4 ) (1278 -220 4 ) (1278 -220 2 ) 
4 136 137 (1152 -218 4 ) (1152 -218 24 ) (1152 -128 24 ) (1152 -128 4 ) 
4 138 269 (1024 -448 24 ) (1024 -224 24 ) (1024 -224 2 ) (1024 -448 2 ) 
4 139 140 (1376 -704 2 ) (1472 -704 2 ) (1472 -704 24 ) (1376 -704 24 ) 
4 140 275 (1024 -800 24 ) (1024 -704 24 ) (1024 -704 2 ) (1024 -800 2 ) 
4 141 146 (992 784 384 ) (992 784 1632 ) (992 800 1632 ) (992 800 384 ) 
4 141 142 (992 784 1632 ) (992 784 384 ) (1024 784 384 ) (1024 784 1632 ) 
4 142 148 (992 448 380 ) (992 448 1632 ) (992 464 1632 ) (992 464 380 ) 
4 142 147 (992 464 1632 ) (992 784 1632 ) (992 784 380 ) (992 464 380 ) 
4 142 144 (992 448 1632 ) (992 448 380 ) (1024 448 380 ) (1024 448 1632 ) 
4 142 143 (992 544 380 ) (992 672 380 ) (1024 672 380 ) (1024 544 380 ) 
4 143 147 (992 672 130 ) (992 544 130 ) (992 544 380 ) (992 672 380 ) 
4 144 177 (1024 448 130 ) (1024 224 130 ) (992 224 130 ) (992 448 130 ) 
4 144 149 (992 448 130 ) (992 224 130 ) (992 224 1632 ) (992 448 1632 ) 
4 144 145 (992 224 1632 ) (992 224 251.986450 ) (1024 224 251.986298 ) (1024 224 1632 ) 
4 145 153 (1024 128 608 ) (1024 128 784 ) (992 128 752 ) (992 128 608 ) 
4 145 152 (1024 128 1022 ) (1024 128 1632 ) (992 128 1632 ) (992 128 1022 ) 
4 145 151 (1024 128 784 ) (1024 128 1022 ) (992 128 1022 ) (992 128 752 ) 
4 145 149 (992 128 463.986359 ) (992 128 1632 ) (992 224 1632 ) (992 224 251.986450 ) 
4 146 158 (896 784 384 ) (896 784 1632 ) (896 800 1632 ) (896 800 384 ) 
4 146 147 (992 784 384 ) (992 784 1632 ) (896 784 1632 ) (896 784 384 ) 
4 147 159 (896 784 130 ) (896 464 130 ) (896 464 1632 ) (896 784 1632 ) 
4 147 148 (992 464 256 ) (992 464 1632 ) (896 464 1632 ) (896 464 256 ) 
4 148 160 (896 448 256 ) (896 448 1632 ) (896 464 1632 ) (896 464 256 ) 
4 148 149 (992 448 256 ) (992 448 1632 ) (896 448 1632 ) (896 448 256 ) 
4 149 178 (896 128 130 ) (896 224 130 ) (992 224 130 ) (992 128 130 ) 
4 149 177 (896 224 130 ) (896 448 130 ) (992 448 130 ) (992 224 130 ) 
4 149 161 (896 448 130 ) (896 128 130 ) (896 128 1632 ) (896 448 1632 ) 
4 149 153 (896 128 656 ) (896 128 608 ) (992 128 608 ) (992 128 752 ) 
4 149 152 (992 128 1022 ) (992 128 1632 ) (976 128 1632 ) (976 128 1022 ) 
4 149 151 (976 128 736 ) (992 128 752 ) (992 128 1022 ) (976 128 1022 ) 
4 149 150 (896 128 1632 ) (896 128 656 ) (976 128 736 ) (976 128 1632 ) 
4 150 161 (896 64 720 ) (896 64 1632 ) (896 128 1632 ) (896 128 656 ) 
4 150 155 (896 64 1632 ) (896 64 720 ) (912 64 736 ) (912 64 1632 ) 
4 150 153 (896 128 656 ) (976 128 736 ) (912 64 736 ) (896 80 704 ) 
4 150 152 (976 128 1022 ) (976 128 1632 ) (912 64 1632 ) (912 64 1146 ) 
4 150 151 (912 64 735.998047 ) (976 128 735.998047 ) (976 128 1022 ) (912 64 898 ) 
4 151 153 (976 128 736 ) (1024 128 784 ) (1024 64 848 ) (912 64 736 ) 
4 152 156 (1024 64 1394 ) (1024 64 1632 ) (912 64 1632 ) (912 64 1394 ) 
3 153 161 (896 80 704 ) (896 128 656 ) (896 128 608 ) 
3 154 161 (896 64 256 ) (896 64 369.452820 ) (896 95.998604 256 ) 
4 154 157 (896 64 369.452820 ) (896 64 256 ) (1024 64 256 ) (1024 64 369.452820 ) 
4 155 161 (896 64 1632 ) (896 64 720 ) (896 48 736 ) (896 48 1632 ) 
4 155 156 (896 48.003834 1632 ) (896 48.003849 1363.007324 ) (911.996155 64 1394 ) (911.996155 64 1632 ) 
4 156 213 (1024 0 1270 ) (1024 0 1632 ) (896 0 1632 ) (896 0 1270 ) 
4 156 163 (896 0 1270 ) (896 0 1632 ) (896 48 1632 ) (896 48 1363 ) 
4 157 214 (1024 0 256 ) (1024 0 432 ) (896 0 432 ) (896 0 256 ) 
6 157 163 (896 0 256 ) (896 0 432 ) (896 25.142719 432 ) (896 44.001038 419.998993 ) (896 48 416 ) (896 48 256 ) 
5 157 161 (896 48 416 ) (896 52 412 ) (896 64 369.452820 ) (896 64 256 ) (896 48 256 ) 
4 158 164 (256 784 384 ) (256 784 1632 ) (256 800 1632 ) (256 800 384 ) 
4 158 159 (896 784 384 ) (896 784 1632 ) (256 784 1632 ) (256 784 384 ) 
4 159 165 (256 784 130 ) (256 464 130 ) (256 464 1632 ) (256 784 1632 ) 
4 159 160 (896 464 256 ) (896 464 1632 ) (544 464 1632 ) (544 464 256 ) 
4 159 162 (544 464 1632 ) (256 464 1632 ) (256 464 130 ) (544 464 130 ) 
4 160 161 (544 448 1632 ) (544 448 256 ) (896 448 256 ) (896 448 1632 ) 
4 160 162 (544 464 1632 ) (544 464 256 ) (544 448 256 ) (544 448 1632 ) 
4 161 179 (896 224 130 ) (896 48 130 ) (544 48 130 ) (544 224 130 ) 
4 161 177 (896 448 130 ) (896 224 130 ) (544 224 130 ) (544 448 130 ) 
5 161 163 (896 48 256 ) (896 48 1632 ) (544 48 1632 ) (544 48 130 ) (737.515625 48 130 ) 
4 161 162 (544 448 130 ) (544 48 130 ) (544 48 1632 ) (544 448 1632 ) 
5 162 179 (256 48 130 ) (256 160 130 ) (320 224 130 ) (544 224 130 ) (544 48 130 ) 
3 162 177 (544 448 130 ) (544 224 130 ) (320 224 130 ) 
4 162 172 (256 48 160 ) (256 48 240 ) (256 208 240 ) (256 208 160 ) 
4 162 170 (256 48 262 ) (256 48 1632 ) (256 208 1632 ) (256 208 262 ) 
4 162 168 (256 208 262 ) (256 208 1632 ) (256 256 1632 ) (256 256 262 ) 
4 162 166 (256 256 262 ) (256 256 1632 ) (256 258 1632 ) (256 258 262 ) 
4 162 165 (256 464 130 ) (256 258 130 ) (256 258 1632 ) (256 464 1632 ) 
4 162 163 (544 48 1632 ) (256 48 1632 ) (256 48 130 ) (544 48 130 ) 
5 163 229 (256 0 1632 ) (256 0 130 ) (737.515625 0 130 ) (896 0 256 ) (896 0 1632 ) 
4 163 180 (737.515625 0 130 ) (256 0 130 ) (256 48 130 ) (737.515625 48 130 ) 
4 163 172 (256 0 160 ) (256 0 240 ) (256 48 240 ) (256 48 160 ) 
4 163 170 (256 0 262 ) (256 0 1632 ) (256 48 1632 ) (256 48 262 ) 
4 164 204 (0 784 384 ) (0 784 1632 ) (0 800 1632 ) (0 800 384 ) 
4 164 165 (256 784 384 ) (256 784 1632 ) (0 784 1632 ) (0 784 384 ) 
4 165 205 (0 784 130 ) (0 258 130 ) (0 258 1632 ) (0 784 1632 ) 
4 165 167 (0 258 130 ) (48 258 130 ) (48 258 260 ) (0 258 260 ) 
4 165 166 (256 258 262 ) (256 258 1632 ) (0 258 1632 ) (0 258 262 ) 
4 166 206 (0 256 262 ) (0 256 1632 ) (0 258 1632 ) (0 258 262 ) 
4 166 168 (256 256 262 ) (256 256 1632 ) (0 256 1632 ) (0 256 262 ) 
4 167 207 (0 258 130 ) (0 256 130 ) (0 256 260 ) (0 258 260 ) 
4 167 169 (0 256 130 ) (48 256 130 ) (48 256 260 ) (0 256 260 ) 
4 168 206 (0 256 1632 ) (0 256 262 ) (0 208 262 ) (0 208 1632 ) 
4 168 170 (0 208 1632 ) (0 208 262 ) (256 208 262 ) (256 208 1632 ) 
4 169 207 (0 256 260 ) (0 256 130 ) (0 208 130 ) (0 208 260 ) 
4 169 174 (0 208 160 ) (0 208 130 ) (254 208 130 ) (254 208 160 ) 
4 169 173 (0 208 240 ) (0 208 160 ) (254 208 160 ) (254 208 240 ) 
4 169 171 (0 208 260 ) (0 208 240 ) (254 208 240 ) (254 208 260 ) 
4 170 235 (0 0 1632 ) (0 0 262 ) (256 0 262 ) (256 0 1632 ) 
4 170 206 (0 0 262 ) (0 0 1632 ) (0 208 1632 ) (0 208 262 ) 
4 171 236 (0 0 260 ) (0 0 240 ) (254 0 240 ) (254 0 260 ) 
4 171 207 (0 0 240 ) (0 0 260 ) (0 208 260 ) (0 208 240 ) 
4 171 173 (0 208 240 ) (254 208 240 ) (254 0 240 ) (0 0 240 ) 
4 172 237 (254 0 160 ) (256 0 160 ) (256 0 240 ) (254 0 240 ) 
4 172 173 (254 208 160 ) (254 0 160 ) (254 0 240 ) (254 208 240 ) 
4 173 238 (0 0 240 ) (0 0 160 ) (254 0 160 ) (254 0 240 ) 
4 173 207 (0 0 160 ) (0 0 240 ) (0 208 240 ) (0 208 160 ) 
4 173 174 (0 0 160 ) (0 208 160 ) (254 208 160 ) (254 0 160 ) 
4 174 239 (0 0 160 ) (0 0 130 ) (254 0 130 ) (254 0 160 ) 
4 174 207 (0 0 130 ) (0 0 160 ) (0 208 160 ) (0 208 130 ) 
4 175 191 (1024 800 24 ) (1024 704 24 ) (576 704 24 ) (576 800 24 ) 
4 175 176 (576 704 128 ) (576 704 24 ) (672 704 24 ) (672 704 128 ) 
4 176 192 (672 448 24 ) (576 448 24 ) (576 704 24 ) (672 704 24 ) 
4 176 177 (576 448 24 ) (672 448 24 ) (672 448 128 ) (576 448 128 ) 
4 177 200 (544 448 24 ) (768 448 24 ) (768 224 24 ) (320 224 24 ) 
4 177 193 (768 448 24 ) (1024 448 24 ) (1024 224 24 ) (768 224 24 ) 
4 177 187 (320 224 24 ) (768 224 24 ) (768 224 32 ) (320 224 32 ) 
4 177 185 (768 224 24 ) (775.996948 224 24 ) (775.996948 224 32 ) (768 224 32 ) 
4 177 179 (896 224 130 ) (320 224 130 ) (320 224 32 ) (896 224 32 ) 
4 177 178 (992 224 130 ) (896 224 130 ) (896 224 32 ) (992 224 32 ) 
4 178 181 (896 128 32 ) (896 218 32 ) (992 218 32 ) (992 128 32 ) 
4 178 179 (896 224 130 ) (896 224 32 ) (896 128 32 ) (896 128 130 ) 
4 179 190 (256 96 32 ) (256 48 32 ) (256 48 128 ) (256 96 128 ) 
6 179 187 (256 48 32 ) (256 160 32 ) (320 224 32 ) (768 224 32 ) (768 206 32 ) (610 48 32 ) 
3 179 186 (768 215.998810 32 ) (768 219.998505 32 ) (770.667053 221.333054 32 ) 
3 179 185 (768 224 32 ) (775.996948 224 32 ) (768 219.998505 32 ) 
3 179 183 (768 48 32 ) (610 48 32 ) (768 206 32 ) 
7 179 182 (896 218 32 ) (896 48 32 ) (774 48 32 ) (774 210.500015 32 ) (776 214 32 ) (778 216 32 ) (781.500000 218 32 ) 
4 179 180 (256 48 130 ) (256 48 32 ) (614.250000 48 32 ) (737.515625 48 130 ) 
4 180 247 (737.515625 0 130 ) (256 0 130 ) (256 0 32 ) (614.250000 0 32 ) 
4 180 190 (256 0 32 ) (256 0 128 ) (256 48 128 ) (256 48 32 ) 
4 180 188 (562 0 32 ) (256 0 32 ) (256 48 32 ) (610 48 32 ) 
4 180 184 (614.250000 0 32 ) (562 0 32 ) (610 48 32 ) (614.250000 48 32 ) 
4 181 194 (992 128 24 ) (896 128 24 ) (896 218 24 ) (992 218 24 ) 
4 181 182 (896 128 32 ) (896 218 32 ) (896 218 24 ) (896 128 24 ) 
7 182 195 (776 214 24 ) (778 216 24 ) (781.500000 218 24 ) (896 218 24 ) (896 48 24 ) (774 48 24 ) (774 210.500015 24 ) 
3 183 200 (610 48 24 ) (768 206 24 ) (768 48 24 ) 
4 183 187 (610 48 32 ) (768 206 32 ) (768 206 24 ) (610 48 24 ) 
3 183 184 (610.001953 48 32 ) (610.001953 48 28.622681 ) (614.250000 48 32 ) 
4 184 254 (614.250000 0 32 ) (562 0 32 ) (562 0 24 ) (604.187500 0 24 ) 
3 184 201 (604.187500 0 24 ) (562 0 24 ) (604.187439 42.187389 24 ) 
5 184 188 (562 0 32 ) (610 48 32 ) (610 48 28.621143 ) (604.187500 42.187485 24 ) (562 0 24 ) 
3 185 196 (768 224 24 ) (775.996948 224 24 ) (768 219.998505 24 ) 
4 185 187 (768 219.998505 32 ) (768 224 32 ) (768 224 24 ) (768 219.998505 24 ) 
4 185 186 (768 220 32 ) (768 220 24 ) (770.667175 221.333588 24 ) (770.667358 221.333679 32 ) 
3 186 197 (768 216 24 ) (768 219.998505 24 ) (770.666870 221.332962 24 ) 
4 186 187 (768 215.998840 32 ) (768 219.998505 32 ) (768 219.998505 24 ) (768 216 24 ) 
6 187 200 (256 48 24 ) (256 160 24 ) (320 224 24 ) (768 224 24 ) (768 206 24 ) (610 48 24 ) 
4 187 190 (256 96 24 ) (256 48 24 ) (256 48 32 ) (256 96 32 ) 
5 187 188 (610.001953 48 28.622681 ) (610.001953 48 32 ) (256 48 32 ) (256 48 24 ) (604.187500 48 24 ) 
4 188 254 (562 0 32 ) (256 0 32 ) (256 0 24 ) (562 0 24 ) 
5 188 201 (562 0 24 ) (256 0 24 ) (256 48 24 ) (604.187439 48 24 ) (604.187439 42.187386 24 ) 
4 188 190 (256 48 24 ) (256 0 24 ) (256 0 32 ) (256 48 32 ) 
4 189 210 (0 96 128 ) (0 256 128 ) (0 256 24 ) (0 96 24 ) 
4 189 202 (0 96 24 ) (0 256 24 ) (252 256 24 ) (252 96 24 ) 
4 189 190 (0 96 24 ) (252 96 24 ) (252 96 128 ) (0 96 128 ) 
4 190 257 (0 0 128 ) (0 0 24 ) (256 0 24 ) (256 0 128 ) 
4 190 210 (0 0 24 ) (0 0 128 ) (0 96 128 ) (0 96 24 ) 
4 190 203 (0 0 24 ) (0 96 24 ) (256 96 24 ) (256 0 24 ) 
4 191 192 (576 704 24 ) (576 704 2 ) (672 704 2 ) (672 704 24 ) 
4 192 200 (672 448 2 ) (672 448 24 ) (576 448 24 ) (576 448 2 ) 
4 193 200 (768 448 24 ) (768 448 2 ) (768 224 2 ) (768 224 24 ) 
4 193 198 (768 224 4 ) (768 224 2 ) (775.996948 224 2 ) (775.996948 224 4 ) 
4 193 196 (768 224 24 ) (768 224 4 ) (775.996948 224 4 ) (775.996948 224 24 ) 
4 194 195 (896 218 24 ) (896 218 4 ) (896 128 4 ) (896 128 24 ) 
4 196 200 (768 219.998505 24 ) (768 224 24 ) (768 224 4 ) (768 219.998505 4 ) 
3 196 198 (768 219.998505 4 ) (768 224 4 ) (775.996948 224 4 ) 
4 196 197 (768 219.996094 24 ) (768 219.996094 4 ) (770.664917 221.329865 4 ) (770.664917 221.329865 24 ) 
4 197 200 (768 216 24 ) (768 219.998505 24 ) (768 219.998505 4 ) (768 216 4 ) 
3 197 199 (768 216 4 ) (768 219.998505 4 ) (770.666321 221.332672 4 ) 
4 198 200 (768 224 2 ) (768 219.998505 2 ) (768 219.998505 4 ) (768 224 4 ) 
4 198 199 (770.665466 221.330963 4 ) (768 219.997223 4 ) (768 219.997223 2 ) (770.665466 221.330963 2 ) 
4 199 200 (768 219.998505 2 ) (768 216 2 ) (768 216 4 ) (768 219.998505 4 ) 
4 200 203 (256 96 2 ) (256 48 2 ) (256 48 24 ) (256 96 24 ) 
4 200 201 (256 48 24 ) (256 48 2 ) (576.515625 48 2 ) (604.187439 48 24 ) 
4 201 270 (604.187439 0 24 ) (256 0 24 ) (256 0 2 ) (576.515625 0 2 ) 
4 201 203 (256 48 2 ) (256 0 2 ) (256 0 24 ) (256 48 24 ) 
4 202 210 (0 96 24 ) (0 256 24 ) (0 256 2 ) (0 96 2 ) 
4 202 203 (0 96 2 ) (252 96 2 ) (252 96 24 ) (0 96 24 ) 
4 203 272 (256 0 24 ) (0 0 24 ) (0 0 2 ) (256 0 2 ) 
4 203 210 (0 0 2 ) (0 0 24 ) (0 96 24 ) (0 96 2 ) 
4 204 209 (-240 784 384 ) (-240 784 1632 ) (-240 800 1632 ) (-240 800 384 ) 
4 204 205 (0 784 1632 ) (-240 784 1632 ) (-240 784 384 ) (0 784 384 ) 
4 205 209 (-240 258 384 ) (-240 258 1632 ) (-240 784 1632 ) (-240 784 384 ) 
4 205 207 (-48 258 130 ) (0 258 130 ) (0 258 260 ) (-48 258 260 ) 
4 205 206 (0 258 1632 ) (-240 258 1632 ) (-240 258 262 ) (0 258 262 ) 
4 206 276 (0 0 262 ) (0 0 1632 ) (-240 0 1632 ) (-240 0 262 ) 
4 206 209 (-240 0 384 ) (-240 0 1632 ) (-240 258 1632 ) (-240 258 384 ) 
4 207 277 (0 0 130 ) (0 0 260 ) (-48 0 260 ) (-48 0 130 ) 
4 207 208 (-48 0 260 ) (-48 256 260 ) (-48 256 130 ) (-48 0 130 ) 
4 208 278 (-48 0 260 ) (-240 0 260 ) (-240 0 130 ) (-48 0 130 ) 
4 208 211 (-144 0 130 ) (-240 0 130 ) (-240 128 130 ) (-144 128 130 ) 
4 209 281 (-256 0 1632 ) (-256 0 384 ) (-240 0 384 ) (-240 0 1632 ) 
4 210 283 (0 0 2 ) (0 0 128 ) (-144 0 128 ) (-144 0 2 ) 
3 210 211 (-144 0 61.733341 ) (-144 0 128 ) (-144 124.249985 128 ) 
4 211 284 (-240 0 128 ) (-240 0 61.733337 ) (-144 0 61.733337 ) (-144 0 128 ) 
4 211 282 (-144 0 130 ) (-240 0 130 ) (-240 0 128 ) (-144 0 128 ) 
4 212 230 (896 -48 736 ) (896 -64 720 ) (896 -64 1632 ) (896 -48 1632 ) 
4 212 218 (896 -64 1632 ) (896 -64 898 ) (912 -64 898 ) (912 -64 1632 ) 
4 212 215 (896 -64 898 ) (896 -64 720 ) (912 -64 736 ) (912 -64 898 ) 
4 212 213 (896 -48 1363 ) (896 -48 1632 ) (912 -64 1632 ) (912 -64 1394 ) 
4 213 229 (896 0 1632 ) (896 0 1270 ) (896 -48 1363 ) (896 -48 1632 ) 
4 213 219 (1024 -64 1394 ) (1024 -64 1632 ) (912 -64 1632 ) (912 -64 1394 ) 
5 214 230 (896 -48 256 ) (896 -64 256 ) (896 -64 369.455505 ) (896 -52 412 ) (896 -48 416 ) 
6 214 229 (896 0 432 ) (896 0 256 ) (896 -48 256 ) (896 -48 416 ) (896 -44.001991 419.998016 ) (896 -25.142193 432 ) 
4 214 217 (896 -64 369.455505 ) (896 -64 256 ) (1024 -64 256 ) (1024 -64 369.455505 ) 
4 215 230 (896 -128 656 ) (896 -128 1022 ) (896 -64 898 ) (896 -64 720 ) 
4 215 225 (896 -128 1022 ) (896 -128 656 ) (992 -128 752 ) (992 -128 1022 ) 
4 215 220 (992 -128 752 ) (1024 -128 784 ) (1024 -128 1022 ) (992 -128 1022 ) 
4 215 218 (912 -64 897.997681 ) (896 -64 897.997681 ) (896 -128 1021.997681 ) (976 -128 1021.997681 ) 
5 215 216 (911.996643 -64 736 ) (1024 -64 848.003052 ) (1024 -128 784.003235 ) (896 -128 656.003418 ) (896 -79.996590 704.006836 ) 
3 216 230 (896 -128 608 ) (896 -128 656 ) (896 -80 704 ) 
4 216 225 (896 -128 656 ) (896 -128 608 ) (992 -128 608 ) (992 -128 752 ) 
4 216 220 (992 -128 608 ) (1024 -128 608 ) (1024 -128 784 ) (992 -128 752 ) 
3 217 230 (896 -64 369.455505 ) (896 -64 256 ) (896 -96.001221 256 ) 
4 218 230 (896 -128 1022 ) (896 -128 1632 ) (896 -64 1632 ) (896 -64 898 ) 
4 218 225 (896 -128 1632 ) (896 -128 1022 ) (976 -128 1022 ) (976 -128 1632 ) 
4 218 219 (976 -128 1021.997803 ) (912 -64 1146 ) (912 -64 1632 ) (976 -128 1632 ) 
4 219 225 (976 -128 1022 ) (992 -128 1022 ) (992 -128 1632 ) (976 -128 1632 ) 
4 219 220 (992 -128 1022 ) (1024 -128 1022 ) (1024 -128 1632 ) (992 -128 1632 ) 
4 220 225 (992 -224 1632 ) (992 -128 1632 ) (992 -128 463.986206 ) (992 -224 251.986298 ) 
4 220 221 (992 -224 1632 ) (992 -224 251.986450 ) (1024 -224 251.986298 ) (1024 -224 1632 ) 
4 221 256 (992 -448 130 ) (992 -224 130 ) (1024 -224 130 ) (1024 -448 130 ) 
4 221 225 (992 -448 1632 ) (992 -224 1632 ) (992 -224 130 ) (992 -448 130 ) 
4 221 222 (992 -448 1632 ) (992 -448 380 ) (1024 -448 380 ) (1024 -448 1632 ) 
4 222 226 (992 -464 1632 ) (992 -448 1632 ) (992 -448 380 ) (992 -464 380 ) 
4 222 227 (992 -784 1632 ) (992 -464 1632 ) (992 -464 380 ) (992 -784 380 ) 
4 222 224 (992 -784 1632 ) (992 -784 384 ) (1024 -784 384 ) (1024 -784 1632 ) 
4 222 223 (992 -672 380 ) (992 -544 380 ) (1024 -544 380 ) (1024 -672 380 ) 
4 223 227 (992 -544 130 ) (992 -672 130 ) (992 -672 380 ) (992 -544 380 ) 
4 224 228 (992 -800 1632 ) (992 -784 1632 ) (992 -784 384 ) (992 -800 384 ) 
4 225 256 (896 -448 130 ) (896 -224 130 ) (992 -224 130 ) (992 -448 130 ) 
4 225 246 (896 -224 130 ) (896 -128 130 ) (992 -128 130 ) (992 -224 130 ) 
4 225 230 (896 -128 130 ) (896 -448 130 ) (896 -448 1632 ) (896 -128 1632 ) 
4 225 226 (992 -448 256 ) (992 -448 1632 ) (896 -448 1632 ) (896 -448 256 ) 
4 226 231 (896 -464 256 ) (896 -464 1632 ) (896 -448 1632 ) (896 -448 256 ) 
4 226 227 (992 -464 256 ) (992 -464 1632 ) (896 -464 1632 ) (896 -464 256 ) 
4 227 233 (896 -464 130 ) (896 -784 130 ) (896 -784 1632 ) (896 -464 1632 ) 
4 227 228 (992 -784 384 ) (992 -784 1632 ) (896 -784 1632 ) (896 -784 384 ) 
4 228 234 (896 -800 384 ) (896 -800 1632 ) (896 -784 1632 ) (896 -784 384 ) 
4 229 247 (256 -48 130 ) (256 0 130 ) (737.515625 0 130 ) (737.515625 -48 130 ) 
4 229 237 (256 -48 160 ) (256 -48 240 ) (256 0 240 ) (256 0 160 ) 
4 229 235 (256 -48 262 ) (256 -48 1632 ) (256 0 1632 ) (256 0 262 ) 
5 229 230 (896 -48 256 ) (896 -48 1632 ) (544 -48 1632 ) (544 -48 130 ) (737.515625 -48 130 ) 
4 229 232 (544 -48 1632 ) (256 -48 1632 ) (256 -48 130 ) (544 -48 130 ) 
4 230 256 (896 -224 130 ) (896 -448 130 ) (544 -448 130 ) (544 -224 130 ) 
4 230 248 (544 -48 130 ) (896 -48 130 ) (896 -224 130 ) (544 -224 130 ) 
4 230 231 (544 -448 1632 ) (544 -448 256 ) (896 -448 256 ) (896 -448 1632 ) 
4 230 232 (544 -48 1632 ) (544 -48 130 ) (544 -448 130 ) (544 -448 1632 ) 
4 231 233 (896 -464 256 ) (896 -464 1632 ) (544 -464 1632 ) (544 -464 256 ) 
4 231 232 (544 -464 256 ) (544 -464 1632 ) (544 -448 1632 ) (544 -448 256 ) 
3 232 256 (320 -224 130 ) (544 -224 130 ) (544 -448 130 ) 
5 232 248 (256 -160 130 ) (256 -48 130 ) (544 -48 130 ) (544 -224 130 ) (320 -224 130 ) 
4 232 244 (256 -258 130 ) (256 -464 130 ) (256 -464 1632 ) (256 -258 1632 ) 
4 232 242 (256 -258 262 ) (256 -258 1632 ) (256 -256 1632 ) (256 -256 262 ) 
4 232 240 (256 -256 262 ) (256 -256 1632 ) (256 -208 1632 ) (256 -208 262 ) 
4 232 237 (256 -208 160 ) (256 -208 240 ) (256 -48 240 ) (256 -48 160 ) 
4 232 235 (256 -208 262 ) (256 -208 1632 ) (256 -48 1632 ) (256 -48 262 ) 
4 232 233 (544 -464 1632 ) (256 -464 1632 ) (256 -464 130 ) (544 -464 130 ) 
4 233 244 (256 -464 130 ) (256 -784 130 ) (256 -784 1632 ) (256 -464 1632 ) 
4 233 234 (896 -784 384 ) (896 -784 1632 ) (256 -784 1632 ) (256 -784 384 ) 
4 234 245 (256 -800 384 ) (256 -800 1632 ) (256 -784 1632 ) (256 -784 384 ) 
4 235 276 (0 0 1632 ) (0 0 262 ) (0 -208 262 ) (0 -208 1632 ) 
4 235 240 (0 -208 1632 ) (0 -208 262 ) (256 -208 262 ) (256 -208 1632 ) 
4 236 277 (0 0 260 ) (0 0 240 ) (0 -208 240 ) (0 -208 260 ) 
4 236 241 (0 -208 260 ) (0 -208 240 ) (254 -208 240 ) (254 -208 260 ) 
4 236 238 (254 -208 240 ) (0 -208 240 ) (0 0 240 ) (254 0 240 ) 
4 237 238 (254 0 160 ) (254 -208 160 ) (254 -208 240 ) (254 0 240 ) 
4 238 277 (0 0 240 ) (0 0 160 ) (0 -208 160 ) (0 -208 240 ) 
4 238 241 (0 -208 240 ) (0 -208 160 ) (254 -208 160 ) (254 -208 240 ) 
4 238 239 (254 -208 160 ) (0 -208 160 ) (0 0 160 ) (254 0 160 ) 
4 239 277 (0 0 160 ) (0 0 130 ) (0 -208 130 ) (0 -208 160 ) 
4 239 241 (0 -208 160 ) (0 -208 130 ) (254 -208 130 ) (254 -208 160 ) 
4 240 276 (0 -256 262 ) (0 -256 1632 ) (0 -208 1632 ) (0 -208 262 ) 
4 240 242 (256 -256 262 ) (256 -256 1632 ) (0 -256 1632 ) (0 -256 262 ) 
4 241 277 (0 -208 130 ) (0 -256 130 ) (0 -256 260 ) (0 -208 260 ) 
4 241 243 (0 -256 130 ) (48 -256 130 ) (48 -256 260 ) (0 -256 260 ) 
4 242 276 (0 -258 262 ) (0 -258 1632 ) (0 -256 1632 ) (0 -256 262 ) 
4 242 244 (256 -258 262 ) (256 -258 1632 ) (0 -258 1632 ) (0 -258 262 ) 
4 243 277 (0 -256 130 ) (0 -258 130 ) (0 -258 260 ) (0 -256 260 ) 
4 243 244 (0 -258 130 ) (48 -258 130 ) (48 -258 260 ) (0 -258 260 ) 
4 244 279 (0 -258 130 ) (0 -784 130 ) (0 -784 1632 ) (0 -258 1632 ) 
4 244 245 (256 -784 384 ) (256 -784 1632 ) (0 -784 1632 ) (0 -784 384 ) 
4 245 280 (0 -800 384 ) (0 -800 1632 ) (0 -784 1632 ) (0 -784 384 ) 
4 246 256 (896 -224 32 ) (992 -224 32 ) (992 -224 130 ) (896 -224 130 ) 
4 246 249 (896 -218 32 ) (896 -128 32 ) (992 -128 32 ) (992 -218 32 ) 
4 246 248 (896 -128 32 ) (896 -224 32 ) (896 -224 130 ) (896 -128 130 ) 
4 247 257 (256 0 128 ) (256 0 32 ) (256 -48 32 ) (256 -48 128 ) 
4 247 254 (256 -48 32 ) (256 0 32 ) (614.250000 0 32 ) (614.250000 -48 32 ) 
4 247 248 (256 -48 130 ) (256 -48 32 ) (614.250000 -48 32 ) (737.515625 -48 130 ) 
4 248 257 (256 -48 128 ) (256 -48 32 ) (256 -96 32 ) (256 -96 128 ) 
4 248 256 (320 -224 32 ) (896 -224 32 ) (896 -224 130 ) (320 -224 130 ) 
5 248 255 (768 -224 32 ) (320 -224 32 ) (256 -160 32 ) (256 -48 32 ) (768 -48 32 ) 
3 248 253 (772 -222 32 ) (770.666626 -221.333328 32 ) (770 -220 32 ) 
3 248 252 (770.666626 -221.333328 32 ) (768 -220 32 ) (768 -216 32 ) 
3 248 251 (776 -224 32 ) (768 -224 32 ) (768 -220 32 ) 
7 248 250 (778 -216 32 ) (776 -214 32 ) (774 -210.499893 32 ) (774 -48 32 ) (896 -48 32 ) (896 -218 32 ) (781.500000 -218 32 ) 
4 249 261 (896 -218 24 ) (896 -128 24 ) (992 -128 24 ) (992 -218 24 ) 
4 249 250 (896 -128 24 ) (896 -218 24 ) (896 -218 32 ) (896 -128 32 ) 
7 250 262 (896 -48 24 ) (896 -218 24 ) (781.500000 -218 24 ) (778 -216 24 ) (776 -214 24 ) (774 -210.499908 24 ) (774 -48 24 ) 
3 251 263 (776 -224 24 ) (768 -224 24 ) (768 -220 24 ) 
4 251 256 (768 -224 24 ) (776 -224 24 ) (776 -224 32 ) (768 -224 32 ) 
4 251 255 (768 -220 24 ) (768 -224 24 ) (768 -224 32 ) (768 -220 32 ) 
4 251 253 (770.666626 -221.333313 32 ) (772 -222 32 ) (772 -222 24 ) (770.666626 -221.333313 24 ) 
4 251 252 (768 -220 24 ) (768 -220 32 ) (770.666626 -221.333313 32 ) (770.666626 -221.333313 24 ) 
3 252 264 (770.666626 -221.333328 24 ) (768 -220 24 ) (768 -216 24 ) 
4 252 255 (768 -216 24 ) (768 -220 24 ) (768 -220 32 ) (768 -216 32 ) 
4 252 253 (770.666016 -221.332031 32 ) (770.666016 -221.332031 24 ) (770 -220 24 ) (770 -220 32 ) 
3 253 265 (772 -222 24 ) (770.666626 -221.333328 24 ) (770 -220 24 ) 
4 254 270 (256 0 24 ) (604.187500 0 24 ) (604.187439 -48 24 ) (256 -48 24 ) 
4 254 257 (256 0 24 ) (256 -48 24 ) (256 -48 32 ) (256 0 32 ) 
4 254 255 (614.250000 -48 32 ) (256 -48 32 ) (256 -48 24 ) (604.187500 -48 24 ) 
5 255 271 (768 -48 24 ) (768 -224 24 ) (320 -224 24 ) (256 -160 24 ) (256 -48 24 ) 
4 255 257 (256 -48 24 ) (256 -96 24 ) (256 -96 32 ) (256 -48 32 ) 
4 255 256 (320 -224 24 ) (768 -224 24 ) (768 -224 32 ) (320 -224 32 ) 
4 256 271 (768 -448 24 ) (544 -448 24 ) (320 -224 24 ) (768 -224 24 ) 
4 256 269 (1024 -224 24 ) (1024 -448 24 ) (768 -448 24 ) (768 -224 24 ) 
4 256 259 (576 -448 24 ) (672 -448 24 ) (672 -448 128 ) (576 -448 128 ) 
4 257 283 (0 0 128 ) (0 0 24 ) (0 -96 24 ) (0 -96 128 ) 
4 257 272 (0 -96 24 ) (0 0 24 ) (256 0 24 ) (256 -96 24 ) 
4 257 258 (0 -96 24 ) (252 -96 24 ) (252 -96 128 ) (0 -96 128 ) 
4 258 283 (0 -96 24 ) (0 -256 24 ) (0 -256 128 ) (0 -96 128 ) 
4 258 273 (0 -256 24 ) (0 -96 24 ) (252 -96 24 ) (252 -256 24 ) 
4 259 274 (576 -448 24 ) (672 -448 24 ) (672 -704 24 ) (576 -704 24 ) 
4 259 260 (576 -704 128 ) (576 -704 24 ) (672 -704 24 ) (672 -704 128 ) 
4 260 275 (1024 -704 24 ) (1024 -800 24 ) (576 -800 24 ) (576 -704 24 ) 
4 261 262 (896 -218 4 ) (896 -218 24 ) (896 -128 24 ) (896 -128 4 ) 
4 263 271 (768 -224 4 ) (768 -224 24 ) (768 -220 24 ) (768 -220 4 ) 
3 263 266 (776 -224 4 ) (768 -224 4 ) (768 -220 4 ) 
4 263 265 (772 -222 4 ) (770.666626 -221.333313 4 ) (770.666626 -221.333313 24 ) (772 -222 24 ) 
4 263 264 (770.666626 -221.333313 4 ) (768 -220 4 ) (768 -220 24 ) (770.666626 -221.333313 24 ) 
4 263 269 (768 -224 24 ) (768 -224 4 ) (776 -224 4 ) (776 -224 24 ) 
4 264 271 (768 -220 24 ) (768 -216 24 ) (768 -216 4 ) (768 -220 4 ) 
3 264 267 (770.666626 -221.333328 4 ) (768 -220 4 ) (768 -216 4 ) 
4 264 265 (770.666016 -221.332031 24 ) (770.666016 -221.332031 4 ) (770 -220 4 ) (770 -220 24 ) 
3 265 268 (772 -222 4 ) (770.666626 -221.333328 4 ) (770 -220 4 ) 
4 266 271 (768 -220 2 ) (768 -224 2 ) (768 -224 4 ) (768 -220 4 ) 
4 266 268 (770.666626 -221.333313 4 ) (772 -222 4 ) (772 -222 2 ) (770.666626 -221.333313 2 ) 
4 266 267 (768 -220 2 ) (768 -220 4 ) (770.666626 -221.333313 4 ) (770.666626 -221.333313 2 ) 
4 266 269 (768 -224 4 ) (768 -224 2 ) (776 -224 2 ) (776 -224 4 ) 
4 267 271 (768 -216 2 ) (768 -220 2 ) (768 -220 4 ) (768 -216 4 ) 
4 267 268 (770.666016 -221.332031 4 ) (770.666016 -221.332031 2 ) (770 -220 2 ) (770 -220 4 ) 
4 269 271 (768 -224 2 ) (768 -448 2 ) (768 -448 24 ) (768 -224 24 ) 
4 270 272 (256 0 2 ) (256 -48 2 ) (256 -48 24 ) (256 0 24 ) 
4 270 271 (256 -48 24 ) (256 -48 2 ) (576.515625 -48 2 ) (604.187439 -48 24 ) 
4 271 274 (672 -448 24 ) (576 -448 24 ) (576 -448 2 ) (672 -448 2 ) 
4 271 272 (256 -48 2 ) (256 -96 2 ) (256 -96 24 ) (256 -48 24 ) 
4 272 283 (0 0 24 ) (0 0 2 ) (0 -96 2 ) (0 -96 24 ) 
4 272 273 (0 -96 2 ) (252 -96 2 ) (252 -96 24 ) (0 -96 24 ) 
4 273 283 (0 -96 2 ) (0 -256 2 ) (0 -256 24 ) (0 -96 24 ) 
4 274 275 (576 -704 24 ) (576 -704 2 ) (672 -704 2 ) (672 -704 24 ) 
4 276 281 (-240 -258 384 ) (-240 -258 1632 ) (-240 0 1632 ) (-240 0 384 ) 
4 276 279 (0 -258 1632 ) (-240 -258 1632 ) (-240 -258 262 ) (0 -258 262 ) 
4 277 279 (-48 -258 130 ) (0 -258 130 ) (0 -258 260 ) (-48 -258 260 ) 
4 277 278 (-48 0 130 ) (-48 -256 130 ) (-48 -256 260 ) (-48 0 260 ) 
4 278 282 (-240 -256 130 ) (-240 0 130 ) (-144 0 130 ) (-144 -256 130 ) 
4 279 281 (-240 -784 384 ) (-240 -784 1632 ) (-240 -258 1632 ) (-240 -258 384 ) 
4 279 280 (0 -784 1632 ) (-240 -784 1632 ) (-240 -784 384 ) (0 -784 384 ) 
4 280 281 (-240 -800 384 ) (-240 -800 1632 ) (-240 -784 1632 ) (-240 -784 384 ) 
4 282 284 (-144 -256 128 ) (-240 -256 128 ) (-240 0 128 ) (-144 0 128 ) 
5 283 284 (-144 -112 2 ) (-144 -256 2 ) (-144 -256 128 ) (-144 0 128 ) (-144 0 61.733330 ) 
