PRT1
267
673
4 0 66 (2304 0 1632 ) (2288 0 1632 ) (2288 0 384 ) (2304 0 384 ) 
4 0 3 (2288 0 384 ) (2288 0 1632 ) (2288 258 1632 ) (2288 258 384 ) 
4 0 1 (2288 784 1632 ) (2288 800 1632 ) (2288 800 384 ) (2288 784 384 ) 
4 0 2 (2288 258 1632 ) (2288 784 1632 ) (2288 784 384 ) (2288 258 384 ) 
4 1 7 (2048 784 1632 ) (2048 800 1632 ) (2048 800 384 ) (2048 784 384 ) 
4 1 2 (2288 784 384 ) (2288 784 1632 ) (2048 784 1632 ) (2048 784 384 ) 
4 2 10 (2048 784 260 ) (2048 784 130 ) (2048 258 130 ) (2048 258 260 ) 
4 2 8 (2048 258 1632 ) (2048 784 1632 ) (2048 784 260 ) (2048 258 260 ) 
4 2 5 (2048 258 130 ) (2096 258 130 ) (2096 258 260 ) (2048 258 260 ) 
4 2 3 (2288 258 262 ) (2288 258 1632 ) (2048 258 1632 ) (2048 258 262 ) 
4 3 67 (2288 0 1632 ) (2048 0 1632 ) (2048 0 262 ) (2288 0 262 ) 
4 3 13 (2048 0 262 ) (2048 0 1632 ) (2048 208 1632 ) (2048 208 262 ) 
4 3 9 (2048 208 1632 ) (2048 258 1632 ) (2048 258 262 ) (2048 208 262 ) 
4 4 68 (2096 0 130 ) (2288 0 130 ) (2288 0 260 ) (2096 0 260 ) 
4 4 5 (2096 0 260 ) (2096 256 260 ) (2096 256 130 ) (2096 0 130 ) 
4 5 69 (2048 0 260 ) (2048 0 130 ) (2096 0 130 ) (2096 0 260 ) 
4 5 17 (2048 0 130 ) (2048 0 160 ) (2048 208 160 ) (2048 208 130 ) 
4 5 15 (2048 0 160 ) (2048 0 240 ) (2048 208 240 ) (2048 208 160 ) 
4 5 14 (2048 0 240 ) (2048 0 260 ) (2048 208 260 ) (2048 208 240 ) 
4 5 12 (2048 208 260 ) (2048 256 260 ) (2048 256 130 ) (2048 208 130 ) 
4 5 10 (2048 256 260 ) (2048 258 260 ) (2048 258 130 ) (2048 256 130 ) 
4 6 72 (2304 0 2 ) (2304 0 128 ) (2048 0 128 ) (2048 0 2 ) 
4 6 55 (2048 0 2 ) (2048 0 24 ) (2048 256 24 ) (2048 256 2 ) 
4 6 40 (2048 0 24 ) (2048 0 128 ) (2048 256 128 ) (2048 256 24 ) 
4 7 18 (1792 784 1632 ) (1792 800 1632 ) (1792 800 384 ) (1792 784 384 ) 
4 7 8 (2048 784 384 ) (2048 784 1632 ) (1792 784 1632 ) (1792 784 384 ) 
4 8 19 (1792 258 1632 ) (1792 784 1632 ) (1792 784 260 ) (1792 258 260 ) 
4 8 11 (1792 258 260 ) (1792 784 260 ) (2000 784 260 ) (2000 258 260 ) 
4 8 10 (2000 784 260 ) (2048 784 260 ) (2048 258 260 ) (2000 258 260 ) 
4 8 9 (2048 258 262 ) (2048 258 1632 ) (1792 258 1632 ) (1792 258 262 ) 
4 9 19 (1792 208 262 ) (1792 208 1632 ) (1792 258 1632 ) (1792 258 262 ) 
4 9 13 (1792 208 1632 ) (1792 208 262 ) (2048 208 262 ) (2048 208 1632 ) 
4 10 12 (2048 256 260 ) (2000 256 260 ) (2000 256 130 ) (2048 256 130 ) 
4 10 11 (2000 784 260 ) (2000 784 130 ) (2000 258 130 ) (2000 258 260 ) 
4 11 19 (1792 784 130 ) (1792 258 130 ) (1792 258 260 ) (1792 784 260 ) 
4 12 17 (1794 208 130 ) (2048 208 130 ) (2048 208 160 ) (1794 208 160 ) 
4 12 15 (2048 208 160 ) (2048 208 240 ) (1794 208 240 ) (1794 208 160 ) 
4 12 14 (2048 208 240 ) (2048 208 260 ) (1794 208 260 ) (1794 208 240 ) 
4 13 73 (2048 0 262 ) (2048 0 1632 ) (1792 0 1632 ) (1792 0 262 ) 
4 13 20 (1792 0 262 ) (1792 0 1632 ) (1792 48 1632 ) (1792 48 262 ) 
4 13 19 (1792 48 1632 ) (1792 208 1632 ) (1792 208 262 ) (1792 48 262 ) 
4 14 74 (2048 0 240 ) (2048 0 260 ) (1794 0 260 ) (1794 0 240 ) 
4 14 15 (2048 0 240 ) (1794 0 240 ) (1794 208 240 ) (2048 208 240 ) 
4 15 75 (2048 0 160 ) (2048 0 240 ) (1794 0 240 ) (1794 0 160 ) 
4 15 17 (1794 208 160 ) (2048 208 160 ) (2048 0 160 ) (1794 0 160 ) 
4 15 16 (1794 208 160 ) (1794 0 160 ) (1794 0 240 ) (1794 208 240 ) 
4 16 76 (1794 0 240 ) (1792 0 240 ) (1792 0 160 ) (1794 0 160 ) 
4 16 20 (1792 0 160 ) (1792 0 240 ) (1792 48 240 ) (1792 48 160 ) 
4 16 19 (1792 48 240 ) (1792 208 240 ) (1792 208 160 ) (1792 48 160 ) 
4 17 77 (2048 0 130 ) (2048 0 160 ) (1794 0 160 ) (1794 0 130 ) 
4 18 21 (1152 784 384 ) (1152 784 1632 ) (1152 800 1632 ) (1152 800 384 ) 
4 18 19 (1792 784 384 ) (1792 784 1632 ) (1152 784 1632 ) (1152 784 384 ) 
4 19 44 (1152 48 130 ) (1152 448 130 ) (1280 448 130 ) (1280 48 130 ) 
5 19 42 (1280 448 130 ) (1504 448 130 ) (1792 160 130 ) (1792 48 130 ) (1280 48 130 ) 
5 19 37 (1152 48 256 ) (1152 48 416 ) (1152 52 412 ) (1152 64 369.452820 ) (1152 64 256 ) 
4 19 35 (1152 48 736 ) (1152 48 1632 ) (1152 64 1632 ) (1152 64 720 ) 
4 19 33 (1152 64 898 ) (1152 64 1632 ) (1152 128 1632 ) (1152 128 1022 ) 
3 19 32 (1152 64 256 ) (1152 64 369.452820 ) (1152 95.998604 256 ) 
3 19 31 (1152 80 704 ) (1152 128 656 ) (1152 128 608 ) 
4 19 30 (1152 64 720 ) (1152 64 898 ) (1152 128 1022 ) (1152 128 656 ) 
4 19 22 (1152 784 130 ) (1152 128 130 ) (1152 128 1632 ) (1152 784 1632 ) 
5 19 20 (1792 48 130 ) (1792 48 1632 ) (1152 48 1632 ) (1152 48 256 ) (1310.484375 48 130 ) 
5 20 84 (1152 0 1632 ) (1152 0 256 ) (1310.484375 0 130 ) (1792 0 130 ) (1792 0 1632 ) 
4 20 43 (1792 0 130 ) (1310.484375 0 130 ) (1310.484375 48 130 ) (1792 48 130 ) 
6 20 37 (1152 0 256 ) (1152 0 432 ) (1152 25.144241 432 ) (1152 43.998367 420.001648 ) (1152 48 416 ) (1152 48 256 ) 
4 20 36 (1152 0 1270 ) (1152 0 1632 ) (1152 48 1632 ) (1152 48 1363 ) 
4 21 23 (1056 800 1632 ) (1056 800 384 ) (1056 784 384 ) (1056 784 1632 ) 
4 21 22 (1152 784 384 ) (1152 784 1632 ) (1056 784 1632 ) (1056 784 384 ) 
4 22 45 (1152 448 130 ) (1152 128 130 ) (1056 128 130 ) (1056 448 130 ) 
4 22 34 (1072 128 1632 ) (1056 128 1632 ) (1056 128 1022 ) (1072 128 1022 ) 
4 22 33 (1152 128 1022 ) (1152 128 1632 ) (1072 128 1632 ) (1072 128 1022 ) 
4 22 31 (1152 128 608 ) (1152 128 656 ) (1056 128 752 ) (1056 128 608 ) 
4 22 30 (1152 128 656 ) (1152 128 1022 ) (1056 128 1022 ) (1056 128 752 ) 
4 22 29 (1056 128 463.986359 ) (1056 128 1632 ) (1056 224 1632 ) (1056 224 251.986450 ) 
4 22 27 (1056 448 380 ) (1056 448 1632 ) (1056 544 1632 ) (1056 544 380 ) 
4 22 26 (1056 672 130 ) (1056 544 130 ) (1056 544 1632 ) (1056 672 1632 ) 
4 22 28 (1056 448 130 ) (1056 224 130 ) (1056 224 1632 ) (1056 448 1632 ) 
4 22 25 (1056 672 380 ) (1056 672 1632 ) (1056 768 1632 ) (1056 768 380 ) 
4 22 24 (1056 784 130 ) (1056 768 130 ) (1056 768 1632 ) (1056 784 1632 ) 
4 23 133 (1024 800 1632 ) (1024 800 384 ) (1024 784 384 ) (1024 784 1632 ) 
4 23 24 (1056 784 384 ) (1056 784 1632 ) (1024 784 1632 ) (1024 784 384 ) 
4 24 135 (1024 784 130 ) (1024 768 130 ) (1024 768 380 ) (1024 784 380 ) 
4 24 134 (1024 768 380 ) (1024 768 1632 ) (1024 784 1632 ) (1024 784 380 ) 
4 24 25 (1056 768 380 ) (1056 768 1632 ) (1024 768 1632 ) (1024 768 380 ) 
4 25 134 (1024 672 380 ) (1024 672 1632 ) (1024 768 1632 ) (1024 768 380 ) 
4 25 26 (1056 672 380 ) (1056 672 1632 ) (1024 672 1632 ) (1024 672 380 ) 
4 26 136 (1024 672 130 ) (1024 544 130 ) (1024 544 380 ) (1024 672 380 ) 
4 26 134 (1024 544 380 ) (1024 544 1632 ) (1024 672 1632 ) (1024 672 380 ) 
4 26 27 (1056 544 380 ) (1056 544 1632 ) (1024 544 1632 ) (1024 544 380 ) 
4 27 134 (1024 448 380 ) (1024 448 1632 ) (1024 544 1632 ) (1024 544 380 ) 
4 27 28 (1056 448 380 ) (1056 448 1632 ) (1024 448 1632 ) (1024 448 380 ) 
4 28 137 (1024 448 130 ) (1024 224 130 ) (1024 224 380 ) (1024 448 380 ) 
4 28 134 (1024 224 380 ) (1024 224 1632 ) (1024 448 1632 ) (1024 448 380 ) 
4 28 46 (1024 224 130 ) (1024 448 130 ) (1056 448 130 ) (1056 224 130 ) 
4 28 29 (1056 224 251.986298 ) (1056 224 1632 ) (1024 224 1632 ) (1024 224 251.986450 ) 
4 29 138 (1024 128 463.986359 ) (1024 128 1632 ) (1024 224 1632 ) (1024 224 251.986450 ) 
4 29 34 (1056 128 1022 ) (1056 128 1632 ) (1024 128 1632 ) (1024 128 1022 ) 
4 29 31 (1056 128 608 ) (1056 128 752 ) (1024 128 784 ) (1024 128 608 ) 
4 29 30 (1056 128 752 ) (1056 128 1022 ) (1024 128 1022 ) (1024 128 784 ) 
4 30 141 (1024 128 1022 ) (1024 128 784 ) (1024 64 848 ) (1024 64 898 ) 
4 30 35 (1136 64 736 ) (1152 64 720 ) (1152 64 898 ) (1136 64 898 ) 
4 30 33 (1136 64 897.998901 ) (1152 64 897.998901 ) (1152 128 1021.998901 ) (1072 128 1021.998901 ) 
5 30 31 (1135.996094 64 736 ) (1024 64 847.996094 ) (1024 128 783.996094 ) (1152 128 655.996094 ) (1152 80.003906 703.992188 ) 
4 31 142 (1024 128 784 ) (1024 128 608 ) (1024 64 736 ) (1024 64 848 ) 
3 32 143 (1024 64 256 ) (1024 64 369.452820 ) (1024 95.998596 256 ) 
4 32 37 (1024 64 369.452820 ) (1024 64 256 ) (1152 64 256 ) (1152 64 369.452820 ) 
4 33 35 (1136 64 898 ) (1152 64 898 ) (1152 64 1632 ) (1136 64 1632 ) 
4 33 34 (1072 128 1021.997864 ) (1136 64 1146 ) (1136 64 1632 ) (1072 128 1632 ) 
4 34 145 (1024 128 1632 ) (1024 128 1022 ) (1024 64 1146 ) (1024 64 1632 ) 
4 34 36 (1024 64 1632 ) (1024 64 1394 ) (1136 64 1394 ) (1136 64 1632 ) 
4 35 36 (1152 48 1363 ) (1152 48 1632 ) (1136 64 1632 ) (1136 64 1394 ) 
4 36 147 (1024 0 1270 ) (1024 0 1632 ) (1024 64 1632 ) (1024 64 1394 ) 
4 36 88 (1024 0 1632 ) (1024 0 1270 ) (1152 0 1270 ) (1152 0 1632 ) 
7 37 148 (1024 0 256 ) (1024 0 432 ) (1024 25.143499 432 ) (1024 44 420 ) (1024 52 412 ) (1024 64 369.452820 ) (1024 64 256 ) 
4 37 89 (1024 0 432 ) (1024 0 256 ) (1152 0 256 ) (1152 0 432 ) 
4 38 163 (1024 800 24 ) (1024 704 24 ) (1024 704 128 ) (1024 800 128 ) 
4 38 53 (1472 800 24 ) (1472 704 24 ) (1024 704 24 ) (1024 800 24 ) 
4 38 39 (1376 704 24 ) (1472 704 24 ) (1472 704 128 ) (1376 704 128 ) 
4 39 54 (1472 704 24 ) (1472 448 24 ) (1376 448 24 ) (1376 704 24 ) 
4 39 42 (1376 448 24 ) (1472 448 24 ) (1472 448 128 ) (1376 448 128 ) 
4 40 104 (2048 0 24 ) (2048 0 128 ) (1794 0 128 ) (1794 0 24 ) 
4 40 55 (2048 256 24 ) (2048 0 24 ) (1794 0 24 ) (1794 256 24 ) 
4 40 41 (1794 0 128 ) (1794 96 128 ) (1794 96 24 ) (1794 0 24 ) 
4 41 105 (1794 0 128 ) (1792 0 128 ) (1792 0 24 ) (1794 0 24 ) 
4 41 56 (1794 0 24 ) (1792 0 24 ) (1792 96 24 ) (1794 96 24 ) 
4 41 43 (1792 48 24 ) (1792 0 24 ) (1792 0 128 ) (1792 48 128 ) 
4 41 42 (1792 96 24 ) (1792 48 24 ) (1792 48 128 ) (1792 96 128 ) 
5 42 57 (1280 48 24 ) (1280 448 24 ) (1504 448 24 ) (1792 160 24 ) (1792 48 24 ) 
4 42 52 (1280 220.005814 24 ) (1280 216.021149 24 ) (1280 216.021149 32 ) (1280 220.005814 32 ) 
4 42 51 (1280 224 24 ) (1280 220.005814 24 ) (1280 220.005814 32 ) (1280 224 32 ) 
4 42 50 (1280 448 32 ) (1280 448 24 ) (1280 224 24 ) (1280 224 32 ) 
4 42 44 (1280 448 130 ) (1280 448 32 ) (1280 48 32 ) (1280 48 130 ) 
4 42 43 (1443.812500 48 24 ) (1792 48 24 ) (1792 48 130 ) (1310.484375 48 130 ) 
4 43 106 (1792 0 130 ) (1310.484375 0 130 ) (1443.812500 0 24 ) (1792 0 24 ) 
4 43 58 (1792 0 24 ) (1443.812500 0 24 ) (1443.812500 48 24 ) (1792 48 24 ) 
3 44 52 (1280 220.005814 32 ) (1280 216.021149 32 ) (1277.324707 221.343475 32 ) 
3 44 51 (1280 224 32 ) (1280 220.005814 32 ) (1272.011597 224 32 ) 
5 44 50 (1152 448 32 ) (1280 448 32 ) (1280 224 32 ) (1262 224 32 ) (1152 334 32 ) 
7 44 48 (1274 48 32 ) (1152 48 32 ) (1152 218 32 ) (1266.500000 218 32 ) (1270 216 32 ) (1272 214 32 ) (1274 210.500061 32 ) 
3 44 47 (1152 224 32 ) (1152 334 32 ) (1262 224 32 ) 
4 44 45 (1152 448 130 ) (1152 448 32 ) (1152 128 32 ) (1152 128 130 ) 
4 45 50 (1056 448 32 ) (1152 448 32 ) (1152 334 32 ) (1056 430 32 ) 
4 45 49 (1152 218 32 ) (1152 128 32 ) (1056 128 32 ) (1056 218 32 ) 
4 45 47 (1152 334 32 ) (1152 224 32 ) (1056 224 32 ) (1056 430 32 ) 
4 45 46 (1056 448 130 ) (1056 448 32 ) (1056 224 32 ) (1056 224 130 ) 
4 46 165 (1024 224 130 ) (1024 448 130 ) (1024 448 32 ) (1024 224 32 ) 
3 46 50 (1038 448 32 ) (1056 448 32 ) (1056 430 32 ) 
5 46 47 (1024 448 32 ) (1038 448 32 ) (1056 430 32 ) (1056 224 32 ) (1024 224 32 ) 
4 47 165 (1024 224 32 ) (1024 448 32 ) (1024 448 24 ) (1024 224 24 ) 
4 47 59 (1024 224 24 ) (1024 448 24 ) (1038 448 24 ) (1262 224 24 ) 
4 47 50 (1038.003906 448 24 ) (1038.003906 448 32 ) (1262.003906 224 32 ) (1262.003906 224 24 ) 
7 48 60 (1152 48 24 ) (1152 218 24 ) (1266.500000 218 24 ) (1270 216 24 ) (1272 214 24 ) (1274 210.500092 24 ) (1274 48 24 ) 
4 48 49 (1152 218 24 ) (1152 128 24 ) (1152 128 32 ) (1152 218 32 ) 
4 49 61 (1152 218 24 ) (1152 128 24 ) (1056 128 24 ) (1056 218 24 ) 
4 50 59 (1038 448 24 ) (1280 448 24 ) (1280 224 24 ) (1262 224 24 ) 
4 50 51 (1272.011597 224 24 ) (1280 224 24 ) (1280 224 32 ) (1272.011597 224 32 ) 
3 51 62 (1280 224 24 ) (1280 220.005814 24 ) (1272.011597 224 24 ) 
4 51 52 (1277.324341 221.343994 24 ) (1280 220.005859 24 ) (1280 220.005859 32 ) (1277.324341 221.343994 32 ) 
3 52 63 (1280 220.005814 24 ) (1280 216.021149 24 ) (1277.324707 221.343475 24 ) 
4 53 179 (1024 704 24 ) (1024 800 24 ) (1024 800 2 ) (1024 704 2 ) 
4 53 54 (1376 704 2 ) (1472 704 2 ) (1472 704 24 ) (1376 704 24 ) 
4 54 57 (1376 448 2 ) (1472 448 2 ) (1472 448 24 ) (1376 448 24 ) 
4 55 118 (2048 0 2 ) (2048 0 24 ) (1794 0 24 ) (1794 0 2 ) 
4 55 56 (1794 96 2 ) (1794 0 2 ) (1794 0 24 ) (1794 96 24 ) 
4 56 118 (1794 0 24 ) (1792 0 24 ) (1792 0 2 ) (1794 0 2 ) 
4 56 58 (1792 48 2 ) (1792 0 2 ) (1792 0 24 ) (1792 48 24 ) 
4 56 57 (1792 96 2 ) (1792 48 2 ) (1792 48 24 ) (1792 96 24 ) 
4 57 65 (1280 220.005829 2 ) (1280 216.021210 2 ) (1280 216.021210 4 ) (1280 220.005829 4 ) 
4 57 64 (1280 224 2 ) (1280 220.005829 2 ) (1280 220.005829 4 ) (1280 224 4 ) 
4 57 63 (1280 216.021210 24 ) (1280 220.005829 24 ) (1280 220.005829 4 ) (1280 216.021210 4 ) 
4 57 62 (1280 220.005829 24 ) (1280 224 24 ) (1280 224 4 ) (1280 220.005829 4 ) 
4 57 59 (1280 448 24 ) (1280 448 2 ) (1280 224 2 ) (1280 224 24 ) 
4 57 58 (1471.484375 48 2 ) (1792 48 2 ) (1792 48 24 ) (1443.812500 48 24 ) 
4 58 120 (1792 0 24 ) (1443.812500 0 24 ) (1471.484375 0 2 ) (1792 0 2 ) 
4 59 181 (1024 224 24 ) (1024 448 24 ) (1024 448 2 ) (1024 224 2 ) 
4 59 64 (1272.011597 224 2 ) (1280 224 2 ) (1280 224 4 ) (1272.011597 224 4 ) 
4 59 62 (1280 224 4 ) (1280 224 24 ) (1272.011597 224 24 ) (1272.011597 224 4 ) 
4 60 61 (1152 218 24 ) (1152 218 4 ) (1152 128 4 ) (1152 128 24 ) 
3 62 64 (1272.011597 224 4 ) (1280 224 4 ) (1280 220.005829 4 ) 
4 62 63 (1277.324707 221.343506 4 ) (1280 220.005859 4 ) (1280 220.005859 24 ) (1277.324707 221.343506 24 ) 
3 63 65 (1277.324707 221.343491 4 ) (1280 220.005829 4 ) (1280 216.021164 4 ) 
4 64 65 (1280 220.005859 2 ) (1280 220.005859 4 ) (1277.324707 221.343506 4 ) (1277.324707 221.343506 2 ) 
4 66 71 (2288 -800 384 ) (2288 -800 1632 ) (2288 -784 1632 ) (2288 -784 384 ) 
4 66 70 (2288 -784 1632 ) (2288 -258 1632 ) (2288 -258 384 ) (2288 -784 384 ) 
4 66 67 (2288 -258 1632 ) (2288 0 1632 ) (2288 0 384 ) (2288 -258 384 ) 
4 67 80 (2048 -256 262 ) (2048 -258 262 ) (2048 -258 1632 ) (2048 -256 1632 ) 
4 67 78 (2048 -208 262 ) (2048 -256 262 ) (2048 -256 1632 ) (2048 -208 1632 ) 
4 67 73 (2048 0 1632 ) (2048 0 262 ) (2048 -208 262 ) (2048 -208 1632 ) 
4 67 70 (2288 -258 262 ) (2288 -258 1632 ) (2048 -258 1632 ) (2048 -258 262 ) 
4 68 69 (2096 0 130 ) (2096 -256 130 ) (2096 -256 260 ) (2096 0 260 ) 
4 69 81 (2048 -256 130 ) (2048 -258 130 ) (2048 -258 260 ) (2048 -256 260 ) 
4 69 79 (2048 -208 130 ) (2048 -256 130 ) (2048 -256 260 ) (2048 -208 260 ) 
4 69 77 (2048 0 160 ) (2048 0 130 ) (2048 -208 130 ) (2048 -208 160 ) 
4 69 75 (2048 0 240 ) (2048 0 160 ) (2048 -208 160 ) (2048 -208 240 ) 
4 69 74 (2048 0 260 ) (2048 0 240 ) (2048 -208 240 ) (2048 -208 260 ) 
4 69 70 (2048 -258 130 ) (2096 -258 130 ) (2096 -258 260 ) (2048 -258 260 ) 
4 70 82 (2048 -258 130 ) (2048 -784 130 ) (2048 -784 1632 ) (2048 -258 1632 ) 
4 70 71 (2288 -784 384 ) (2288 -784 1632 ) (2048 -784 1632 ) (2048 -784 384 ) 
4 71 83 (2048 -800 384 ) (2048 -800 1632 ) (2048 -784 1632 ) (2048 -784 384 ) 
4 72 119 (2048 -96 2 ) (2048 -256 2 ) (2048 -256 24 ) (2048 -96 24 ) 
4 72 118 (2048 0 24 ) (2048 0 2 ) (2048 -96 2 ) (2048 -96 24 ) 
4 72 104 (2048 0 128 ) (2048 0 24 ) (2048 -256 24 ) (2048 -256 128 ) 
4 73 84 (1792 0 1632 ) (1792 0 262 ) (1792 -48 262 ) (1792 -48 1632 ) 
4 73 85 (1792 -48 262 ) (1792 -208 262 ) (1792 -208 1632 ) (1792 -48 1632 ) 
4 73 78 (1792 -208 1632 ) (1792 -208 262 ) (2048 -208 262 ) (2048 -208 1632 ) 
4 74 79 (1794 -208 240 ) (2048 -208 240 ) (2048 -208 260 ) (1794 -208 260 ) 
4 74 75 (2048 -208 240 ) (1794 -208 240 ) (1794 0 240 ) (2048 0 240 ) 
4 75 79 (1794 -208 160 ) (2048 -208 160 ) (2048 -208 240 ) (1794 -208 240 ) 
4 75 77 (2048 -208 160 ) (1794 -208 160 ) (1794 0 160 ) (2048 0 160 ) 
4 75 76 (1794 0 160 ) (1794 -208 160 ) (1794 -208 240 ) (1794 0 240 ) 
4 76 84 (1792 0 240 ) (1792 0 160 ) (1792 -48 160 ) (1792 -48 240 ) 
4 76 85 (1792 -48 160 ) (1792 -208 160 ) (1792 -208 240 ) (1792 -48 240 ) 
4 77 79 (1794 -208 130 ) (2048 -208 130 ) (2048 -208 160 ) (1794 -208 160 ) 
4 78 85 (1792 -256 262 ) (1792 -256 1632 ) (1792 -208 1632 ) (1792 -208 262 ) 
4 78 80 (1792 -256 1632 ) (1792 -256 262 ) (2048 -256 262 ) (2048 -256 1632 ) 
4 79 81 (2000 -256 130 ) (2048 -256 130 ) (2048 -256 260 ) (2000 -256 260 ) 
4 80 85 (1792 -258 262 ) (1792 -258 1632 ) (1792 -256 1632 ) (1792 -256 262 ) 
4 80 82 (2048 -258 1632 ) (1792 -258 1632 ) (1792 -258 262 ) (2048 -258 262 ) 
4 81 82 (2000 -258 130 ) (2048 -258 130 ) (2048 -258 260 ) (2000 -258 260 ) 
4 82 85 (1792 -258 130 ) (1792 -784 130 ) (1792 -784 1632 ) (1792 -258 1632 ) 
4 82 83 (2048 -784 1632 ) (1792 -784 1632 ) (1792 -784 384 ) (2048 -784 384 ) 
4 83 86 (1792 -800 384 ) (1792 -800 1632 ) (1792 -784 1632 ) (1792 -784 384 ) 
4 84 106 (1310.484375 0 130 ) (1792 0 130 ) (1792 -48 130 ) (1310.484375 -48 130 ) 
6 84 89 (1152 -48 256 ) (1152 -48 416 ) (1152 -44.001991 419.998016 ) (1152 -25.142193 432 ) (1152 0 432 ) (1152 0 256 ) 
4 84 88 (1152 -48 1363 ) (1152 -48 1632 ) (1152 0 1632 ) (1152 0 1270 ) 
5 84 85 (1792 -48 130 ) (1792 -48 1632 ) (1152 -48 1632 ) (1152 -48 256 ) (1310.484375 -48 130 ) 
4 85 108 (1152 -224 130 ) (1152 -48 130 ) (1280 -48 130 ) (1280 -224 130 ) 
4 85 115 (1152 -448 130 ) (1152 -224 130 ) (1280 -224 130 ) (1280 -448 130 ) 
5 85 107 (1280 -48 130 ) (1792 -48 130 ) (1792 -160 130 ) (1504 -448 130 ) (1280 -448 130 ) 
4 85 95 (1152 -128 130 ) (1152 -784 130 ) (1152 -784 1632 ) (1152 -128 1632 ) 
3 85 93 (1152 -128 608 ) (1152 -128 656 ) (1152 -80 704 ) 
3 85 94 (1152 -64 369.455505 ) (1152 -64 256 ) (1152 -96.001221 256 ) 
4 85 90 (1152 -128 656 ) (1152 -128 1632 ) (1152 -64 1632 ) (1152 -64 720 ) 
5 85 89 (1152 -64 256 ) (1152 -64 369.455505 ) (1152 -52 412 ) (1152 -48 416 ) (1152 -48 256 ) 
4 85 87 (1152 -64 720 ) (1152 -64 1632 ) (1152 -48 1632 ) (1152 -48 736 ) 
4 85 86 (1792 -784 384 ) (1792 -784 1632 ) (1152 -784 1632 ) (1152 -784 384 ) 
4 86 96 (1152 -800 384 ) (1152 -800 1632 ) (1152 -784 1632 ) (1152 -784 384 ) 
4 87 90 (1136 -64 736 ) (1152 -64 720 ) (1152 -64 1632 ) (1136 -64 1632 ) 
4 87 88 (1152 -48 1632 ) (1152 -48 1363 ) (1136 -64 1394 ) (1136 -64 1632 ) 
4 88 200 (1024 0 1632 ) (1024 0 1270 ) (1024 -64 1394 ) (1024 -64 1632 ) 
4 88 91 (1024 -64 1632 ) (1024 -64 1394 ) (1136 -64 1394 ) (1136 -64 1632 ) 
7 89 201 (1024 0 432 ) (1024 0 256 ) (1024 -64 256 ) (1024 -64 369.455505 ) (1024 -52 412 ) (1024 -44.001991 419.998016 ) (1024 -25.142193 432 ) 
4 89 94 (1024 -64 369.455505 ) (1024 -64 256 ) (1152 -64 256 ) (1152 -64 369.455505 ) 
4 90 95 (1152 -128 656 ) (1152 -128 1632 ) (1072 -128 1632 ) (1072 -128 736 ) 
4 90 93 (1152 -128 655.998901 ) (1072 -128 735.998596 ) (1136 -64 735.998535 ) (1152 -80.001282 703.997437 ) 
4 90 92 (1136 -64 735.998047 ) (1072 -128 735.998047 ) (1072 -128 1022 ) (1136 -64 898 ) 
4 90 91 (1072 -128 1022 ) (1072 -128 1632 ) (1136 -64 1632 ) (1136 -64 1146 ) 
4 91 203 (1024 -64 1632 ) (1024 -64 1146 ) (1024 -128 1022 ) (1024 -128 1632 ) 
4 91 97 (1056 -128 1632 ) (1024 -128 1632 ) (1024 -128 1022 ) (1056 -128 1022 ) 
4 91 95 (1072 -128 1632 ) (1056 -128 1632 ) (1056 -128 1022 ) (1072 -128 1022 ) 
4 92 204 (1024 -64 898 ) (1024 -64 848 ) (1024 -128 784 ) (1024 -128 1022 ) 
4 92 97 (1024 -128 1022 ) (1024 -128 784 ) (1056 -128 752 ) (1056 -128 1022 ) 
4 92 95 (1056 -128 752 ) (1072 -128 736 ) (1072 -128 1022 ) (1056 -128 1022 ) 
4 92 93 (1072 -128 735.998596 ) (1024 -128 783.998535 ) (1024 -64 847.998291 ) (1136 -64 735.998535 ) 
4 93 205 (1024 -64 848 ) (1024 -64 736 ) (1024 -128 608 ) (1024 -128 784 ) 
4 93 97 (1056 -128 752 ) (1024 -128 784 ) (1024 -128 608 ) (1056 -128 608 ) 
4 93 95 (1152 -128 608 ) (1152 -128 656 ) (1056 -128 752 ) (1056 -128 608 ) 
3 94 206 (1024 -64 369.455505 ) (1024 -64 256 ) (1024 -96.001221 256 ) 
4 95 109 (1056 -128 130 ) (1152 -128 130 ) (1152 -224 130 ) (1056 -224 130 ) 
4 95 115 (1152 -224 130 ) (1152 -448 130 ) (1056 -448 130 ) (1056 -224 130 ) 
4 95 101 (1056 -768 1632 ) (1056 -672 1632 ) (1056 -672 380 ) (1056 -768 380 ) 
4 95 100 (1056 -672 1632 ) (1056 -544 1632 ) (1056 -544 130 ) (1056 -672 130 ) 
4 95 102 (1056 -784 1632 ) (1056 -768 1632 ) (1056 -768 130 ) (1056 -784 130 ) 
4 95 99 (1056 -544 1632 ) (1056 -448 1632 ) (1056 -448 380 ) (1056 -544 380 ) 
4 95 98 (1056 -448 1632 ) (1056 -224 1632 ) (1056 -224 130 ) (1056 -448 130 ) 
4 95 97 (1056 -224 1632 ) (1056 -128 1632 ) (1056 -128 463.986206 ) (1056 -224 251.986298 ) 
4 95 96 (1056 -784 1632 ) (1056 -784 384 ) (1152 -784 384 ) (1152 -784 1632 ) 
4 96 103 (1056 -800 384 ) (1056 -800 1632 ) (1056 -784 1632 ) (1056 -784 384 ) 
4 97 207 (1024 -224 1632 ) (1024 -128 1632 ) (1024 -128 463.986206 ) (1024 -224 251.986298 ) 
4 97 98 (1056 -224 251.986298 ) (1056 -224 1632 ) (1024 -224 1632 ) (1024 -224 251.986450 ) 
4 98 208 (1024 -448 1632 ) (1024 -224 1632 ) (1024 -224 130 ) (1024 -448 130 ) 
4 98 115 (1024 -448 130 ) (1024 -224 130 ) (1056 -224 130 ) (1056 -448 130 ) 
4 98 99 (1056 -448 380 ) (1056 -448 1632 ) (1024 -448 1632 ) (1024 -448 380 ) 
4 99 209 (1024 -544 1632 ) (1024 -448 1632 ) (1024 -448 380 ) (1024 -544 380 ) 
4 99 100 (1056 -544 380 ) (1056 -544 1632 ) (1024 -544 1632 ) (1024 -544 380 ) 
4 100 210 (1024 -672 1632 ) (1024 -544 1632 ) (1024 -544 130 ) (1024 -672 130 ) 
4 100 101 (1056 -672 380 ) (1056 -672 1632 ) (1024 -672 1632 ) (1024 -672 380 ) 
4 101 211 (1024 -768 1632 ) (1024 -672 1632 ) (1024 -672 380 ) (1024 -768 380 ) 
4 101 102 (1056 -768 380 ) (1056 -768 1632 ) (1024 -768 1632 ) (1024 -768 380 ) 
4 102 212 (1024 -784 1632 ) (1024 -768 1632 ) (1024 -768 130 ) (1024 -784 130 ) 
4 102 103 (1056 -784 384 ) (1056 -784 1632 ) (1024 -784 1632 ) (1024 -784 384 ) 
4 103 213 (1024 -800 1632 ) (1024 -784 1632 ) (1024 -784 384 ) (1024 -800 384 ) 
4 104 119 (2048 -96 24 ) (2048 -256 24 ) (1794 -256 24 ) (1794 -96 24 ) 
4 104 118 (2048 0 24 ) (2048 -96 24 ) (1794 -96 24 ) (1794 0 24 ) 
4 104 105 (1794 0 24 ) (1794 -96 24 ) (1794 -96 128 ) (1794 0 128 ) 
4 105 118 (1792 -96 24 ) (1792 0 24 ) (1794 0 24 ) (1794 -96 24 ) 
4 105 107 (1792 -48 24 ) (1792 -96 24 ) (1792 -96 128 ) (1792 -48 128 ) 
4 105 106 (1792 0 24 ) (1792 -48 24 ) (1792 -48 128 ) (1792 0 128 ) 
4 106 120 (1443.812500 0 24 ) (1792 0 24 ) (1792 -48 24 ) (1443.812500 -48 24 ) 
4 106 107 (1443.812500 -48 24 ) (1792 -48 24 ) (1792 -48 130 ) (1310.484375 -48 130 ) 
5 107 121 (1504 -448 24 ) (1280 -448 24 ) (1280 -48 24 ) (1792 -48 24 ) (1792 -160 24 ) 
4 107 116 (1376 -448 24 ) (1472 -448 24 ) (1472 -448 128 ) (1376 -448 128 ) 
4 107 111 (1280 -216 24 ) (1280 -220 24 ) (1280 -220 32 ) (1280 -216 32 ) 
4 107 110 (1280 -220 24 ) (1280 -224 24 ) (1280 -224 32 ) (1280 -220 32 ) 
4 107 108 (1280 -224 32 ) (1280 -224 130 ) (1280 -48 130 ) (1280 -48 32 ) 
4 107 115 (1280 -224 24 ) (1280 -448 24 ) (1280 -448 130 ) (1280 -224 130 ) 
7 108 113 (1152 -218 32 ) (1152 -48 32 ) (1274 -48 32 ) (1274 -210.499908 32 ) (1272 -214 32 ) (1270 -216 32 ) (1266.500000 -218 32 ) 
3 108 112 (1278 -220 32 ) (1277.333374 -221.333313 32 ) (1276 -222 32 ) 
3 108 111 (1280 -216 32 ) (1280 -220 32 ) (1277.333374 -221.333313 32 ) 
3 108 110 (1280 -224 32 ) (1272 -224 32 ) (1280 -220 32 ) 
4 108 109 (1152 -128 32 ) (1152 -224 32 ) (1152 -224 130 ) (1152 -128 130 ) 
4 108 115 (1280 -224 32 ) (1280 -224 130 ) (1152 -224 130 ) (1152 -224 32 ) 
4 109 114 (1056 -218 32 ) (1056 -128 32 ) (1152 -128 32 ) (1152 -218 32 ) 
4 109 115 (1152 -224 130 ) (1056 -224 130 ) (1056 -224 32 ) (1152 -224 32 ) 
3 110 122 (1280 -220 24 ) (1280 -224 24 ) (1272 -224 24 ) 
4 110 112 (1276 -222 32 ) (1277.333374 -221.333298 32 ) (1277.333374 -221.333298 24 ) (1276 -222 24 ) 
4 110 111 (1277.333374 -221.333298 32 ) (1280 -220 32 ) (1280 -220 24 ) (1277.333374 -221.333298 24 ) 
4 110 115 (1272 -224 24 ) (1280 -224 24 ) (1280 -224 32 ) (1272 -224 32 ) 
3 111 123 (1280 -216 24 ) (1280 -220 24 ) (1277.333374 -221.333313 24 ) 
4 111 112 (1277.333984 -221.332031 24 ) (1277.333984 -221.332031 32 ) (1278 -220 32 ) (1278 -220 24 ) 
3 112 124 (1278 -220 24 ) (1277.333374 -221.333313 24 ) (1276 -222 24 ) 
7 113 128 (1272 -214 24 ) (1270 -216 24 ) (1266.500000 -218 24 ) (1152 -218 24 ) (1152 -48 24 ) (1274 -48 24 ) (1274 -210.499908 24 ) 
4 113 114 (1152 -128 24 ) (1152 -218 24 ) (1152 -218 32 ) (1152 -128 32 ) 
4 114 129 (1056 -128 24 ) (1152 -128 24 ) (1152 -218 24 ) (1056 -218 24 ) 
4 115 240 (1024 -448 130 ) (1024 -224 130 ) (1024 -224 24 ) (1024 -448 24 ) 
4 115 130 (1280 -448 24 ) (1024 -448 24 ) (1024 -224 24 ) (1280 -224 24 ) 
4 116 131 (1376 -448 24 ) (1472 -448 24 ) (1472 -704 24 ) (1376 -704 24 ) 
4 116 117 (1376 -704 24 ) (1472 -704 24 ) (1472 -704 128 ) (1376 -704 128 ) 
4 117 244 (1024 -800 128 ) (1024 -704 128 ) (1024 -704 24 ) (1024 -800 24 ) 
4 117 132 (1024 -800 24 ) (1024 -704 24 ) (1472 -704 24 ) (1472 -800 24 ) 
4 118 121 (1792 -48 2 ) (1792 -96 2 ) (1792 -96 24 ) (1792 -48 24 ) 
4 118 120 (1792 0 2 ) (1792 -48 2 ) (1792 -48 24 ) (1792 0 24 ) 
4 118 119 (1794 -96 2 ) (2048 -96 2 ) (2048 -96 24 ) (1794 -96 24 ) 
4 120 121 (1471.484375 -48 2 ) (1792 -48 2 ) (1792 -48 24 ) (1443.812500 -48 24 ) 
4 121 131 (1376 -448 2 ) (1472 -448 2 ) (1472 -448 24 ) (1376 -448 24 ) 
4 121 126 (1280 -216 2 ) (1280 -220 2 ) (1280 -220 4 ) (1280 -216 4 ) 
4 121 125 (1280 -220 2 ) (1280 -224 2 ) (1280 -224 4 ) (1280 -220 4 ) 
4 121 123 (1280 -220 24 ) (1280 -216 24 ) (1280 -216 4 ) (1280 -220 4 ) 
4 121 122 (1280 -224 4 ) (1280 -224 24 ) (1280 -220 24 ) (1280 -220 4 ) 
4 121 130 (1280 -224 2 ) (1280 -448 2 ) (1280 -448 24 ) (1280 -224 24 ) 
3 122 125 (1280 -224 4 ) (1272 -224 4 ) (1280 -220 4 ) 
4 122 124 (1277.333374 -221.333298 4 ) (1276 -222 4 ) (1276 -222 24 ) (1277.333374 -221.333298 24 ) 
4 122 123 (1280 -220 24 ) (1280 -220 4 ) (1277.333374 -221.333298 4 ) (1277.333374 -221.333298 24 ) 
4 122 130 (1280 -224 4 ) (1280 -224 24 ) (1272 -224 24 ) (1272 -224 4 ) 
3 123 126 (1280 -216 4 ) (1280 -220 4 ) (1277.333374 -221.333328 4 ) 
4 123 124 (1278 -220 4 ) (1277.333984 -221.332031 4 ) (1277.333984 -221.332031 24 ) (1278 -220 24 ) 
3 124 127 (1278 -220 4 ) (1277.333374 -221.333328 4 ) (1276 -222 4 ) 
4 125 127 (1276 -222 4 ) (1277.333374 -221.333298 4 ) (1277.333374 -221.333298 2 ) (1276 -222 2 ) 
4 125 126 (1277.333374 -221.333298 4 ) (1280 -220 4 ) (1280 -220 2 ) (1277.333374 -221.333298 2 ) 
4 125 130 (1272 -224 2 ) (1280 -224 2 ) (1280 -224 4 ) (1272 -224 4 ) 
4 126 127 (1277.333984 -221.332031 2 ) (1277.333984 -221.332031 4 ) (1278 -220 4 ) (1278 -220 2 ) 
4 128 129 (1152 -218 4 ) (1152 -218 24 ) (1152 -128 24 ) (1152 -128 4 ) 
4 130 253 (1024 -448 24 ) (1024 -224 24 ) (1024 -224 2 ) (1024 -448 2 ) 
4 131 132 (1376 -704 2 ) (1472 -704 2 ) (1472 -704 24 ) (1376 -704 24 ) 
4 132 259 (1024 -800 24 ) (1024 -704 24 ) (1024 -704 2 ) (1024 -800 2 ) 
4 133 139 (992 800 1632 ) (992 800 384 ) (992 784 384 ) (992 784 1632 ) 
4 133 134 (1024 784 1632 ) (992 784 1632 ) (992 784 384 ) (1024 784 384 ) 
4 134 140 (992 224 380 ) (992 224 384 ) (992 784 384 ) (992 784 380 ) 
4 134 139 (992 224 384 ) (992 224 1632 ) (992 784 1632 ) (992 784 384 ) 
4 134 138 (1024 224 1632 ) (992 224 1632 ) (992 224 380 ) (1024 224 380 ) 
4 134 136 (992 544 380 ) (992 672 380 ) (1024 672 380 ) (1024 544 380 ) 
4 134 137 (1024 224 380 ) (992 224 380 ) (992 448 380 ) (1024 448 380 ) 
4 134 135 (992 768 380 ) (992 784 380 ) (1024 784 380 ) (1024 768 380 ) 
4 135 140 (992 784 130 ) (992 768 130 ) (992 768 380 ) (992 784 380 ) 
4 136 140 (992 672 130 ) (992 544 130 ) (992 544 380 ) (992 672 380 ) 
4 137 165 (1024 448 130 ) (1024 224 130 ) (992 224 130 ) (992 448 130 ) 
4 137 140 (992 448 130 ) (992 224 130 ) (992 224 380 ) (992 448 380 ) 
4 137 138 (992 224 380 ) (992 224 251.986328 ) (1024 224 251.986328 ) (1024 224 380 ) 
4 138 145 (1024 128 1022 ) (1024 128 1632 ) (992 128 1632 ) (992 128 1022 ) 
4 138 142 (1024 128 608 ) (1024 128 784 ) (992 128 752 ) (992 128 608 ) 
4 138 141 (1024 128 784 ) (1024 128 1022 ) (992 128 1022 ) (992 128 752 ) 
3 138 140 (992 224 384 ) (992 224 251.986450 ) (992 164.220245 384 ) 
5 138 139 (992 128 463.986359 ) (992 128 1632 ) (992 224 1632 ) (992 224 384 ) (992 164.220245 384 ) 
4 139 149 (896 128 384 ) (896 128 1632 ) (896 800 1632 ) (896 800 384 ) 
4 139 145 (976 128 1022 ) (992 128 1022 ) (992 128 1632 ) (976 128 1632 ) 
4 139 144 (896 128 1632 ) (896 128 1022 ) (976 128 1022 ) (976 128 1632 ) 
4 139 142 (896 128 656 ) (896 128 608 ) (992 128 608 ) (992 128 752 ) 
4 139 141 (896 128 1022 ) (896 128 656 ) (992 128 752 ) (992 128 1022 ) 
4 139 140 (992 784 384 ) (992 128 384 ) (896 128 384 ) (896 784 384 ) 
4 140 166 (896 128 130 ) (896 224 130 ) (992 224 130 ) (992 128 130 ) 
4 140 165 (896 224 130 ) (896 448 130 ) (992 448 130 ) (992 224 130 ) 
4 140 150 (896 784 130 ) (896 128 130 ) (896 128 384 ) (896 784 384 ) 
4 141 149 (896 64 720 ) (896 64 898 ) (896 128 1022 ) (896 128 656 ) 
4 141 146 (896 64 898 ) (896 64 720 ) (912 64 736 ) (912 64 898 ) 
4 141 144 (896 64 897.998901 ) (912 64 897.998901 ) (976 128 1021.998901 ) (896 128 1021.998901 ) 
5 141 142 (896 128 655.996094 ) (1024 128 783.996094 ) (1024 64 847.996155 ) (912.003845 64 736 ) (896 80.003853 703.992310 ) 
3 142 149 (896 80 704 ) (896 128 656 ) (896 128 608 ) 
3 143 150 (896 64 256 ) (896 64 369.452820 ) (896 95.998604 256 ) 
4 143 148 (896 64 369.452820 ) (896 64 256 ) (1024 64 256 ) (1024 64 369.452820 ) 
4 144 149 (896 64 898 ) (896 64 1632 ) (896 128 1632 ) (896 128 1022 ) 
4 144 146 (896 64 1632 ) (896 64 898 ) (912 64 898 ) (912 64 1632 ) 
5 144 145 (975.998962 127.998970 1022.001892 ) (976 128 1022.003906 ) (976 128 1632 ) (912 64 1632 ) (912 64 1146 ) 
4 145 147 (1024 64 1394 ) (1024 64 1632 ) (912 64 1632 ) (912 64 1394 ) 
4 146 149 (896 64 1632 ) (896 64 720 ) (896 48 736 ) (896 48 1632 ) 
4 146 147 (896 48.003834 1632 ) (896 48.003849 1363.007324 ) (911.996155 64 1394 ) (911.996155 64 1632 ) 
4 147 200 (1024 0 1270 ) (1024 0 1632 ) (896 0 1632 ) (896 0 1270 ) 
4 147 149 (896 0 1270 ) (896 0 1632 ) (896 48 1632 ) (896 48 1363 ) 
4 148 201 (1024 0 256 ) (1024 0 432 ) (896 0 432 ) (896 0 256 ) 
4 148 151 (896 0 256 ) (896 0 384 ) (896 48 384 ) (896 48 256 ) 
5 148 150 (896 48 384 ) (896 59.897064 384 ) (896 64 369.452820 ) (896 64 256 ) (896 48 256 ) 
6 148 149 (896 0 384 ) (896 0 432 ) (896 25.142704 432 ) (896 44.001110 419.998932 ) (896 52 412 ) (896 59.897064 384 ) 
4 149 216 (256 0 1632 ) (256 0 384 ) (896 0 384 ) (896 0 1632 ) 
4 149 158 (256 0 384 ) (256 0 1632 ) (256 208 1632 ) (256 208 384 ) 
4 149 152 (256 208 1632 ) (256 800 1632 ) (256 800 384 ) (256 208 384 ) 
4 149 151 (256 0 384 ) (256 48 384 ) (896 48 384 ) (896 0 384 ) 
4 149 150 (256 48 384 ) (256 784 384 ) (896 784 384 ) (896 48 384 ) 
5 150 167 (256 48 130 ) (256 160 130 ) (320 224 130 ) (896 224 130 ) (896 48 130 ) 
4 150 165 (544 448 130 ) (896 448 130 ) (896 224 130 ) (320 224 130 ) 
4 150 160 (256 48 160 ) (256 48 240 ) (256 208 240 ) (256 208 160 ) 
4 150 158 (256 48 262 ) (256 48 384 ) (256 208 384 ) (256 208 262 ) 
4 150 155 (256 784 130 ) (256 258 130 ) (256 258 260 ) (256 784 260 ) 
4 150 154 (256 208 262 ) (256 208 384 ) (256 258 384 ) (256 258 262 ) 
4 150 153 (256 258 384 ) (256 784 384 ) (256 784 260 ) (256 258 260 ) 
5 150 151 (896 48 256 ) (896 48 384 ) (256 48 384 ) (256 48 130 ) (737.515625 48 130 ) 
5 151 216 (256 0 384 ) (256 0 130 ) (737.515625 0 130 ) (896 0 256 ) (896 0 384 ) 
4 151 168 (737.515625 0 130 ) (256 0 130 ) (256 48 130 ) (737.515625 48 130 ) 
4 151 160 (256 0 160 ) (256 0 240 ) (256 48 240 ) (256 48 160 ) 
4 151 158 (256 0 262 ) (256 0 384 ) (256 48 384 ) (256 48 262 ) 
4 152 194 (0 258 384 ) (0 208 384 ) (0 208 1632 ) (0 258 1632 ) 
4 152 192 (0 800 1632 ) (0 800 384 ) (0 784 384 ) (0 784 1632 ) 
4 152 193 (0 784 384 ) (0 258 384 ) (0 258 1632 ) (0 784 1632 ) 
4 152 158 (0 208 1632 ) (0 208 384 ) (256 208 384 ) (256 208 1632 ) 
4 152 154 (256 208 384 ) (0 208 384 ) (0 258 384 ) (256 258 384 ) 
4 152 153 (0 258 384 ) (0 784 384 ) (256 784 384 ) (256 258 384 ) 
4 153 193 (0 784 260 ) (0 258 260 ) (0 258 384 ) (0 784 384 ) 
4 153 155 (48 784 260 ) (256 784 260 ) (256 258 260 ) (48 258 260 ) 
4 153 156 (0 258 260 ) (0 784 260 ) (48 784 260 ) (48 258 260 ) 
4 153 154 (256 258 262 ) (256 258 384 ) (0 258 384 ) (0 258 262 ) 
4 154 194 (0 208 262 ) (0 208 384 ) (0 258 384 ) (0 258 262 ) 
4 154 158 (0 208 384 ) (0 208 262 ) (256 208 262 ) (256 208 384 ) 
4 155 156 (48 784 260 ) (48 784 130 ) (48 258 130 ) (48 258 260 ) 
4 156 195 (0 258 130 ) (0 256 130 ) (0 256 260 ) (0 258 260 ) 
4 156 193 (0 784 130 ) (0 258 130 ) (0 258 260 ) (0 784 260 ) 
4 156 157 (0 256 130 ) (48 256 130 ) (48 256 260 ) (0 256 260 ) 
4 157 195 (0 256 130 ) (0 208 130 ) (0 208 260 ) (0 256 260 ) 
4 157 162 (0 208 160 ) (0 208 130 ) (254 208 130 ) (254 208 160 ) 
4 157 161 (0 208 240 ) (0 208 160 ) (254 208 160 ) (254 208 240 ) 
4 157 159 (0 208 260 ) (0 208 240 ) (254 208 240 ) (254 208 260 ) 
4 158 219 (0 0 1632 ) (0 0 262 ) (256 0 262 ) (256 0 1632 ) 
4 158 194 (0 0 262 ) (0 0 1632 ) (0 208 1632 ) (0 208 262 ) 
4 159 220 (0 0 260 ) (0 0 240 ) (254 0 240 ) (254 0 260 ) 
4 159 195 (0 0 240 ) (0 0 260 ) (0 208 260 ) (0 208 240 ) 
4 159 161 (0 208 240 ) (254 208 240 ) (254 0 240 ) (0 0 240 ) 
4 160 221 (254 0 160 ) (256 0 160 ) (256 0 240 ) (254 0 240 ) 
4 160 161 (254 208 160 ) (254 0 160 ) (254 0 240 ) (254 208 240 ) 
4 161 222 (0 0 240 ) (0 0 160 ) (254 0 160 ) (254 0 240 ) 
4 161 195 (0 0 160 ) (0 0 240 ) (0 208 240 ) (0 208 160 ) 
4 161 162 (0 0 160 ) (0 208 160 ) (254 208 160 ) (254 0 160 ) 
4 162 223 (0 0 160 ) (0 0 130 ) (254 0 130 ) (254 0 160 ) 
4 162 195 (0 0 130 ) (0 0 160 ) (0 208 160 ) (0 208 130 ) 
4 163 179 (1024 800 24 ) (1024 704 24 ) (576 704 24 ) (576 800 24 ) 
4 163 164 (576 704 128 ) (576 704 24 ) (672 704 24 ) (672 704 128 ) 
4 164 180 (672 448 24 ) (576 448 24 ) (576 704 24 ) (672 704 24 ) 
4 164 165 (576 448 24 ) (672 448 24 ) (672 448 128 ) (576 448 128 ) 
4 165 188 (544 448 24 ) (768 448 24 ) (768 224 24 ) (320 224 24 ) 
4 165 181 (768 448 24 ) (1024 448 24 ) (1024 224 24 ) (768 224 24 ) 
4 165 175 (320 224 24 ) (768 224 24 ) (768 224 32 ) (320 224 32 ) 
4 165 173 (768 224 24 ) (775.996948 224 24 ) (775.996948 224 32 ) (768 224 32 ) 
4 165 167 (896 224 130 ) (320 224 130 ) (320 224 32 ) (896 224 32 ) 
4 165 166 (992 224 130 ) (896 224 130 ) (896 224 32 ) (992 224 32 ) 
4 166 169 (896 128 32 ) (896 218 32 ) (992 218 32 ) (992 128 32 ) 
4 166 167 (896 224 130 ) (896 224 32 ) (896 128 32 ) (896 128 130 ) 
4 167 178 (256 96 32 ) (256 48 32 ) (256 48 128 ) (256 96 128 ) 
6 167 175 (256 48 32 ) (256 160 32 ) (320 224 32 ) (768 224 32 ) (768 206 32 ) (610 48 32 ) 
3 167 174 (768 215.998810 32 ) (768 219.998505 32 ) (770.667053 221.333054 32 ) 
3 167 173 (768 224 32 ) (775.996948 224 32 ) (768 219.998505 32 ) 
3 167 171 (768 48 32 ) (610 48 32 ) (768 206 32 ) 
7 167 170 (896 218 32 ) (896 48 32 ) (774 48 32 ) (774 210.500015 32 ) (776 214 32 ) (778 216 32 ) (781.500000 218 32 ) 
4 167 168 (256 48 130 ) (256 48 32 ) (614.250000 48 32 ) (737.515625 48 130 ) 
4 168 231 (737.515625 0 130 ) (256 0 130 ) (256 0 32 ) (614.250000 0 32 ) 
4 168 178 (256 0 32 ) (256 0 128 ) (256 48 128 ) (256 48 32 ) 
4 168 176 (562 0 32 ) (256 0 32 ) (256 48 32 ) (610 48 32 ) 
4 168 172 (614.250000 0 32 ) (562 0 32 ) (610 48 32 ) (614.250000 48 32 ) 
4 169 182 (992 128 24 ) (896 128 24 ) (896 218 24 ) (992 218 24 ) 
4 169 170 (896 128 32 ) (896 218 32 ) (896 218 24 ) (896 128 24 ) 
7 170 183 (776 214 24 ) (778 216 24 ) (781.500000 218 24 ) (896 218 24 ) (896 48 24 ) (774 48 24 ) (774 210.500015 24 ) 
3 171 188 (610 48 24 ) (768 206 24 ) (768 48 24 ) 
4 171 175 (610 48 32 ) (768 206 32 ) (768 206 24 ) (610 48 24 ) 
3 171 172 (610.001953 48 32 ) (610.001953 48 28.622681 ) (614.250000 48 32 ) 
4 172 238 (614.250000 0 32 ) (562 0 32 ) (562 0 24 ) (604.187500 0 24 ) 
3 172 189 (604.187500 0 24 ) (562 0 24 ) (604.187439 42.187389 24 ) 
5 172 176 (562 0 32 ) (610 48 32 ) (610 48 28.621143 ) (604.187500 42.187485 24 ) (562 0 24 ) 
3 173 184 (768 224 24 ) (775.996948 224 24 ) (768 219.998505 24 ) 
4 173 175 (768 219.998505 32 ) (768 224 32 ) (768 224 24 ) (768 219.998505 24 ) 
4 173 174 (768 220 32 ) (768 220 24 ) (770.667175 221.333588 24 ) (770.667358 221.333679 32 ) 
3 174 185 (768 216 24 ) (768 219.998505 24 ) (770.666870 221.332962 24 ) 
4 174 175 (768 215.998840 32 ) (768 219.998505 32 ) (768 219.998505 24 ) (768 216 24 ) 
6 175 188 (256 48 24 ) (256 160 24 ) (320 224 24 ) (768 224 24 ) (768 206 24 ) (610 48 24 ) 
4 175 178 (256 96 24 ) (256 48 24 ) (256 48 32 ) (256 96 32 ) 
5 175 176 (610.001953 48 28.622681 ) (610.001953 48 32 ) (256 48 32 ) (256 48 24 ) (604.187500 48 24 ) 
4 176 238 (562 0 32 ) (256 0 32 ) (256 0 24 ) (562 0 24 ) 
5 176 189 (562 0 24 ) (256 0 24 ) (256 48 24 ) (604.187439 48 24 ) (604.187439 42.187386 24 ) 
4 176 178 (256 48 24 ) (256 0 24 ) (256 0 32 ) (256 48 32 ) 
4 177 198 (0 96 128 ) (0 256 128 ) (0 256 24 ) (0 96 24 ) 
4 177 190 (0 96 24 ) (0 256 24 ) (252 256 24 ) (252 96 24 ) 
4 177 178 (0 96 24 ) (252 96 24 ) (252 96 128 ) (0 96 128 ) 
4 178 241 (0 0 128 ) (0 0 24 ) (256 0 24 ) (256 0 128 ) 
4 178 198 (0 0 24 ) (0 0 128 ) (0 96 128 ) (0 96 24 ) 
4 178 191 (0 0 24 ) (0 96 24 ) (256 96 24 ) (256 0 24 ) 
4 179 180 (576 704 24 ) (576 704 2 ) (672 704 2 ) (672 704 24 ) 
4 180 188 (672 448 2 ) (672 448 24 ) (576 448 24 ) (576 448 2 ) 
4 181 188 (768 448 24 ) (768 448 2 ) (768 224 2 ) (768 224 24 ) 
4 181 186 (768 224 4 ) (768 224 2 ) (775.996948 224 2 ) (775.996948 224 4 ) 
4 181 184 (768 224 24 ) (768 224 4 ) (775.996948 224 4 ) (775.996948 224 24 ) 
4 182 183 (896 218 24 ) (896 218 4 ) (896 128 4 ) (896 128 24 ) 
4 184 188 (768 219.998505 24 ) (768 224 24 ) (768 224 4 ) (768 219.998505 4 ) 
3 184 186 (768 219.998505 4 ) (768 224 4 ) (775.996948 224 4 ) 
4 184 185 (768 219.996094 24 ) (768 219.996094 4 ) (770.664917 221.329865 4 ) (770.664917 221.329865 24 ) 
4 185 188 (768 216 24 ) (768 219.998505 24 ) (768 219.998505 4 ) (768 216 4 ) 
3 185 187 (768 216 4 ) (768 219.998505 4 ) (770.666321 221.332672 4 ) 
4 186 188 (768 224 2 ) (768 219.998505 2 ) (768 219.998505 4 ) (768 224 4 ) 
4 186 187 (770.665466 221.330963 4 ) (768 219.997223 4 ) (768 219.997223 2 ) (770.665466 221.330963 2 ) 
4 187 188 (768 219.998505 2 ) (768 216 2 ) (768 216 4 ) (768 219.998505 4 ) 
4 188 191 (256 96 2 ) (256 48 2 ) (256 48 24 ) (256 96 24 ) 
4 188 189 (256 48 24 ) (256 48 2 ) (576.515625 48 2 ) (604.187439 48 24 ) 
4 189 254 (604.187439 0 24 ) (256 0 24 ) (256 0 2 ) (576.515625 0 2 ) 
4 189 191 (256 48 2 ) (256 0 2 ) (256 0 24 ) (256 48 24 ) 
4 190 198 (0 96 24 ) (0 256 24 ) (0 256 2 ) (0 96 2 ) 
4 190 191 (0 96 2 ) (252 96 2 ) (252 96 24 ) (0 96 24 ) 
4 191 256 (256 0 24 ) (0 0 24 ) (0 0 2 ) (256 0 2 ) 
4 191 198 (0 0 2 ) (0 0 24 ) (0 96 24 ) (0 96 2 ) 
4 192 197 (-240 784 384 ) (-240 784 1632 ) (-240 800 1632 ) (-240 800 384 ) 
4 192 193 (0 784 1632 ) (-240 784 1632 ) (-240 784 384 ) (0 784 384 ) 
4 193 197 (-240 258 384 ) (-240 258 1632 ) (-240 784 1632 ) (-240 784 384 ) 
4 193 195 (-48 258 130 ) (0 258 130 ) (0 258 260 ) (-48 258 260 ) 
4 193 194 (0 258 1632 ) (-240 258 1632 ) (-240 258 262 ) (0 258 262 ) 
4 194 260 (0 0 262 ) (0 0 1632 ) (-240 0 1632 ) (-240 0 262 ) 
4 194 197 (-240 0 384 ) (-240 0 1632 ) (-240 258 1632 ) (-240 258 384 ) 
4 195 261 (0 0 130 ) (0 0 260 ) (-48 0 260 ) (-48 0 130 ) 
4 195 196 (-48 0 260 ) (-48 256 260 ) (-48 256 130 ) (-48 0 130 ) 
4 196 262 (-48 0 260 ) (-240 0 260 ) (-240 0 130 ) (-48 0 130 ) 
4 197 265 (-256 0 1632 ) (-256 0 384 ) (-240 0 384 ) (-240 0 1632 ) 
4 198 266 (0 0 2 ) (0 0 128 ) (-254 0 128 ) (-254 0 2 ) 
4 199 217 (896 -48 736 ) (896 -64 720 ) (896 -64 1632 ) (896 -48 1632 ) 
4 199 202 (896 -64 1632 ) (896 -64 720 ) (912 -64 736 ) (912 -64 1632 ) 
4 199 200 (896 -48 1363 ) (896 -48 1632 ) (912 -64 1632 ) (912 -64 1394 ) 
4 200 216 (896 0 1632 ) (896 0 1270 ) (896 -48 1363 ) (896 -48 1632 ) 
4 200 203 (1024 -64 1394 ) (1024 -64 1632 ) (912 -64 1632 ) (912 -64 1394 ) 
6 201 216 (896 0 432 ) (896 0 256 ) (896 -48 256 ) (896 -48 416 ) (896 -44.001991 419.998016 ) (896 -25.142193 432 ) 
5 201 217 (896 -48 256 ) (896 -64 256 ) (896 -64 369.455505 ) (896 -52 412 ) (896 -48 416 ) 
4 201 206 (896 -64 369.455505 ) (896 -64 256 ) (1024 -64 256 ) (1024 -64 369.455505 ) 
4 202 217 (896 -128 656 ) (896 -128 1632 ) (896 -64 1632 ) (896 -64 720 ) 
4 202 214 (896 -128 1632 ) (896 -128 656 ) (976 -128 736 ) (976 -128 1632 ) 
4 202 205 (912 -64 736.001404 ) (976 -128 736.001343 ) (896 -128 656.001160 ) (896 -79.998703 704.002563 ) 
4 202 204 (976 -128 735.998047 ) (912 -64 735.998047 ) (912 -64 898 ) (976 -128 1022 ) 
4 202 203 (912 -64 1146 ) (912 -64 1632 ) (976 -128 1632 ) (976 -128 1022 ) 
4 203 214 (992 -128 1632 ) (976 -128 1632 ) (976 -128 1022 ) (992 -128 1022 ) 
4 203 207 (1024 -128 1022 ) (1024 -128 1632 ) (992 -128 1632 ) (992 -128 1022 ) 
4 204 214 (976 -128 736 ) (992 -128 752 ) (992 -128 1022 ) (976 -128 1022 ) 
4 204 207 (992 -128 752 ) (1024 -128 784 ) (1024 -128 1022 ) (992 -128 1022 ) 
4 204 205 (912 -64 736.001404 ) (1024 -64 848.001709 ) (1024 -128 784.001465 ) (976 -128 736.001343 ) 
3 205 217 (896 -128 608 ) (896 -128 656 ) (896 -80 704 ) 
4 205 214 (896 -128 656 ) (896 -128 608 ) (992 -128 608 ) (992 -128 752 ) 
4 205 207 (992 -128 608 ) (1024 -128 608 ) (1024 -128 784 ) (992 -128 752 ) 
3 206 217 (896 -64 369.455505 ) (896 -64 256 ) (896 -96.001221 256 ) 
4 207 214 (992 -224 1632 ) (992 -128 1632 ) (992 -128 463.986206 ) (992 -224 251.986298 ) 
4 207 208 (992 -224 1632 ) (992 -224 251.986450 ) (1024 -224 251.986298 ) (1024 -224 1632 ) 
4 208 240 (1024 -224 130 ) (1024 -448 130 ) (992 -448 130 ) (992 -224 130 ) 
4 208 214 (992 -448 1632 ) (992 -224 1632 ) (992 -224 130 ) (992 -448 130 ) 
4 208 209 (992 -448 1632 ) (992 -448 380 ) (1024 -448 380 ) (1024 -448 1632 ) 
4 209 214 (992 -544 1632 ) (992 -448 1632 ) (992 -448 380 ) (992 -544 380 ) 
4 209 210 (992 -544 1632 ) (992 -544 380 ) (1024 -544 380 ) (1024 -544 1632 ) 
4 210 214 (992 -672 1632 ) (992 -544 1632 ) (992 -544 130 ) (992 -672 130 ) 
4 210 211 (992 -672 1632 ) (992 -672 380 ) (1024 -672 380 ) (1024 -672 1632 ) 
4 211 214 (992 -768 1632 ) (992 -672 1632 ) (992 -672 380 ) (992 -768 380 ) 
4 211 212 (992 -768 1632 ) (992 -768 380 ) (1024 -768 380 ) (1024 -768 1632 ) 
4 212 214 (992 -784 1632 ) (992 -768 1632 ) (992 -768 130 ) (992 -784 130 ) 
4 212 213 (992 -784 1632 ) (992 -784 384 ) (1024 -784 384 ) (1024 -784 1632 ) 
4 213 215 (992 -800 384 ) (992 -800 1632 ) (992 -784 1632 ) (992 -784 384 ) 
4 214 240 (896 -448 130 ) (896 -224 130 ) (992 -224 130 ) (992 -448 130 ) 
4 214 230 (896 -224 130 ) (896 -128 130 ) (992 -128 130 ) (992 -224 130 ) 
4 214 217 (896 -128 130 ) (896 -784 130 ) (896 -784 1632 ) (896 -128 1632 ) 
4 214 215 (992 -784 384 ) (992 -784 1632 ) (896 -784 1632 ) (896 -784 384 ) 
4 215 218 (896 -800 384 ) (896 -800 1632 ) (896 -784 1632 ) (896 -784 384 ) 
4 216 231 (256 -48 130 ) (256 0 130 ) (737.515625 0 130 ) (737.515625 -48 130 ) 
4 216 221 (256 -48 160 ) (256 -48 240 ) (256 0 240 ) (256 0 160 ) 
4 216 219 (256 -48 262 ) (256 -48 1632 ) (256 0 1632 ) (256 0 262 ) 
5 216 217 (896 -48 256 ) (896 -48 1632 ) (256 -48 1632 ) (256 -48 130 ) (737.515625 -48 130 ) 
4 217 240 (320 -224 130 ) (896 -224 130 ) (896 -448 130 ) (544 -448 130 ) 
5 217 232 (256 -160 130 ) (256 -48 130 ) (896 -48 130 ) (896 -224 130 ) (320 -224 130 ) 
4 217 228 (256 -258 130 ) (256 -784 130 ) (256 -784 1632 ) (256 -258 1632 ) 
4 217 226 (256 -258 262 ) (256 -258 1632 ) (256 -256 1632 ) (256 -256 262 ) 
4 217 224 (256 -256 262 ) (256 -256 1632 ) (256 -208 1632 ) (256 -208 262 ) 
4 217 221 (256 -208 160 ) (256 -208 240 ) (256 -48 240 ) (256 -48 160 ) 
4 217 219 (256 -208 262 ) (256 -208 1632 ) (256 -48 1632 ) (256 -48 262 ) 
4 217 218 (896 -784 384 ) (896 -784 1632 ) (256 -784 1632 ) (256 -784 384 ) 
4 218 229 (256 -800 384 ) (256 -800 1632 ) (256 -784 1632 ) (256 -784 384 ) 
4 219 260 (0 0 1632 ) (0 0 262 ) (0 -208 262 ) (0 -208 1632 ) 
4 219 224 (0 -208 1632 ) (0 -208 262 ) (256 -208 262 ) (256 -208 1632 ) 
4 220 261 (0 0 260 ) (0 0 240 ) (0 -208 240 ) (0 -208 260 ) 
4 220 225 (0 -208 260 ) (0 -208 240 ) (254 -208 240 ) (254 -208 260 ) 
4 220 222 (254 -208 240 ) (0 -208 240 ) (0 0 240 ) (254 0 240 ) 
4 221 222 (254 0 160 ) (254 -208 160 ) (254 -208 240 ) (254 0 240 ) 
4 222 261 (0 0 240 ) (0 0 160 ) (0 -208 160 ) (0 -208 240 ) 
4 222 225 (0 -208 240 ) (0 -208 160 ) (254 -208 160 ) (254 -208 240 ) 
4 222 223 (254 -208 160 ) (0 -208 160 ) (0 0 160 ) (254 0 160 ) 
4 223 261 (0 0 160 ) (0 0 130 ) (0 -208 130 ) (0 -208 160 ) 
4 223 225 (0 -208 160 ) (0 -208 130 ) (254 -208 130 ) (254 -208 160 ) 
4 224 260 (0 -256 262 ) (0 -256 1632 ) (0 -208 1632 ) (0 -208 262 ) 
4 224 226 (256 -256 262 ) (256 -256 1632 ) (0 -256 1632 ) (0 -256 262 ) 
4 225 261 (0 -208 130 ) (0 -256 130 ) (0 -256 260 ) (0 -208 260 ) 
4 225 227 (0 -256 130 ) (48 -256 130 ) (48 -256 260 ) (0 -256 260 ) 
4 226 260 (0 -258 262 ) (0 -258 1632 ) (0 -256 1632 ) (0 -256 262 ) 
4 226 228 (256 -258 262 ) (256 -258 1632 ) (0 -258 1632 ) (0 -258 262 ) 
4 227 261 (0 -256 130 ) (0 -258 130 ) (0 -258 260 ) (0 -256 260 ) 
4 227 228 (0 -258 130 ) (48 -258 130 ) (48 -258 260 ) (0 -258 260 ) 
4 228 263 (0 -258 130 ) (0 -784 130 ) (0 -784 1632 ) (0 -258 1632 ) 
4 228 229 (256 -784 384 ) (256 -784 1632 ) (0 -784 1632 ) (0 -784 384 ) 
4 229 264 (0 -800 384 ) (0 -800 1632 ) (0 -784 1632 ) (0 -784 384 ) 
4 230 240 (896 -224 32 ) (992 -224 32 ) (992 -224 130 ) (896 -224 130 ) 
4 230 233 (896 -218 32 ) (896 -128 32 ) (992 -128 32 ) (992 -218 32 ) 
4 230 232 (896 -128 32 ) (896 -224 32 ) (896 -224 130 ) (896 -128 130 ) 
4 231 241 (256 0 128 ) (256 0 32 ) (256 -48 32 ) (256 -48 128 ) 
4 231 238 (256 -48 32 ) (256 0 32 ) (614.250000 0 32 ) (614.250000 -48 32 ) 
4 231 232 (256 -48 130 ) (256 -48 32 ) (614.250000 -48 32 ) (737.515625 -48 130 ) 
4 232 241 (256 -48 128 ) (256 -48 32 ) (256 -96 32 ) (256 -96 128 ) 
4 232 240 (320 -224 32 ) (896 -224 32 ) (896 -224 130 ) (320 -224 130 ) 
5 232 239 (768 -224 32 ) (320 -224 32 ) (256 -160 32 ) (256 -48 32 ) (768 -48 32 ) 
3 232 237 (772 -222 32 ) (770.666626 -221.333328 32 ) (770 -220 32 ) 
3 232 236 (770.666626 -221.333328 32 ) (768 -220 32 ) (768 -216 32 ) 
3 232 235 (776 -224 32 ) (768 -224 32 ) (768 -220 32 ) 
7 232 234 (778 -216 32 ) (776 -214 32 ) (774 -210.499893 32 ) (774 -48 32 ) (896 -48 32 ) (896 -218 32 ) (781.500000 -218 32 ) 
4 233 245 (896 -218 24 ) (896 -128 24 ) (992 -128 24 ) (992 -218 24 ) 
4 233 234 (896 -128 24 ) (896 -218 24 ) (896 -218 32 ) (896 -128 32 ) 
7 234 246 (896 -48 24 ) (896 -218 24 ) (781.500000 -218 24 ) (778 -216 24 ) (776 -214 24 ) (774 -210.499908 24 ) (774 -48 24 ) 
3 235 247 (776 -224 24 ) (768 -224 24 ) (768 -220 24 ) 
4 235 240 (768 -224 24 ) (776 -224 24 ) (776 -224 32 ) (768 -224 32 ) 
4 235 239 (768 -220 24 ) (768 -224 24 ) (768 -224 32 ) (768 -220 32 ) 
4 235 237 (770.666626 -221.333313 32 ) (772 -222 32 ) (772 -222 24 ) (770.666626 -221.333313 24 ) 
4 235 236 (768 -220 24 ) (768 -220 32 ) (770.666626 -221.333313 32 ) (770.666626 -221.333313 24 ) 
3 236 248 (770.666626 -221.333328 24 ) (768 -220 24 ) (768 -216 24 ) 
4 236 239 (768 -216 24 ) (768 -220 24 ) (768 -220 32 ) (768 -216 32 ) 
4 236 237 (770.666016 -221.332031 32 ) (770.666016 -221.332031 24 ) (770 -220 24 ) (770 -220 32 ) 
3 237 249 (772 -222 24 ) (770.666626 -221.333328 24 ) (770 -220 24 ) 
4 238 254 (256 0 24 ) (604.187500 0 24 ) (604.187439 -48 24 ) (256 -48 24 ) 
4 238 241 (256 0 24 ) (256 -48 24 ) (256 -48 32 ) (256 0 32 ) 
4 238 239 (614.250000 -48 32 ) (256 -48 32 ) (256 -48 24 ) (604.187500 -48 24 ) 
5 239 255 (768 -48 24 ) (768 -224 24 ) (320 -224 24 ) (256 -160 24 ) (256 -48 24 ) 
4 239 241 (256 -48 24 ) (256 -96 24 ) (256 -96 32 ) (256 -48 32 ) 
4 239 240 (320 -224 24 ) (768 -224 24 ) (768 -224 32 ) (320 -224 32 ) 
4 240 255 (768 -448 24 ) (544 -448 24 ) (320 -224 24 ) (768 -224 24 ) 
4 240 253 (1024 -224 24 ) (1024 -448 24 ) (768 -448 24 ) (768 -224 24 ) 
4 240 243 (576 -448 24 ) (672 -448 24 ) (672 -448 128 ) (576 -448 128 ) 
4 241 266 (0 0 128 ) (0 0 24 ) (0 -96 24 ) (0 -96 128 ) 
4 241 256 (0 -96 24 ) (0 0 24 ) (256 0 24 ) (256 -96 24 ) 
4 241 242 (0 -96 24 ) (252 -96 24 ) (252 -96 128 ) (0 -96 128 ) 
4 242 266 (0 -96 24 ) (0 -256 24 ) (0 -256 128 ) (0 -96 128 ) 
4 242 257 (0 -256 24 ) (0 -96 24 ) (252 -96 24 ) (252 -256 24 ) 
4 243 258 (576 -448 24 ) (672 -448 24 ) (672 -704 24 ) (576 -704 24 ) 
4 243 244 (576 -704 128 ) (576 -704 24 ) (672 -704 24 ) (672 -704 128 ) 
4 244 259 (1024 -704 24 ) (1024 -800 24 ) (576 -800 24 ) (576 -704 24 ) 
4 245 246 (896 -218 4 ) (896 -218 24 ) (896 -128 24 ) (896 -128 4 ) 
4 247 255 (768 -224 4 ) (768 -224 24 ) (768 -220 24 ) (768 -220 4 ) 
3 247 250 (776 -224 4 ) (768 -224 4 ) (768 -220 4 ) 
4 247 249 (772 -222 4 ) (770.666626 -221.333313 4 ) (770.666626 -221.333313 24 ) (772 -222 24 ) 
4 247 248 (770.666626 -221.333313 4 ) (768 -220 4 ) (768 -220 24 ) (770.666626 -221.333313 24 ) 
4 247 253 (768 -224 24 ) (768 -224 4 ) (776 -224 4 ) (776 -224 24 ) 
4 248 255 (768 -220 24 ) (768 -216 24 ) (768 -216 4 ) (768 -220 4 ) 
3 248 251 (770.666626 -221.333328 4 ) (768 -220 4 ) (768 -216 4 ) 
4 248 249 (770.666016 -221.332031 24 ) (770.666016 -221.332031 4 ) (770 -220 4 ) (770 -220 24 ) 
3 249 252 (772 -222 4 ) (770.666626 -221.333328 4 ) (770 -220 4 ) 
4 250 255 (768 -220 2 ) (768 -224 2 ) (768 -224 4 ) (768 -220 4 ) 
4 250 252 (770.666626 -221.333313 4 ) (772 -222 4 ) (772 -222 2 ) (770.666626 -221.333313 2 ) 
4 250 251 (768 -220 2 ) (768 -220 4 ) (770.666626 -221.333313 4 ) (770.666626 -221.333313 2 ) 
4 250 253 (768 -224 4 ) (768 -224 2 ) (776 -224 2 ) (776 -224 4 ) 
4 251 255 (768 -216 2 ) (768 -220 2 ) (768 -220 4 ) (768 -216 4 ) 
4 251 252 (770.666016 -221.332031 4 ) (770.666016 -221.332031 2 ) (770 -220 2 ) (770 -220 4 ) 
4 253 255 (768 -224 2 ) (768 -448 2 ) (768 -448 24 ) (768 -224 24 ) 
4 254 256 (256 0 2 ) (256 -48 2 ) (256 -48 24 ) (256 0 24 ) 
4 254 255 (256 -48 24 ) (256 -48 2 ) (576.515625 -48 2 ) (604.187439 -48 24 ) 
4 255 258 (672 -448 24 ) (576 -448 24 ) (576 -448 2 ) (672 -448 2 ) 
4 255 256 (256 -48 2 ) (256 -96 2 ) (256 -96 24 ) (256 -48 24 ) 
4 256 266 (0 0 24 ) (0 0 2 ) (0 -96 2 ) (0 -96 24 ) 
4 256 257 (0 -96 2 ) (252 -96 2 ) (252 -96 24 ) (0 -96 24 ) 
4 257 266 (0 -96 2 ) (0 -256 2 ) (0 -256 24 ) (0 -96 24 ) 
4 258 259 (576 -704 24 ) (576 -704 2 ) (672 -704 2 ) (672 -704 24 ) 
4 260 265 (-240 -258 384 ) (-240 -258 1632 ) (-240 0 1632 ) (-240 0 384 ) 
4 260 263 (0 -258 1632 ) (-240 -258 1632 ) (-240 -258 262 ) (0 -258 262 ) 
4 261 263 (-48 -258 130 ) (0 -258 130 ) (0 -258 260 ) (-48 -258 260 ) 
4 261 262 (-48 0 130 ) (-48 -256 130 ) (-48 -256 260 ) (-48 0 260 ) 
4 263 265 (-240 -784 384 ) (-240 -784 1632 ) (-240 -258 1632 ) (-240 -258 384 ) 
4 263 264 (0 -784 1632 ) (-240 -784 1632 ) (-240 -784 384 ) (0 -784 384 ) 
4 264 265 (-240 -800 384 ) (-240 -800 1632 ) (-240 -784 1632 ) (-240 -784 384 ) 
