PRT1
195
517
4 0 49 (2304 0 1024 ) (2048 0 1024 ) (2048 0 130 ) (2304 0 130 ) 
4 0 2 (2048 0 130 ) (2048 0 1024 ) (2048 256 1024 ) (2048 256 130 ) 
4 1 50 (2304 0 128 ) (2048 0 128 ) (2048 0 2 ) (2304 0 2 ) 
4 1 38 (2048 0 2 ) (2048 0 24 ) (2048 256 24 ) (2048 256 2 ) 
4 1 9 (2048 0 24 ) (2048 0 128 ) (2048 256 128 ) (2048 256 24 ) 
4 2 51 (2048 0 130 ) (2048 0 1024 ) (1792 0 1024 ) (1792 0 130 ) 
4 2 3 (1792 0 130 ) (1792 0 1024 ) (1792 256 1024 ) (1792 256 130 ) 
4 3 54 (1152 0 1024 ) (1152 0 130 ) (1792 0 130 ) (1792 0 1024 ) 
4 3 24 (1152 0 1022 ) (1152 0 1024 ) (1152 64 1024 ) (1152 64 1022 ) 
4 3 23 (1152 128 1022 ) (1152 128 608 ) (1152 64 736 ) (1152 64 898 ) 
4 3 22 (1152 64 1024 ) (1152 128 1024 ) (1152 128 1022 ) (1152 64 1022 ) 
5 3 21 (1152 128 1024 ) (1152 448 1024 ) (1152 448 130 ) (1152 334 130 ) (1152 128 336 ) 
5 3 20 (1152 128 256 ) (1152 208 256 ) (1152 218 246 ) (1152 218 130 ) (1152 128 130 ) 
4 3 19 (1152 218 246 ) (1152 224 240 ) (1152 224 130 ) (1152 218 130 ) 
3 3 18 (1152 224 240 ) (1152 334 130 ) (1152 224 130 ) 
6 3 17 (1152 0 256 ) (1152 0 432 ) (1152 25.142891 432 ) (1152 44 420 ) (1152 52 412 ) (1152 96 256 ) 
3 3 16 (1152 128 336 ) (1152 208 256 ) (1152 128 256 ) 
5 3 4 (1152 0 130 ) (1152 448 130 ) (1504 448 130 ) (1792 160 130 ) (1792 0 130 ) 
4 4 55 (1152 0 130 ) (1152 0 128 ) (1792 0 128 ) (1792 0 130 ) 
4 4 21 (1152 448 128 ) (1152 336 128 ) (1152 334 130 ) (1152 448 130 ) 
4 4 20 (1152 218 128 ) (1152 128 128 ) (1152 128 130 ) (1152 218 130 ) 
4 4 19 (1152 224 128 ) (1152 218 128 ) (1152 218 130 ) (1152 224 130 ) 
4 4 18 (1152 336 128 ) (1152 224 128 ) (1152 224 130 ) (1152 334 130 ) 
4 4 12 (1280 206 128 ) (1152 334 128 ) (1152 448 128 ) (1280 448 128 ) 
6 4 11 (1792 0 128 ) (1486 0 128 ) (1280 206 128 ) (1280 448 128 ) (1504 448 128 ) (1792 160 128 ) 
3 4 5 (1486 0 128 ) (1152 0 128 ) (1152 334 128 ) 
4 5 55 (1486 0 128 ) (1152 0 128 ) (1152 0 32 ) (1486 0 32 ) 
4 5 20 (1152 128 128 ) (1152 218 128 ) (1152 218 32 ) (1152 128 32 ) 
4 5 19 (1152 218 128 ) (1152 224 128 ) (1152 224 32 ) (1152 218 32 ) 
4 5 18 (1152 224 128 ) (1152 334 128 ) (1152 334 32 ) (1152 224 32 ) 
4 5 12 (1152 334 32 ) (1152 334 128 ) (1280 206 128 ) (1280 206 32 ) 
4 5 11 (1280 206 128 ) (1486 0 128 ) (1486 0 32 ) (1280 206 32 ) 
7 5 8 (1152 0 32 ) (1152 218 32 ) (1266.500122 218 32 ) (1270.009033 215.994858 32 ) (1271.994873 214.009064 32 ) (1274 210.500107 32 ) (1274 0 32 ) 
3 5 7 (1280 206.003906 32 ) (1486.003906 0 32 ) (1280 0 32 ) 
3 5 6 (1152 224 32 ) (1152 334.003906 32 ) (1262.003906 224 32 ) 
3 6 41 (1152 224 24 ) (1152 334 24 ) (1262 224 24 ) 
4 6 18 (1152 334 24 ) (1152 224 24 ) (1152 224 32 ) (1152 334 32 ) 
4 6 13 (1262 224 24 ) (1152 334 24 ) (1152 334 32 ) (1262 224 32 ) 
4 7 61 (1280 0 24 ) (1486 0 24 ) (1486 0 32 ) (1280 0 32 ) 
3 7 40 (1486 0 24 ) (1280 0 24 ) (1280 206 24 ) 
4 7 11 (1486 0 24 ) (1280 206 24 ) (1280 206 32 ) (1486 0 32 ) 
4 8 62 (1152 0 32 ) (1152 0 24 ) (1274 0 24 ) (1274 0 32 ) 
4 8 44 (1274 0 24 ) (1152 0 24 ) (1152 128 24 ) (1274 128 24 ) 
7 8 43 (1152 128 24 ) (1152 218 24 ) (1266.500000 218 24 ) (1270 216 24 ) (1272 214 24 ) (1274 210.500015 24 ) (1274 128 24 ) 
4 8 20 (1152 218 24 ) (1152 128 24 ) (1152 128 32 ) (1152 218 32 ) 
4 9 52 (2048 0 24 ) (2048 0 128 ) (1794 0 128 ) (1794 0 24 ) 
4 9 38 (2048 256 24 ) (2048 0 24 ) (1794 0 24 ) (1794 256 24 ) 
4 9 10 (1794 96 24 ) (1794 0 24 ) (1794 0 128 ) (1794 96 128 ) 
4 10 53 (1794 0 128 ) (1792 0 128 ) (1792 0 24 ) (1794 0 24 ) 
4 10 39 (1794 0 24 ) (1792 0 24 ) (1792 96 24 ) (1794 96 24 ) 
4 10 11 (1792 96 24 ) (1792 0 24 ) (1792 0 128 ) (1792 96 128 ) 
4 11 56 (1486 0 32 ) (1486 0 24 ) (1792 0 24 ) (1792 0 32 ) 
4 11 55 (1792 0 128 ) (1486 0 128 ) (1486 0 32 ) (1792 0 32 ) 
6 11 40 (1792 0 24 ) (1486 0 24 ) (1280 206 24 ) (1280 448 24 ) (1504 448 24 ) (1792 160 24 ) 
4 11 15 (1280 220.005814 24 ) (1280 216.021164 24 ) (1280 216.021164 32 ) (1280 220.005814 32 ) 
4 11 14 (1280 224 24 ) (1280 220.005814 24 ) (1280 220.005814 32 ) (1280 224 32 ) 
4 11 13 (1280 448 32 ) (1280 448 24 ) (1280 224 24 ) (1280 224 32 ) 
4 11 12 (1280 448 128 ) (1280 448 32 ) (1280 206.001923 32 ) (1280 206.001923 128 ) 
4 12 21 (1152 336 128 ) (1152 448 128 ) (1152 448 32 ) (1152 432 32 ) 
4 12 18 (1152 334 32 ) (1152 334 128 ) (1152 336 128 ) (1152 432 32 ) 
3 12 15 (1280 220.005814 32 ) (1280 216.021210 32 ) (1277.324707 221.343475 32 ) 
3 12 14 (1280 224 32 ) (1280 220.005814 32 ) (1272.011597 224 32 ) 
5 12 13 (1152 448 32 ) (1280 448 32 ) (1280 224 32 ) (1262 224 32 ) (1152 334.002014 32 ) 
5 13 41 (1262 224 24 ) (1152 334 24 ) (1152 448 24 ) (1280 448 24 ) (1280 224 24 ) 
4 13 21 (1152 448 24 ) (1152 440 24 ) (1152 432 32 ) (1152 448 32 ) 
4 13 18 (1152 440 24 ) (1152 334 24 ) (1152 334 32 ) (1152 432 32 ) 
4 13 14 (1280 224 24 ) (1280 224 32 ) (1272.011597 224 32 ) (1272.011597 224 24 ) 
3 14 45 (1272.011597 224 24 ) (1280 224 24 ) (1280 220.005814 24 ) 
4 14 15 (1277.324341 221.343994 24 ) (1280 220.005859 24 ) (1280 220.005859 32 ) (1277.324341 221.343994 32 ) 
3 15 46 (1277.324707 221.343475 24 ) (1280 220.005814 24 ) (1280 216.021210 24 ) 
4 16 21 (1152 128 336 ) (1152 208 256 ) (1056 208 256 ) (1056 128 336 ) 
4 16 20 (1056 128 256 ) (1056 207.998077 256 ) (1152 207.998077 256 ) (1152 128 256 ) 
4 17 64 (1056 0 432 ) (1056 0 256 ) (1152 0 256 ) (1152 0 432 ) 
6 17 34 (1056 0 256 ) (1056 0 432 ) (1056 25.142897 432 ) (1056 44 420 ) (1056 52 412 ) (1056 96 256 ) 
4 18 41 (1152 440 24 ) (1152 224 24 ) (1056 224 24 ) (1056 440 24 ) 
4 18 29 (1056 352 24 ) (1056 224 24 ) (1056 224 240 ) (1056 352 112 ) 
4 18 21 (1152 224 240 ) (1152 440 24 ) (1056 440 24 ) (1056 224 240 ) 
4 18 19 (1152 224 32 ) (1152 224 240.001999 ) (1056 224 240.001999 ) (1056 224 32 ) 
4 19 21 (1152 218 246 ) (1152 224 240 ) (1056 224 240 ) (1056 218 246 ) 
4 19 20 (1152 218 32 ) (1152 218 246.001999 ) (1056 218 246.001999 ) (1056 218 32 ) 
4 20 43 (1152 218 24 ) (1152 128 24 ) (1056 128 24 ) (1056 218 24 ) 
4 20 21 (1152 208 256 ) (1152 218 246 ) (1056 218 246 ) (1056 208 256 ) 
4 21 41 (1152 448 24 ) (1152 440 24 ) (1056 440 24 ) (1056 448 24 ) 
3 21 33 (1056 128 364 ) (1056 128 382 ) (1056 140 388 ) 
3 21 32 (1056 128 382 ) (1056 128 400 ) (1056 164 400 ) 
4 21 31 (1056 128 400 ) (1056 128 1024 ) (1056 224 1024 ) (1056 224 400 ) 
5 21 30 (1056 224 400 ) (1056 224 1024 ) (1056 352 1024 ) (1056 352 432 ) (1056 320 400 ) 
10 21 29 (1056 352 112 ) (1056 224 240 ) (1056 224 252 ) (1056 240 320 ) (1056 256 336 ) (1056 284 350 ) (1056 292 350 ) (1056 320 336 ) (1056 336 320 ) (1056 352 252 ) 
3 21 28 (1056 320 400 ) (1056 352 432 ) (1056 352 400 ) 
3 21 27 (1056 412 400 ) (1056 430 400 ) (1056 436 388 ) 
3 21 26 (1056 430 400 ) (1056 448 400 ) (1056 448 364 ) 
4 21 25 (1056 352 400 ) (1056 352 1024 ) (1056 448 1024 ) (1056 448 400 ) 
4 21 23 (1056 128 1022 ) (1056 128 608 ) (1152 128 608 ) (1152 128 1022 ) 
4 21 22 (1056 128 1024 ) (1056 128 1022 ) (1152 128 1022 ) (1152 128 1024 ) 
4 22 35 (1056 64 1022 ) (1056 64 1024 ) (1056 128 1024 ) (1056 128 1022 ) 
4 22 24 (1056 64 1024 ) (1056 64 1022 ) (1152 64 1022 ) (1152 64 1024 ) 
4 23 36 (1056 64 736 ) (1056 64 898 ) (1056 128 1022 ) (1056 128 608 ) 
4 24 65 (1056 0 1024 ) (1056 0 1022 ) (1152 0 1022 ) (1152 0 1024 ) 
4 24 37 (1056 0 1022 ) (1056 0 1024 ) (1056 64 1024 ) (1056 64 1022 ) 
4 25 95 (1024 448 1024 ) (1024 448 400 ) (1024 352 400 ) (1024 352 1024 ) 
4 25 30 (1024 352 1024 ) (1024 352 432 ) (1056 352 432 ) (1056 352 1024 ) 
4 25 28 (1024 352 432 ) (1024 352 400 ) (1056 352 400 ) (1056 352 432 ) 
4 25 27 (1024 412 400 ) (1024 430 400 ) (1056 430 400 ) (1056 412 400 ) 
4 25 26 (1024 430 400 ) (1024 448 400 ) (1056 448 400 ) (1056 430 400 ) 
3 26 96 (1024 448 400 ) (1024 448 364 ) (1024 430 400 ) 
4 26 27 (1056 436 388 ) (1056 430 400 ) (1024 430 400 ) (1024 436 388 ) 
3 27 97 (1024 412 400 ) (1024 430 400 ) (1024 436 388 ) 
3 28 98 (1024 352 432 ) (1024 352 400 ) (1024 320 400 ) 
4 28 30 (1056 319.998047 400 ) (1056 352 432.001984 ) (1024 352 432.001984 ) (1024 319.998047 400 ) 
10 29 99 (1024 352 252 ) (1024 352 24 ) (1024 224 24 ) (1024 224 252.001373 ) (1024 240 320 ) (1024 256 336 ) (1024 284 350 ) (1024 292 350 ) (1024 320 336 ) (1024 336 320 ) 
4 29 42 (1056 352 24 ) (1056 224 24 ) (1024 224 24 ) (1024 352 24 ) 
5 30 100 (1024 352 1024 ) (1024 352 432 ) (1024 320 400 ) (1024 224 400 ) (1024 224 1024 ) 
4 30 31 (1056 224 400 ) (1056 224 1024 ) (1024 224 1024 ) (1024 224 400 ) 
4 31 101 (1024 224 1024 ) (1024 224 400 ) (1024 128 400 ) (1024 128 1024 ) 
4 31 36 (1024 128 1022 ) (1024 128 608 ) (1056 128 608 ) (1056 128 1022 ) 
4 31 35 (1024 128 1024 ) (1024 128 1022 ) (1056 128 1022 ) (1056 128 1024 ) 
4 31 32 (1056 128 400 ) (1024 128 400 ) (1024 164 400 ) (1056 164 400 ) 
3 32 102 (1024 128 382 ) (1024 128 400 ) (1024 164 400 ) 
4 32 33 (1056 128 382 ) (1024 128 382 ) (1024 140 388 ) (1056 140 388 ) 
3 33 103 (1024 128 364 ) (1024 128 382 ) (1024 140 388 ) 
6 34 104 (1024 0 256 ) (1024 0 432 ) (1024 25.142887 432 ) (1024 44 420 ) (1024 52 412 ) (1024 96 256 ) 
4 34 64 (1024 0 432 ) (1024 0 256 ) (1056 0 256 ) (1056 0 432 ) 
4 35 105 (1024 128 1024 ) (1024 128 1022 ) (1024 64 1022 ) (1024 64 1024 ) 
4 35 37 (1024 64 1024 ) (1024 64 1022 ) (1056 64 1022 ) (1056 64 1024 ) 
4 36 106 (1024 128 1022 ) (1024 128 608 ) (1024 64 736 ) (1024 64 898 ) 
4 37 107 (1024 0 1022 ) (1024 0 1024 ) (1024 64 1024 ) (1024 64 1022 ) 
4 37 65 (1024 0 1024 ) (1024 0 1022 ) (1056 0 1022 ) (1056 0 1024 ) 
4 38 82 (2048 0 2 ) (2048 0 24 ) (1794 0 24 ) (1794 0 2 ) 
4 38 39 (1794 96 2 ) (1794 0 2 ) (1794 0 24 ) (1794 96 24 ) 
4 39 83 (1794 0 24 ) (1792 0 24 ) (1792 0 2 ) (1794 0 2 ) 
4 39 40 (1792 96 2 ) (1792 0 2 ) (1792 0 24 ) (1792 96 24 ) 
4 40 84 (1792 0 24 ) (1280 0 24 ) (1280 0 2 ) (1792 0 2 ) 
4 40 48 (1280 219.997009 2 ) (1280 216 2 ) (1280 216 4 ) (1280 219.997284 4 ) 
4 40 47 (1280 224 2 ) (1280 219.997009 2 ) (1280 219.997284 4 ) (1280 224 4 ) 
4 40 46 (1280 216 24 ) (1280 220 24 ) (1280 219.997284 4 ) (1280 216 4 ) 
4 40 45 (1280 220 24 ) (1280 224 24 ) (1280 224 4 ) (1280 219.997284 4 ) 
4 40 41 (1280 448 2 ) (1280 224 2 ) (1280 224 24 ) (1280 448 24 ) 
4 41 47 (1272.006348 224 2 ) (1280 224 2 ) (1280 224 4 ) (1272.006836 224 4 ) 
4 41 45 (1280 224 4 ) (1280 224 24 ) (1272.012207 224 24 ) (1272.006836 224 4 ) 
4 41 42 (1056 352 2 ) (1056 224 2 ) (1056 224 24 ) (1056 352 24 ) 
4 42 133 (1024 224 24 ) (1024 352 24 ) (1024 352 2 ) (1024 224 2 ) 
4 43 44 (1274 128 4 ) (1274 128 24 ) (1152 128 24 ) (1152 128 4 ) 
4 44 91 (1274 0 24 ) (1152 0 24 ) (1152 0 4 ) (1274 0 4 ) 
3 45 47 (1272.006836 224 4 ) (1280 224 4 ) (1280 219.997284 4 ) 
4 45 46 (1277.333252 221.333405 4 ) (1280 219.998001 4 ) (1280 220 24 ) (1277.331543 221.336975 24 ) 
3 46 48 (1277.333862 221.332397 4 ) (1280 219.997284 4 ) (1280 216 4 ) 
4 47 48 (1280 219.997772 2 ) (1280 219.998047 4 ) (1277.333374 221.333313 4 ) (1277.333496 221.332977 2 ) 
4 49 51 (2048 0 1024 ) (2048 0 130 ) (2048 -256 130 ) (2048 -256 1024 ) 
4 50 82 (2048 0 24 ) (2048 0 2 ) (2048 -256 2 ) (2048 -256 24 ) 
4 50 52 (2048 0 128 ) (2048 0 24 ) (2048 -256 24 ) (2048 -256 128 ) 
4 51 54 (1792 -256 130 ) (1792 -256 1024 ) (1792 0 1024 ) (1792 0 130 ) 
4 52 82 (2048 0 24 ) (2048 -256 24 ) (1794 -256 24 ) (1794 0 24 ) 
4 52 53 (1794 0 24 ) (1794 -96 24 ) (1794 -96 128 ) (1794 0 128 ) 
4 53 83 (1792 -96 24 ) (1792 0 24 ) (1794 0 24 ) (1794 -96 24 ) 
4 53 56 (1792 0 24 ) (1792 -96 24 ) (1792 -96 32 ) (1792 0 32 ) 
4 53 55 (1792 -96 32 ) (1792 -96 128 ) (1792 0 128 ) (1792 0 32 ) 
4 54 74 (1152 -224 130 ) (1152 -448 130 ) (1152 -448 1024 ) (1152 -224 1024 ) 
4 54 68 (1152 -128 130 ) (1152 -224 130 ) (1152 -224 1024 ) (1152 -128 1024 ) 
4 54 67 (1152 -128 608 ) (1152 -128 1022 ) (1152 -64 898 ) (1152 -64 736 ) 
4 54 66 (1152 -128 1022 ) (1152 -128 1024 ) (1152 -64 1024 ) (1152 -64 1022 ) 
4 54 65 (1152 0 1024 ) (1152 0 1022 ) (1152 -64 1022 ) (1152 -64 1024 ) 
6 54 64 (1152 0 432 ) (1152 0 256 ) (1152 -96 256 ) (1152 -52 412 ) (1152 -44 420 ) (1152 -25.142870 432 ) 
5 54 55 (1504 -448 130 ) (1152 -448 130 ) (1152 0 130 ) (1792 0 130 ) (1792 -160 130 ) 
4 55 74 (1152 -224 32 ) (1152 -448 32 ) (1152 -448 130 ) (1152 -224 130 ) 
4 55 68 (1152 -128 32 ) (1152 -224 32 ) (1152 -224 130 ) (1152 -128 130 ) 
7 55 62 (1152 -218 32 ) (1152 0 32 ) (1274 0 32 ) (1274 -210.500000 32 ) (1272 -214 32 ) (1270 -216 32 ) (1266.500000 -218 32 ) 
3 55 61 (1280 0 32 ) (1486 0 32 ) (1280 -206 32 ) 
3 55 63 (1152 -334 32 ) (1152 -224 32 ) (1262 -224 32 ) 
3 55 59 (1278 -220 32 ) (1277.333374 -221.333313 32 ) (1276 -222 32 ) 
3 55 58 (1280 -216 32 ) (1280 -220 32 ) (1277.333374 -221.333313 32 ) 
3 55 57 (1280 -220 32 ) (1280 -224 32 ) (1272 -224 32 ) 
5 55 60 (1152 -448 32 ) (1152 -334 32 ) (1262 -224 32 ) (1280 -224 32 ) (1280 -448 32 ) 
6 55 56 (1280 -206 32 ) (1486 0 32 ) (1792 0 32 ) (1792 -160 32 ) (1504 -448 32 ) (1280 -448 32 ) 
6 56 84 (1280 -206 24 ) (1486 0 24 ) (1792 0 24 ) (1792 -160 24 ) (1504 -448 24 ) (1280 -448 24 ) 
4 56 61 (1280 -206 32 ) (1486 0 32 ) (1486 0 24 ) (1280 -206 24 ) 
4 56 58 (1280 -216 24 ) (1280 -220 24 ) (1280 -220 32 ) (1280 -216 32 ) 
4 56 57 (1280 -220 24 ) (1280 -224 24 ) (1280 -224 32 ) (1280 -220 32 ) 
4 56 60 (1280 -224 24 ) (1280 -448 24 ) (1280 -448 32 ) (1280 -224 32 ) 
3 57 85 (1280 -220 24 ) (1280 -224 24 ) (1272 -224 24 ) 
4 57 59 (1277.332764 -221.334625 24 ) (1275.998047 -222.001999 24 ) (1275.998047 -222.001999 32 ) (1277.332764 -221.334625 32 ) 
4 57 58 (1280 -220 32 ) (1280 -220 24 ) (1277.332764 -221.334625 24 ) (1277.332764 -221.334625 32 ) 
4 57 60 (1272 -224 24 ) (1280 -224 24 ) (1280 -224 32 ) (1272 -224 32 ) 
3 58 86 (1280 -216 24 ) (1280 -220 24 ) (1277.333374 -221.333313 24 ) 
4 58 59 (1278 -220 24 ) (1277.333984 -221.332031 24 ) (1277.333984 -221.332031 32 ) (1278 -220 32 ) 
3 59 87 (1278 -220 24 ) (1277.333374 -221.333313 24 ) (1276 -222 24 ) 
5 60 93 (1152 -448 24 ) (1152 -334 24 ) (1262 -224 24 ) (1280 -224 24 ) (1280 -448 24 ) 
4 60 74 (1152 -334 24 ) (1152 -448 24 ) (1152 -448 32 ) (1152 -334 32 ) 
4 60 63 (1152 -334 24 ) (1152 -334 32 ) (1262 -224 32 ) (1262 -224 24 ) 
3 61 84 (1280 0 24 ) (1486 0 24 ) (1280 -206 24 ) 
7 62 92 (1152 -218 24 ) (1152 -128 24 ) (1274 -128 24 ) (1274 -210.500000 24 ) (1272 -214 24 ) (1270 -216 24 ) (1266.500000 -218 24 ) 
4 62 91 (1152 -128 24 ) (1152 0 24 ) (1274 0 24 ) (1274 -128 24 ) 
4 62 69 (1152 -128 24 ) (1152 -218 24 ) (1152 -218 32 ) (1152 -128 32 ) 
3 63 93 (1152 -334 24 ) (1152 -224 24 ) (1262 -224 24 ) 
4 63 74 (1152 -224 24 ) (1152 -334 24 ) (1152 -334 32 ) (1152 -224 32 ) 
6 64 145 (1024 0 432 ) (1024 0 256 ) (1024 -96 256 ) (1024 -52 412 ) (1024 -44 420 ) (1024 -25.142870 432 ) 
4 65 146 (1024 0 1024 ) (1024 0 1022 ) (1024 -64 1022 ) (1024 -64 1024 ) 
4 65 66 (1024 -64 1024 ) (1024 -64 1022 ) (1152 -64 1022 ) (1152 -64 1024 ) 
4 66 147 (1024 -64 1024 ) (1024 -64 1022 ) (1024 -128 1022 ) (1024 -128 1024 ) 
4 66 70 (1024 -128 1024 ) (1024 -128 1022 ) (1056 -128 1022 ) (1056 -128 1024 ) 
4 66 68 (1056 -128 1022 ) (1152 -128 1022 ) (1152 -128 1024 ) (1056 -128 1024 ) 
4 67 148 (1024 -64 898 ) (1024 -64 736 ) (1024 -128 608 ) (1024 -128 1022 ) 
4 67 70 (1024 -128 1022 ) (1024 -128 608 ) (1056 -128 608 ) (1056 -128 1022 ) 
4 67 68 (1056 -128 608 ) (1152 -128 608 ) (1152 -128 1022 ) (1056 -128 1022 ) 
4 68 74 (1152 -224 32 ) (1152 -224 1024 ) (1056 -224 1024 ) (1056 -224 32 ) 
3 68 73 (1056 -164 400 ) (1056 -154 400 ) (1056 -144 390 ) 
3 68 72 (1056 -128 374 ) (1056 -128 364 ) (1056 -138 384 ) 
3 68 71 (1056 -128 400 ) (1056 -128 374 ) (1056 -154 400 ) 
4 68 70 (1056 -128 1024 ) (1056 -128 400 ) (1056 -224 400 ) (1056 -224 1024 ) 
4 68 69 (1056 -218 32 ) (1056 -128 32 ) (1152 -128 32 ) (1152 -218 32 ) 
4 69 92 (1056 -128 24 ) (1152 -128 24 ) (1152 -218 24 ) (1056 -218 24 ) 
4 70 149 (1024 -128 1024 ) (1024 -128 400 ) (1024 -224 400 ) (1024 -224 1024 ) 
4 70 75 (1056 -224 400 ) (1056 -224 1024 ) (1024 -224 1024 ) (1024 -224 400 ) 
4 70 73 (1056 -154 400 ) (1056 -164 400 ) (1024 -164 400 ) (1024 -154 400 ) 
4 70 71 (1024 -128 400 ) (1056 -128 400 ) (1056 -154 400 ) (1024 -154 400 ) 
3 71 150 (1024 -128 400 ) (1024 -128 374 ) (1024 -154 400 ) 
4 71 73 (1056 -143.994583 389.997314 ) (1056 -153.998016 400 ) (1024 -153.998016 400 ) (1024 -143.994583 389.997314 ) 
4 71 72 (1024 -128 374.003906 ) (1056 -128 374.003906 ) (1056 -138.003189 384.006348 ) (1024 -138.003189 384.006348 ) 
3 72 151 (1024 -128 374 ) (1024 -128 364 ) (1024 -138 384 ) 
3 73 152 (1024 -164 400 ) (1024 -154 400 ) (1024 -144 390 ) 
4 74 93 (1056 -448 24 ) (1056 -224 24 ) (1152 -224 24 ) (1152 -448 24 ) 
3 74 81 (1056 -448 364 ) (1056 -448 374 ) (1056 -438 384 ) 
3 74 80 (1056 -432 390 ) (1056 -422 400 ) (1056 -412 400 ) 
3 74 79 (1056 -448 374 ) (1056 -448 400 ) (1056 -422 400 ) 
4 74 78 (1056 -448 400 ) (1056 -448 1024 ) (1056 -352 1024 ) (1056 -352 400 ) 
3 74 77 (1056 -352 400 ) (1056 -352 432 ) (1056 -320 400 ) 
10 74 76 (1056 -224 252 ) (1056 -224 24 ) (1056 -352 24 ) (1056 -352 252 ) (1056 -336 320 ) (1056 -320 336 ) (1056 -292 350 ) (1056 -284 350 ) (1056 -256 336 ) (1056 -240 320 ) 
5 74 75 (1056 -224 1024 ) (1056 -224 400 ) (1056 -320 400 ) (1056 -352 432 ) (1056 -352 1024 ) 
5 75 155 (1024 -224 1024 ) (1024 -224 400 ) (1024 -320 400 ) (1024 -352 432 ) (1024 -352 1024 ) 
4 75 78 (1056 -352 432 ) (1056 -352 1024 ) (1024 -352 1024 ) (1024 -352 432 ) 
4 75 77 (1056 -319.997528 400 ) (1056 -352 432.001984 ) (1024 -352 432.001984 ) (1024 -319.997528 400 ) 
10 76 156 (1024 -224 252 ) (1024 -224 24 ) (1024 -352 24 ) (1024 -352 252 ) (1024 -336 320 ) (1024 -320 336 ) (1024 -292 350 ) (1024 -284 350 ) (1024 -256 336 ) (1024 -240 320 ) 
4 76 94 (1024 -352 24 ) (1024 -224 24 ) (1056 -224 24 ) (1056 -352 24 ) 
3 77 157 (1024 -352 400 ) (1024 -352 432 ) (1024 -320 400 ) 
4 77 78 (1056 -352 400 ) (1056 -352 432 ) (1024 -352 432 ) (1024 -352 400 ) 
4 78 158 (1024 -352 1024 ) (1024 -352 400 ) (1024 -448 400 ) (1024 -448 1024 ) 
4 78 80 (1024 -422 400 ) (1024 -412 400 ) (1056 -412 400 ) (1056 -422 400 ) 
4 78 79 (1056 -448 400 ) (1024 -448 400 ) (1024 -422 400 ) (1056 -422 400 ) 
3 79 159 (1024 -448 374 ) (1024 -448 400 ) (1024 -422 400 ) 
4 79 81 (1056 -448 374 ) (1024 -448 374 ) (1024 -438 384 ) (1056 -438 384 ) 
4 79 80 (1024 -432 390 ) (1024 -422 400 ) (1056 -422 400 ) (1056 -432 390 ) 
3 80 160 (1024 -432 390 ) (1024 -422 400 ) (1024 -412 400 ) 
3 81 161 (1024 -448 364 ) (1024 -448 374 ) (1024 -438 384 ) 
4 82 83 (1794 0 2 ) (1794 -96 2 ) (1794 -96 24 ) (1794 0 24 ) 
4 83 84 (1792 0 2 ) (1792 -96 2 ) (1792 -96 24 ) (1792 0 24 ) 
4 84 93 (1280 -224 2 ) (1280 -448 2 ) (1280 -448 24 ) (1280 -224 24 ) 
4 84 89 (1280 -216 2 ) (1280 -220 2 ) (1280 -220 4 ) (1280 -216 4 ) 
4 84 88 (1280 -220 2 ) (1280 -224 2 ) (1280 -224 4 ) (1280 -220 4 ) 
4 84 86 (1280 -220 24 ) (1280 -216 24 ) (1280 -216 4 ) (1280 -220 4 ) 
4 84 85 (1280 -224 4 ) (1280 -224 24 ) (1280 -220 24 ) (1280 -220 4 ) 
4 85 93 (1280 -224 4 ) (1280 -224 24 ) (1272 -224 24 ) (1272 -224 4 ) 
3 85 88 (1280 -224 4 ) (1272 -224 4 ) (1280 -220 4 ) 
4 85 87 (1277.333374 -221.333298 4 ) (1276 -222 4 ) (1276 -222 24 ) (1277.333374 -221.333298 24 ) 
4 85 86 (1280 -220 24 ) (1280 -220 4 ) (1277.333374 -221.333298 4 ) (1277.333374 -221.333298 24 ) 
3 86 89 (1280 -216 4 ) (1280 -220 4 ) (1277.333374 -221.333328 4 ) 
4 86 87 (1278 -220 4 ) (1277.333984 -221.332031 4 ) (1277.333984 -221.332031 24 ) (1278 -220 24 ) 
3 87 90 (1278 -220 4 ) (1277.333374 -221.333328 4 ) (1276 -222 4 ) 
4 88 93 (1272 -224 2 ) (1280 -224 2 ) (1280 -224 4 ) (1272 -224 4 ) 
4 88 90 (1276 -222 4 ) (1277.333374 -221.333298 4 ) (1277.333374 -221.333298 2 ) (1276 -222 2 ) 
4 88 89 (1277.333374 -221.333298 4 ) (1280 -220 4 ) (1280 -220 2 ) (1277.333374 -221.333298 2 ) 
4 89 90 (1277.333984 -221.332031 2 ) (1277.333984 -221.332031 4 ) (1278 -220 4 ) (1278 -220 2 ) 
4 91 92 (1274 -128 4 ) (1274 -128 24 ) (1152 -128 24 ) (1152 -128 4 ) 
4 93 94 (1056 -224 24 ) (1056 -224 2 ) (1056 -352 2 ) (1056 -352 24 ) 
4 94 188 (1024 -352 24 ) (1024 -224 24 ) (1024 -224 2 ) (1024 -352 2 ) 
4 95 113 (992 352 400 ) (992 352 1024 ) (992 448 1024 ) (992 448 400 ) 
4 95 100 (992 352 1024 ) (992 352 432 ) (1024 352 432 ) (1024 352 1024 ) 
4 95 98 (992 352 432 ) (992 352 400 ) (1024 352 400 ) (1024 352 432 ) 
4 95 97 (992 412 400 ) (992 430 400 ) (1024 430 400 ) (1024 412 400 ) 
4 95 96 (992 430 400 ) (992 448 400 ) (1024 448 400 ) (1024 430 400 ) 
3 96 113 (992 430 400 ) (992 448 400 ) (992 448 364 ) 
4 96 97 (1024 436 388 ) (1024 430 400 ) (992 430 400 ) (992 436 388 ) 
3 97 113 (992 412 400 ) (992 430 400 ) (992 436 388 ) 
3 98 113 (992 320 400 ) (992 352 432 ) (992 352 400 ) 
4 98 100 (1024 319.998047 400 ) (1024 352 432.001984 ) (992 352 432.001984 ) (992 319.998047 400 ) 
4 99 133 (1024 352 24 ) (1024 224 24 ) (992 224 24 ) (992 352 24 ) 
10 99 113 (992 224 240 ) (992 224 252.001907 ) (992 240 320 ) (992 256 336 ) (992 284 350 ) (992 292 350 ) (992 320 336 ) (992 336 320 ) (992 352 252 ) (992 352 112 ) 
4 99 110 (992 352 24 ) (992 224 24 ) (992 224 240 ) (992 352 112 ) 
5 100 113 (992 224 400 ) (992 224 1024 ) (992 352 1024 ) (992 352 432 ) (992 320 400 ) 
4 100 101 (992 224 1024 ) (992 224 400 ) (1024 224 400 ) (1024 224 1024 ) 
4 101 113 (992 128 400 ) (992 128 1024 ) (992 224 1024 ) (992 224 400 ) 
4 101 106 (992 128 1022 ) (992 128 608 ) (1024 128 608 ) (1024 128 1022 ) 
4 101 105 (992 128 1024 ) (992 128 1022 ) (1024 128 1022 ) (1024 128 1024 ) 
4 101 102 (1024 128 400 ) (992 128 400 ) (992 164 400 ) (1024 164 400 ) 
3 102 113 (992 128 382 ) (992 128 400 ) (992 164 400 ) 
4 102 103 (1024 128 382 ) (992 128 382 ) (992 140 388 ) (1024 140 388 ) 
3 103 113 (992 128 364 ) (992 128 382 ) (992 140 388 ) 
4 104 145 (1024 0 256 ) (1024 0 432 ) (992 0 432 ) (992 0 256 ) 
6 104 109 (992 0 256 ) (992 0 432 ) (992 25.142887 432 ) (992 44 420 ) (992 52 412 ) (992 96 256 ) 
4 105 114 (992 128 1024 ) (992 128 1022 ) (992 64 1022 ) (992 64 1024 ) 
4 105 107 (992 64 1024 ) (992 64 1022 ) (1024 64 1022 ) (1024 64 1024 ) 
4 106 115 (992 128 1022 ) (992 128 608 ) (992 64 736 ) (992 64 898 ) 
4 107 146 (1024 0 1022 ) (1024 0 1024 ) (992 0 1024 ) (992 0 1022 ) 
4 107 116 (992 0 1022 ) (992 0 1024 ) (992 64 1024 ) (992 64 1022 ) 
3 108 119 (896 128 336 ) (896 208 256 ) (896 128 256 ) 
4 108 113 (992 128 336 ) (992 208 256 ) (896 208 256 ) (896 128 336 ) 
4 108 112 (896 128 256 ) (896 207.998077 256 ) (992 207.998077 256 ) (992 128 256 ) 
4 109 145 (896 0 432 ) (896 0 256 ) (992 0 256 ) (992 0 432 ) 
6 109 119 (896 0 256 ) (896 0 432 ) (896 25.142897 432 ) (896 44 420 ) (896 52 412 ) (896 96 256 ) 
4 110 134 (992 440 24 ) (992 224 24 ) (896 224 24 ) (896 440 24 ) 
4 110 127 (896 440 24 ) (896 334 24 ) (896 334 32 ) (896 432 32 ) 
4 110 126 (896 334 32 ) (896 334 128 ) (896 336 128 ) (896 432 32 ) 
4 110 123 (896 334 24 ) (896 224 24 ) (896 224 32 ) (896 334 32 ) 
4 110 122 (896 224 32 ) (896 224 128 ) (896 334 128 ) (896 334 32 ) 
4 110 120 (896 224 128 ) (896 224 130 ) (896 334 130 ) (896 336 128 ) 
3 110 119 (896 224 130 ) (896 224 240 ) (896 334 130 ) 
4 110 113 (992 224 240 ) (992 440 24 ) (896 440 24 ) (896 224 240 ) 
4 110 111 (992 224 32 ) (992 224 240.001999 ) (896 224 240.001999 ) (896 224 32 ) 
4 111 122 (896 218 32 ) (896 218 128 ) (896 224 128 ) (896 224 32 ) 
4 111 120 (896 218 128 ) (896 218 130 ) (896 224 130 ) (896 224 128 ) 
4 111 119 (896 218 130 ) (896 218 246 ) (896 224 240 ) (896 224 130 ) 
4 111 113 (992 218 246 ) (992 224 240 ) (896 224 240 ) (896 218 246 ) 
4 111 112 (992 218 32 ) (992 218 246.001999 ) (896 218 246.001999 ) (896 218 32 ) 
4 112 135 (992 218 24 ) (992 128 24 ) (896 128 24 ) (896 218 24 ) 
4 112 124 (896 218 24 ) (896 128 24 ) (896 128 32 ) (896 218 32 ) 
4 112 122 (896 128 32 ) (896 128 128 ) (896 218 128 ) (896 218 32 ) 
4 112 120 (896 128 128 ) (896 128 130 ) (896 218 130 ) (896 218 128 ) 
5 112 119 (896 128 130 ) (896 128 256 ) (896 208 256 ) (896 218 246 ) (896 218 130 ) 
4 112 113 (992 208 256 ) (992 218 246 ) (896 218 246 ) (896 208 256 ) 
4 113 134 (992 448 24 ) (992 440 24 ) (896 440 24 ) (896 448 24 ) 
4 113 127 (896 448 24 ) (896 440 24 ) (896 432 32 ) (896 448 32 ) 
4 113 126 (896 432 32 ) (896 336 128 ) (896 448 128 ) (896 448 32 ) 
4 113 120 (896 336 128 ) (896 334 130 ) (896 448 130 ) (896 448 128 ) 
5 113 119 (896 334 130 ) (896 128 336 ) (896 128 1022 ) (896 448 1022 ) (896 448 130 ) 
4 113 118 (896 128 1022 ) (896 128 1024 ) (896 258 1024 ) (896 258 1022 ) 
4 113 117 (896 258 1024 ) (896 448 1024 ) (896 448 1022 ) (896 258 1022 ) 
4 113 115 (896 128 1022 ) (896 128 608 ) (992 128 608 ) (992 128 1022 ) 
4 113 114 (896 128 1024 ) (896 128 1022 ) (992 128 1022 ) (992 128 1024 ) 
4 114 118 (896 64 1022 ) (896 64 1024 ) (896 128 1024 ) (896 128 1022 ) 
4 114 116 (896 64 1024 ) (896 64 1022 ) (992 64 1022 ) (992 64 1024 ) 
4 115 119 (896 64 736 ) (896 64 898 ) (896 128 1022 ) (896 128 608 ) 
4 116 146 (896 0 1024 ) (896 0 1022 ) (992 0 1022 ) (992 0 1024 ) 
4 116 118 (896 0 1022 ) (896 0 1024 ) (896 64 1024 ) (896 64 1022 ) 
4 117 119 (256 448 1022 ) (896 448 1022 ) (896 258 1022 ) (256 258 1022 ) 
4 117 118 (258 258 1022 ) (896 258 1022 ) (896 258 1024 ) (258 258 1024 ) 
4 118 163 (258 0 1022 ) (896 0 1022 ) (896 0 1024 ) (258 0 1024 ) 
4 118 119 (896 258 1022 ) (896 0 1022 ) (258 0 1022 ) (258 258 1022 ) 
4 119 165 (896 0 130 ) (896 0 1022 ) (256 0 1022 ) (256 0 130 ) 
4 119 121 (256 0 1022 ) (256 256 1022 ) (256 256 130 ) (256 0 130 ) 
5 119 120 (256 0 130 ) (256 160 130 ) (544 448 130 ) (896 448 130 ) (896 0 130 ) 
4 120 166 (256 0 128 ) (896 0 128 ) (896 0 130 ) (256 0 130 ) 
6 120 130 (768 206 128 ) (562 0 128 ) (256 0 128 ) (256 160 128 ) (544 448 128 ) (768 448 128 ) 
4 120 126 (896 448 128 ) (896 334 128 ) (768 206 128 ) (768 448 128 ) 
3 120 122 (896 334 128 ) (896 0 128 ) (562 0 128 ) 
4 121 167 (0 0 1022 ) (0 0 130 ) (256 0 130 ) (256 0 1022 ) 
4 121 143 (0 0 130 ) (0 0 1022 ) (0 256 1022 ) (0 256 130 ) 
4 122 166 (896 0 32 ) (896 0 128 ) (562 0 128 ) (562 0 32 ) 
4 122 130 (562 0 128 ) (768 206 128 ) (768 206 32 ) (562 0 32 ) 
4 122 126 (768 206 128 ) (896 334 128 ) (896 334 32 ) (768 206 32 ) 
7 122 124 (776.007019 214.012299 32 ) (777.987671 215.992920 32 ) (781.500061 218 32 ) (896 218 32 ) (896 0 32 ) (774 0 32 ) (774 210.500046 32 ) 
3 122 125 (561.992188 0 32 ) (768 206.005402 32 ) (768 0 32 ) 
3 122 123 (785.994812 224 32 ) (896 334.003906 32 ) (896 224 32 ) 
3 123 134 (896 334 24 ) (896 224 24 ) (786 224 24 ) 
4 123 127 (896 334 32 ) (896 334 24 ) (786 224 24 ) (786 224 32 ) 
4 124 170 (774 0 24 ) (896 0 24 ) (896 0 32 ) (774 0 32 ) 
4 124 136 (896 128 24 ) (896 0 24 ) (774 0 24 ) (774 128 24 ) 
7 124 135 (896 218 24 ) (896 128 24 ) (774 128 24 ) (774 210.500015 24 ) (776 214 24 ) (778 216 24 ) (781.500000 218 24 ) 
4 125 171 (562 0 24 ) (768 0 24 ) (768 0 32 ) (562 0 32 ) 
3 125 140 (768 0 24 ) (562 0 24 ) (768 206 24 ) 
4 125 130 (768 206 24 ) (562 0 24 ) (562 0 32 ) (768 206 32 ) 
4 126 130 (768 448 128 ) (768 448 32 ) (768 206.001953 32 ) (768 206.001953 128 ) 
3 126 129 (768 216 32 ) (768 219.998505 32 ) (770.666321 221.332672 32 ) 
3 126 128 (768 219.998505 32 ) (768 224 32 ) (775.996948 224 32 ) 
5 126 127 (768 224 32 ) (768 448 32 ) (896 448 32 ) (896 334.001831 32 ) (785.996399 224 32 ) 
5 127 134 (768 448 24 ) (896 448 24 ) (896 334 24 ) (786 224 24 ) (768 224 24 ) 
4 127 130 (768 448 32 ) (768 448 24 ) (768 224 24 ) (768 224 32 ) 
4 127 128 (775.996948 224 32 ) (768 224 32 ) (768 224 24 ) (775.996948 224 24 ) 
3 128 137 (768 219.998505 24 ) (768 224 24 ) (775.996948 224 24 ) 
4 128 130 (768 224 24 ) (768 219.998505 24 ) (768 219.998505 32 ) (768 224 32 ) 
4 128 129 (770.665955 221.331940 32 ) (768 219.997955 32 ) (768 219.997955 24 ) (770.665955 221.331940 24 ) 
3 129 138 (768 216 24 ) (768 219.998505 24 ) (770.666321 221.332672 24 ) 
4 129 130 (768 219.998505 24 ) (768 216 24 ) (768 216 32 ) (768 219.998505 32 ) 
4 130 177 (256 0 24 ) (562 0 24 ) (562 0 32 ) (256 0 32 ) 
4 130 166 (562 0 32 ) (562 0 128 ) (256 0 128 ) (256 0 32 ) 
6 130 140 (544 448 24 ) (768 448 24 ) (768 206 24 ) (562 0 24 ) (256 0 24 ) (256 160 24 ) 
4 130 131 (256 96 24 ) (256 0 24 ) (256 0 128 ) (256 96 128 ) 
4 131 178 (252 0 24 ) (256 0 24 ) (256 0 32 ) (252 0 32 ) 
4 131 168 (256 0 32 ) (256 0 128 ) (252 0 128 ) (252 0 32 ) 
4 131 141 (256 96 24 ) (256 0 24 ) (252 0 24 ) (252 96 24 ) 
4 131 132 (252 96 24 ) (252 0 24 ) (252 0 128 ) (252 96 128 ) 
4 132 178 (0 0 32 ) (0 0 24 ) (252 0 24 ) (252 0 32 ) 
4 132 169 (0 0 128 ) (0 0 32 ) (252 0 32 ) (252 0 128 ) 
4 132 144 (0 0 24 ) (0 0 128 ) (0 256 128 ) (0 256 24 ) 
4 132 142 (0 0 24 ) (0 256 24 ) (252 256 24 ) (252 0 24 ) 
4 133 134 (992 352 2 ) (992 224 2 ) (992 224 24 ) (992 352 24 ) 
4 134 140 (768 448 2 ) (768 224 2 ) (768 224 24 ) (768 448 24 ) 
4 134 137 (768 224 24 ) (768 224 2 ) (775.996948 224 2 ) (775.996948 224 24 ) 
4 135 136 (774 128 24 ) (774 128 4 ) (896 128 4 ) (896 128 24 ) 
4 136 180 (896 0 24 ) (774 0 24 ) (774 0 4 ) (896 0 4 ) 
4 137 140 (768 224 2 ) (768 219.998505 2 ) (768 219.998505 24 ) (768 224 24 ) 
4 137 139 (768 219.996658 4 ) (768 219.996658 2 ) (770.665161 221.330414 2 ) (770.665283 221.330460 4 ) 
4 137 138 (768 219.996658 24 ) (768 219.996658 4 ) (770.665283 221.330460 4 ) (770.665710 221.330673 24 ) 
4 138 140 (768 216 24 ) (768 219.998505 24 ) (768 219.998505 4 ) (768 216 4 ) 
3 138 139 (768 220.003906 4 ) (770.669739 221.339447 4 ) (768 216 4 ) 
4 139 140 (768 219.998505 2 ) (768 216 2 ) (768 216 4 ) (768 219.998505 4 ) 
4 140 190 (768 0 24 ) (256 0 24 ) (256 0 2 ) (768 0 2 ) 
4 140 141 (256 96 2 ) (256 0 2 ) (256 0 24 ) (256 96 24 ) 
4 141 191 (256 0 24 ) (252 0 24 ) (252 0 2 ) (256 0 2 ) 
4 141 142 (252 96 2 ) (252 0 2 ) (252 0 24 ) (252 96 24 ) 
4 142 191 (252 0 24 ) (0 0 24 ) (0 0 2 ) (252 0 2 ) 
4 142 144 (0 0 2 ) (0 0 24 ) (0 256 24 ) (0 256 2 ) 
4 143 193 (0 0 130 ) (0 0 1022 ) (-254 0 1022 ) (-254 0 130 ) 
4 144 194 (0 0 2 ) (0 0 128 ) (-254 0 128 ) (-254 0 2 ) 
6 145 165 (896 -52 412 ) (896 -44 420 ) (896 -25.142870 432 ) (896 0 432 ) (896 0 256 ) (896 -96 256 ) 
4 146 163 (896 0 1024 ) (896 0 1022 ) (896 -64 1022 ) (896 -64 1024 ) 
4 146 147 (896 -64 1024 ) (896 -64 1022 ) (1024 -64 1022 ) (1024 -64 1024 ) 
4 147 163 (896 -128 1022 ) (896 -128 1024 ) (896 -64 1024 ) (896 -64 1022 ) 
4 147 153 (896 -128 1024 ) (896 -128 1022 ) (992 -128 1022 ) (992 -128 1024 ) 
4 147 149 (992 -128 1022 ) (1024 -128 1022 ) (1024 -128 1024 ) (992 -128 1024 ) 
4 148 165 (896 -128 608 ) (896 -128 1022 ) (896 -64 898 ) (896 -64 736 ) 
4 148 153 (896 -128 1022 ) (896 -128 608 ) (992 -128 608 ) (992 -128 1022 ) 
4 148 149 (992 -128 608 ) (1024 -128 608 ) (1024 -128 1022 ) (992 -128 1022 ) 
4 149 155 (1024 -224 400 ) (1024 -224 1024 ) (992 -224 1024 ) (992 -224 400 ) 
4 149 154 (992 -218 400 ) (992 -224 400 ) (992 -224 1024 ) (992 -218 1024 ) 
4 149 153 (992 -128 1024 ) (992 -128 400 ) (992 -218 400 ) (992 -218 1024 ) 
4 149 152 (992 -164 400 ) (992 -154 400 ) (1024 -154 400 ) (1024 -164 400 ) 
4 149 150 (992 -154 400 ) (992 -128 400 ) (1024 -128 400 ) (1024 -154 400 ) 
3 150 153 (992 -128 400 ) (992 -128 374 ) (992 -154 400 ) 
4 150 152 (1024 -153.998016 400 ) (992 -153.998016 400 ) (992 -143.996002 389.997986 ) (1024 -143.996002 389.997986 ) 
4 150 151 (992 -138.001984 384.003967 ) (992 -128 374.001984 ) (1024 -128 374.001984 ) (1024 -138.001984 384.003967 ) 
3 151 153 (992 -128 374 ) (992 -128 364 ) (992 -138 384 ) 
3 152 153 (992 -164 400 ) (992 -154 400 ) (992 -144 390 ) 
4 153 181 (896 -218 24 ) (896 -128 24 ) (992 -128 24 ) (992 -218 24 ) 
4 153 170 (896 -128 24 ) (896 -218 24 ) (896 -218 32 ) (896 -128 32 ) 
4 153 166 (896 -218 32 ) (896 -218 130 ) (896 -128 130 ) (896 -128 32 ) 
4 153 165 (896 -218 130 ) (896 -218 1022 ) (896 -128 1022 ) (896 -128 130 ) 
4 153 163 (896 -218 1022 ) (896 -218 1024 ) (896 -128 1024 ) (896 -128 1022 ) 
4 153 154 (992 -218 32 ) (992 -218 1024 ) (896 -218 1024 ) (896 -218 32 ) 
4 154 166 (896 -224 32 ) (896 -224 130 ) (896 -218 130 ) (896 -218 32 ) 
4 154 165 (896 -224 130 ) (896 -224 1022 ) (896 -218 1022 ) (896 -218 130 ) 
4 154 163 (896 -224 1022 ) (896 -224 1024 ) (896 -218 1024 ) (896 -218 1022 ) 
4 154 162 (896 -224 1024 ) (896 -224 32 ) (992 -224 32 ) (992 -224 1024 ) 
5 155 162 (992 -224 1024 ) (992 -224 400 ) (992 -320 400 ) (992 -352 432 ) (992 -352 1024 ) 
4 155 158 (992 -352 1024 ) (992 -352 432 ) (1024 -352 432 ) (1024 -352 1024 ) 
4 155 157 (1024 -352 432.001984 ) (992 -352 432.001984 ) (992 -319.998047 400 ) (1024 -319.998047 400 ) 
4 156 188 (1024 -224 24 ) (1024 -352 24 ) (992 -352 24 ) (992 -224 24 ) 
10 156 162 (992 -224 252 ) (992 -224 24 ) (992 -352 24 ) (992 -352 252 ) (992 -336 320 ) (992 -320 336 ) (992 -292 350 ) (992 -284 350 ) (992 -256 336 ) (992 -240 320 ) 
3 157 162 (992 -352 400 ) (992 -352 432 ) (992 -320 400 ) 
4 157 158 (992 -352 432 ) (992 -352 400 ) (1024 -352 400 ) (1024 -352 432 ) 
4 158 162 (992 -448 400 ) (992 -448 1024 ) (992 -352 1024 ) (992 -352 400 ) 
4 158 160 (992 -422 400 ) (992 -412 400 ) (1024 -412 400 ) (1024 -422 400 ) 
4 158 159 (1024 -448 400 ) (992 -448 400 ) (992 -422 400 ) (1024 -422 400 ) 
3 159 162 (992 -448 374 ) (992 -448 400 ) (992 -422 400 ) 
4 159 161 (1024 -448 374 ) (992 -448 374 ) (992 -438 384 ) (1024 -438 384 ) 
4 159 160 (992 -432 390 ) (992 -422 400 ) (1024 -422 400 ) (1024 -432 390 ) 
3 160 162 (992 -432 390 ) (992 -422 400 ) (992 -412 400 ) 
3 161 162 (992 -448 364 ) (992 -448 374 ) (992 -438 384 ) 
4 162 189 (896 -448 24 ) (896 -224 24 ) (992 -224 24 ) (992 -448 24 ) 
4 162 176 (896 -334 24 ) (896 -448 24 ) (896 -448 32 ) (896 -334 32 ) 
4 162 172 (896 -224 24 ) (896 -334 24 ) (896 -334 32 ) (896 -224 32 ) 
4 162 166 (896 -448 32 ) (896 -448 130 ) (896 -224 130 ) (896 -224 32 ) 
4 162 165 (896 -448 130 ) (896 -448 1022 ) (896 -224 1022 ) (896 -224 130 ) 
4 162 163 (896 -448 1022 ) (896 -448 1024 ) (896 -224 1024 ) (896 -224 1022 ) 
4 163 165 (896 -448 1022 ) (258 -448 1022 ) (258 0 1022 ) (896 0 1022 ) 
4 163 164 (258 -258 1022 ) (258 -448 1022 ) (258 -448 1024 ) (258 -258 1024 ) 
4 164 165 (258 -448 1022 ) (256 -448 1022 ) (256 -258 1022 ) (258 -258 1022 ) 
4 165 167 (256 0 1022 ) (256 0 130 ) (256 -256 130 ) (256 -256 1022 ) 
5 165 166 (896 -448 130 ) (544 -448 130 ) (256 -160 130 ) (256 0 130 ) (896 0 130 ) 
6 166 177 (256 0 32 ) (562 0 32 ) (768 -206 32 ) (768 -448 32 ) (544 -448 32 ) (256 -160 32 ) 
3 166 175 (772 -222 32 ) (770.666626 -221.333328 32 ) (770 -220 32 ) 
3 166 174 (770.666626 -221.333328 32 ) (768 -220 32 ) (768 -216 32 ) 
3 166 173 (776 -224 32 ) (768 -224 32 ) (768 -220 32 ) 
5 166 176 (786 -224 32 ) (896 -334 32 ) (896 -448 32 ) (768 -448 32 ) (768 -224 32 ) 
7 166 170 (774 0 32 ) (896 0 32 ) (896 -218 32 ) (781.500000 -218 32 ) (778 -216 32 ) (776 -214 32 ) (774 -210.499893 32 ) 
3 166 171 (562 0 32 ) (768 0 32 ) (768 -206 32 ) 
3 166 172 (896 -224 32 ) (896 -334 32 ) (786 -224 32 ) 
4 166 168 (256 0 128 ) (256 0 32 ) (256 -96 32 ) (256 -96 128 ) 
4 167 193 (0 0 1022 ) (0 0 130 ) (0 -256 130 ) (0 -256 1022 ) 
4 168 178 (252 0 32 ) (256 0 32 ) (256 -96 32 ) (252 -96 32 ) 
4 168 169 (252 0 32 ) (252 -96 32 ) (252 -96 128 ) (252 0 128 ) 
4 169 194 (0 0 128 ) (0 0 32 ) (0 -256 32 ) (0 -256 128 ) 
4 169 179 (0 -256 32 ) (0 -96 32 ) (252 -96 32 ) (252 -256 32 ) 
4 169 178 (0 -96 32 ) (0 0 32 ) (252 0 32 ) (252 -96 32 ) 
7 170 181 (896 -128 24 ) (896 -218 24 ) (781.500000 -218 24 ) (778 -216 24 ) (776 -214 24 ) (774 -210.499893 24 ) (774 -128 24 ) 
4 170 180 (774 0 24 ) (896 0 24 ) (896 -128 24 ) (774 -128 24 ) 
3 171 190 (562 0 24 ) (768 0 24 ) (768 -206 24 ) 
4 171 177 (562 0 24 ) (768 -206 24 ) (768 -206 32 ) (562 0 32 ) 
3 172 189 (896 -224 24 ) (896 -334 24 ) (786 -224 24 ) 
4 172 176 (786 -224 24 ) (896 -334 24 ) (896 -334 32 ) (786 -224 32 ) 
3 173 182 (776 -224 24 ) (768 -224 24 ) (768 -220 24 ) 
4 173 177 (768 -220 24 ) (768 -224 24 ) (768 -224 32 ) (768 -220 32 ) 
4 173 175 (772 -222 24 ) (770.666626 -221.333313 24 ) (770.666626 -221.333313 32 ) (772 -222 32 ) 
4 173 174 (770.666626 -221.333313 24 ) (768 -220 24 ) (768 -220 32 ) (770.666626 -221.333313 32 ) 
4 173 176 (768 -224 32 ) (768 -224 24 ) (776 -224 24 ) (776 -224 32 ) 
3 174 183 (770.666626 -221.333328 24 ) (768 -220 24 ) (768 -216 24 ) 
4 174 177 (768 -216 24 ) (768 -220 24 ) (768 -220 32 ) (768 -216 32 ) 
4 174 175 (770.666016 -221.332031 32 ) (770.666016 -221.332031 24 ) (770 -220 24 ) (770 -220 32 ) 
3 175 184 (772 -222 24 ) (770.666626 -221.333328 24 ) (770 -220 24 ) 
5 176 189 (786 -224 24 ) (896 -334 24 ) (896 -448 24 ) (768 -448 24 ) (768 -224 24 ) 
4 176 177 (768 -224 24 ) (768 -448 24 ) (768 -448 32 ) (768 -224 32 ) 
6 177 190 (256 0 24 ) (562 0 24 ) (768 -206 24 ) (768 -448 24 ) (544 -448 24 ) (256 -160 24 ) 
4 177 178 (256 0 24 ) (256 -96 24 ) (256 -96 32 ) (256 0 32 ) 
4 178 194 (0 0 32 ) (0 0 24 ) (0 -96 24 ) (0 -96 32 ) 
4 178 191 (0 -96 24 ) (0 0 24 ) (256 0 24 ) (256 -96 24 ) 
4 178 179 (0 -96 24 ) (252 -96 24 ) (252 -96 32 ) (0 -96 32 ) 
4 179 194 (0 -96 24 ) (0 -256 24 ) (0 -256 32 ) (0 -96 32 ) 
4 179 192 (0 -256 24 ) (0 -96 24 ) (252 -96 24 ) (252 -256 24 ) 
4 180 181 (774 -128 24 ) (774 -128 4 ) (896 -128 4 ) (896 -128 24 ) 
4 182 190 (768 -224 4 ) (768 -224 24 ) (768 -220 24 ) (768 -220 4 ) 
4 182 189 (768 -224 24 ) (768 -224 4 ) (776 -224 4 ) (776 -224 24 ) 
3 182 185 (776 -224 4 ) (768 -224 4 ) (768 -220 4 ) 
4 182 184 (772 -222 4 ) (770.666626 -221.333313 4 ) (770.666626 -221.333313 24 ) (772 -222 24 ) 
4 182 183 (770.666626 -221.333313 4 ) (768 -220 4 ) (768 -220 24 ) (770.666626 -221.333313 24 ) 
4 183 190 (768 -220 24 ) (768 -216 24 ) (768 -216 4 ) (768 -220 4 ) 
3 183 186 (770.666626 -221.333328 4 ) (768 -220 4 ) (768 -216 4 ) 
4 183 184 (770.666016 -221.332031 24 ) (770.666016 -221.332031 4 ) (770 -220 4 ) (770 -220 24 ) 
3 184 187 (772 -222 4 ) (770.666626 -221.333328 4 ) (770 -220 4 ) 
4 185 190 (768 -220 2 ) (768 -224 2 ) (768 -224 4 ) (768 -220 4 ) 
4 185 189 (768 -224 4 ) (768 -224 2 ) (776 -224 2 ) (776 -224 4 ) 
4 185 187 (770.666626 -221.333313 4 ) (772 -222 4 ) (772 -222 2 ) (770.666626 -221.333313 2 ) 
4 185 186 (768 -220 2 ) (768 -220 4 ) (770.666626 -221.333313 4 ) (770.666626 -221.333313 2 ) 
4 186 190 (768 -216 2 ) (768 -220 2 ) (768 -220 4 ) (768 -216 4 ) 
4 186 187 (770.666016 -221.332031 4 ) (770.666016 -221.332031 2 ) (770 -220 2 ) (770 -220 4 ) 
4 188 189 (992 -224 24 ) (992 -224 2 ) (992 -352 2 ) (992 -352 24 ) 
4 189 190 (768 -224 2 ) (768 -448 2 ) (768 -448 24 ) (768 -224 24 ) 
4 190 191 (256 0 2 ) (256 -96 2 ) (256 -96 24 ) (256 0 24 ) 
4 191 194 (0 0 24 ) (0 0 2 ) (0 -96 2 ) (0 -96 24 ) 
4 191 192 (0 -96 2 ) (252 -96 2 ) (252 -96 24 ) (0 -96 24 ) 
4 192 194 (0 -96 2 ) (0 -256 2 ) (0 -256 24 ) (0 -96 24 ) 
